[2022-08-31 11:46:14] [info]  [12584] Apache Commons Daemon procrun (1.3.1.0 64-bit) started.
[2022-08-31 11:46:14] [info]  [12584] Running Service 'Tomcat10'...
[2022-08-31 11:46:14] [info]  [ 1340] Starting service...
[2022-08-31 11:46:17] [info]  [ 1340] Service started in 2557 milliseconds.
[2022-08-31 14:11:00] [info]  [12584] Service SERVICE_CONTROL_STOP signalled.
[2022-08-31 14:11:00] [info]  [11444] Stopping service...
[2022-08-31 14:11:01] [info]  [11444] Service stop thread completed.
[2022-08-31 14:11:01] [info]  [12584] Run service finished.
[2022-08-31 14:11:01] [info]  [12584] Apache Commons Daemon procrun finished.
[2022-08-31 14:11:02] [info]  [ 2760] Apache Commons Daemon procrun (1.3.1.0 64-bit) started.
[2022-08-31 14:11:02] [info]  [ 2760] Running Service 'Tomcat10'...
[2022-08-31 14:11:02] [info]  [11324] Starting service...
[2022-08-31 14:11:03] [info]  [11324] Service started in 1187 milliseconds.
[2022-08-31 14:46:17] [info]  [ 2760] Service SERVICE_CONTROL_STOP signalled.
[2022-08-31 14:46:17] [info]  [11712] Stopping service...
[2022-08-31 14:46:18] [info]  [11712] Service stop thread completed.
[2022-08-31 14:46:18] [info]  [ 2760] Run service finished.
[2022-08-31 14:46:18] [info]  [ 2760] Apache Commons Daemon procrun finished.
[2022-08-31 14:46:19] [info]  [ 6428] Apache Commons Daemon procrun (1.3.1.0 64-bit) started.
[2022-08-31 14:46:19] [info]  [ 6428] Running Service 'Tomcat10'...
[2022-08-31 14:46:19] [info]  [ 3624] Starting service...
[2022-08-31 14:46:20] [info]  [ 3624] Service started in 1187 milliseconds.
[2022-08-31 14:51:42] [info]  [ 6428] Service SERVICE_CONTROL_STOP signalled.
[2022-08-31 14:51:42] [info]  [11272] Stopping service...
[2022-08-31 14:51:43] [info]  [11272] Service stop thread completed.
[2022-08-31 14:51:43] [info]  [ 6428] Run service finished.
[2022-08-31 14:51:43] [info]  [ 6428] Apache Commons Daemon procrun finished.
[2022-08-31 14:51:44] [info]  [ 8376] Apache Commons Daemon procrun (1.3.1.0 64-bit) started.
[2022-08-31 14:51:44] [info]  [ 8376] Running Service 'Tomcat10'...
[2022-08-31 14:51:44] [info]  [11672] Starting service...
[2022-08-31 14:51:46] [info]  [11672] Service started in 1202 milliseconds.
[2022-08-31 15:59:11] [info]  [ 8376] Service SERVICE_CONTROL_STOP signalled.
[2022-08-31 15:59:11] [info]  [ 6876] Stopping service...
[2022-08-31 15:59:12] [info]  [ 6876] Service stop thread completed.
[2022-08-31 15:59:12] [info]  [ 8376] Run service finished.
[2022-08-31 15:59:12] [info]  [ 8376] Apache Commons Daemon procrun finished.
[2022-08-31 15:59:13] [info]  [11896] Apache Commons Daemon procrun (1.3.1.0 64-bit) started.
[2022-08-31 15:59:13] [info]  [11896] Running Service 'Tomcat10'...
[2022-08-31 15:59:13] [info]  [ 1076] Starting service...
[2022-08-31 15:59:14] [info]  [ 1076] Service started in 1187 milliseconds.
[2022-08-31 16:01:13] [info]  [11896] Service SERVICE_CONTROL_STOP signalled.
[2022-08-31 16:01:13] [info]  [12480] Stopping service...
[2022-08-31 16:01:14] [info]  [12480] Service stop thread completed.
[2022-08-31 16:01:14] [info]  [11896] Run service finished.
[2022-08-31 16:01:14] [info]  [11896] Apache Commons Daemon procrun finished.
[2022-08-31 16:01:15] [info]  [12356] Apache Commons Daemon procrun (1.3.1.0 64-bit) started.
[2022-08-31 16:01:15] [info]  [12356] Running Service 'Tomcat10'...
[2022-08-31 16:01:15] [info]  [10388] Starting service...
[2022-08-31 16:01:16] [info]  [10388] Service started in 1187 milliseconds.
[2022-08-31 16:04:08] [info]  [12356] Service SERVICE_CONTROL_STOP signalled.
[2022-08-31 16:04:09] [info]  [10680] Stopping service...
[2022-08-31 16:04:10] [info]  [10680] Service stop thread completed.
[2022-08-31 16:04:10] [info]  [12356] Run service finished.
[2022-08-31 16:04:10] [info]  [12356] Apache Commons Daemon procrun finished.
[2022-08-31 16:04:10] [info]  [ 6472] Apache Commons Daemon procrun (1.3.1.0 64-bit) started.
[2022-08-31 16:04:11] [info]  [ 6472] Running Service 'Tomcat10'...
[2022-08-31 16:04:11] [info]  [ 7060] Starting service...
[2022-08-31 16:04:12] [info]  [ 7060] Service started in 1187 milliseconds.
[2022-08-31 16:06:38] [info]  [ 6472] Service SERVICE_CONTROL_STOP signalled.
[2022-08-31 16:06:38] [info]  [12196] Stopping service...
[2022-08-31 16:06:39] [info]  [12196] Service stop thread completed.
[2022-08-31 16:06:39] [info]  [ 6472] Run service finished.
[2022-08-31 16:06:39] [info]  [ 6472] Apache Commons Daemon procrun finished.
[2022-08-31 16:06:40] [info]  [ 9900] Apache Commons Daemon procrun (1.3.1.0 64-bit) started.
[2022-08-31 16:06:40] [info]  [ 9900] Running Service 'Tomcat10'...
[2022-08-31 16:06:40] [info]  [ 5948] Starting service...
[2022-08-31 16:06:42] [info]  [ 5948] Service started in 1187 milliseconds.
[2022-08-31 16:16:13] [info]  [ 9900] Service SERVICE_CONTROL_STOP signalled.
[2022-08-31 16:16:13] [info]  [11528] Stopping service...
[2022-08-31 16:16:14] [info]  [11528] Service stop thread completed.
[2022-08-31 16:16:14] [info]  [ 9900] Run service finished.
[2022-08-31 16:16:14] [info]  [ 9900] Apache Commons Daemon procrun finished.
[2022-08-31 16:16:15] [info]  [12928] Apache Commons Daemon procrun (1.3.1.0 64-bit) started.
[2022-08-31 16:16:15] [info]  [12928] Running Service 'Tomcat10'...
[2022-08-31 16:16:15] [info]  [  536] Starting service...
[2022-08-31 16:16:17] [info]  [  536] Service started in 1187 milliseconds.
[2022-08-31 16:41:12] [info]  [12928] Service SERVICE_CONTROL_STOP signalled.
[2022-08-31 16:41:12] [info]  [ 8044] Stopping service...
[2022-08-31 16:41:13] [info]  [ 8044] Service stop thread completed.
[2022-08-31 16:41:13] [info]  [12928] Run service finished.
[2022-08-31 16:41:13] [info]  [12928] Apache Commons Daemon procrun finished.
[2022-08-31 16:41:14] [info]  [ 9292] Apache Commons Daemon procrun (1.3.1.0 64-bit) started.
[2022-08-31 16:41:14] [info]  [ 9292] Running Service 'Tomcat10'...
[2022-08-31 16:41:14] [info]  [ 3932] Starting service...
[2022-08-31 16:41:15] [info]  [ 3932] Service started in 1203 milliseconds.
[2022-09-01 14:40:14] [info]  [ 9292] Service SERVICE_CONTROL_STOP signalled.
[2022-09-01 14:40:14] [info]  [ 5168] Stopping service...
[2022-09-01 14:40:15] [info]  [ 5168] Service stop thread completed.
[2022-09-01 14:40:15] [info]  [ 9292] Run service finished.
[2022-09-01 14:40:15] [info]  [ 9292] Apache Commons Daemon procrun finished.
