[2022-08-15 00:57:53] [info]  [ 1408] Apache Commons Daemon procrun (1.3.1.0 64-bit) started.
[2022-08-15 00:57:53] [info]  [ 1408] Running Service 'Tomcat10'...
[2022-08-15 00:57:53] [info]  [ 7256] Starting service...
[2022-08-15 00:57:55] [info]  [ 7256] Service started in 1882 milliseconds.
[2022-08-15 01:02:30] [info]  [ 1408] Service SERVICE_CONTROL_STOP signalled.
[2022-08-15 01:02:30] [info]  [ 9696] Stopping service...
[2022-08-15 01:02:31] [info]  [ 9696] Service stop thread completed.
[2022-08-15 01:02:31] [info]  [ 1408] Run service finished.
[2022-08-15 01:02:31] [info]  [ 1408] Apache Commons Daemon procrun finished.
[2022-08-15 01:02:32] [info]  [ 6576] Apache Commons Daemon procrun (1.3.1.0 64-bit) started.
[2022-08-15 01:02:32] [info]  [ 6576] Running Service 'Tomcat10'...
[2022-08-15 01:02:32] [info]  [ 5792] Starting service...
[2022-08-15 01:02:33] [info]  [ 5792] Service started in 1203 milliseconds.
[2022-08-15 01:27:48] [info]  [ 6576] Service SERVICE_CONTROL_STOP signalled.
[2022-08-15 01:27:48] [info]  [ 7308] Stopping service...
[2022-08-15 01:27:49] [info]  [ 7308] Service stop thread completed.
[2022-08-15 01:27:49] [info]  [ 6576] Run service finished.
[2022-08-15 01:27:49] [info]  [ 6576] Apache Commons Daemon procrun finished.
[2022-08-15 01:27:50] [info]  [ 8608] Apache Commons Daemon procrun (1.3.1.0 64-bit) started.
[2022-08-15 01:27:50] [info]  [ 8608] Running Service 'Tomcat10'...
[2022-08-15 01:27:50] [info]  [ 7516] Starting service...
[2022-08-15 01:27:52] [info]  [ 7516] Service started in 1201 milliseconds.
[2022-08-15 02:03:05] [info]  [ 8608] Service SERVICE_CONTROL_STOP signalled.
[2022-08-15 02:03:05] [info]  [ 2328] Stopping service...
[2022-08-15 02:03:06] [info]  [ 2328] Service stop thread completed.
[2022-08-15 02:03:06] [info]  [ 8608] Run service finished.
[2022-08-15 02:03:06] [info]  [ 8608] Apache Commons Daemon procrun finished.
[2022-08-15 02:03:07] [info]  [ 9092] Apache Commons Daemon procrun (1.3.1.0 64-bit) started.
[2022-08-15 02:03:07] [info]  [ 9092] Running Service 'Tomcat10'...
[2022-08-15 02:03:07] [info]  [ 7676] Starting service...
[2022-08-15 02:03:08] [info]  [ 7676] Service started in 1738 milliseconds.
[2022-08-15 02:12:59] [info]  [ 9092] Service SERVICE_CONTROL_STOP signalled.
[2022-08-15 02:12:59] [info]  [ 5000] Stopping service...
[2022-08-15 02:13:01] [info]  [ 5000] Service stop thread completed.
[2022-08-15 02:13:01] [info]  [ 9092] Run service finished.
[2022-08-15 02:13:01] [info]  [ 9092] Apache Commons Daemon procrun finished.
[2022-08-15 02:13:02] [info]  [ 8072] Apache Commons Daemon procrun (1.3.1.0 64-bit) started.
[2022-08-15 02:13:02] [info]  [ 8072] Running Service 'Tomcat10'...
[2022-08-15 02:13:02] [info]  [ 5660] Starting service...
[2022-08-15 02:13:03] [info]  [ 5660] Service started in 1218 milliseconds.
[2022-08-15 02:37:24] [info]  [ 8072] Service SERVICE_CONTROL_STOP signalled.
[2022-08-15 02:37:24] [info]  [ 2960] Stopping service...
[2022-08-15 02:37:25] [info]  [ 2960] Service stop thread completed.
[2022-08-15 02:37:25] [info]  [ 8072] Run service finished.
[2022-08-15 02:37:25] [info]  [ 8072] Apache Commons Daemon procrun finished.
[2022-08-15 02:37:26] [info]  [11060] Apache Commons Daemon procrun (1.3.1.0 64-bit) started.
[2022-08-15 02:37:26] [info]  [11060] Running Service 'Tomcat10'...
[2022-08-15 02:37:26] [info]  [ 5616] Starting service...
[2022-08-15 02:37:27] [info]  [ 5616] Service started in 1194 milliseconds.
[2022-08-15 03:12:03] [info]  [11060] Service SERVICE_CONTROL_STOP signalled.
[2022-08-15 03:12:03] [info]  [ 7784] Stopping service...
[2022-08-15 03:12:04] [info]  [ 7784] Service stop thread completed.
[2022-08-15 03:12:04] [info]  [11060] Run service finished.
[2022-08-15 03:12:04] [info]  [11060] Apache Commons Daemon procrun finished.
[2022-08-15 03:12:05] [info]  [ 8152] Apache Commons Daemon procrun (1.3.1.0 64-bit) started.
[2022-08-15 03:12:05] [info]  [ 8152] Running Service 'Tomcat10'...
[2022-08-15 03:12:05] [info]  [10768] Starting service...
[2022-08-15 03:12:06] [info]  [10768] Service started in 1203 milliseconds.
[2022-08-15 03:12:37] [info]  [ 8152] Service SERVICE_CONTROL_STOP signalled.
[2022-08-15 03:12:37] [info]  [ 8752] Stopping service...
[2022-08-15 03:12:38] [info]  [ 8752] Service stop thread completed.
[2022-08-15 03:12:38] [info]  [ 8152] Run service finished.
[2022-08-15 03:12:38] [info]  [ 8152] Apache Commons Daemon procrun finished.
[2022-08-15 03:12:39] [info]  [10440] Apache Commons Daemon procrun (1.3.1.0 64-bit) started.
[2022-08-15 03:12:39] [info]  [10440] Running Service 'Tomcat10'...
[2022-08-15 03:12:39] [info]  [ 1684] Starting service...
[2022-08-15 03:12:40] [info]  [ 1684] Service started in 1206 milliseconds.
[2022-08-15 03:25:28] [info]  [10440] Service SERVICE_CONTROL_STOP signalled.
[2022-08-15 03:25:28] [info]  [ 5060] Stopping service...
[2022-08-15 03:25:29] [info]  [ 5060] Service stop thread completed.
[2022-08-15 03:25:29] [info]  [10440] Run service finished.
[2022-08-15 03:25:29] [info]  [10440] Apache Commons Daemon procrun finished.
[2022-08-15 03:25:30] [info]  [10792] Apache Commons Daemon procrun (1.3.1.0 64-bit) started.
[2022-08-15 03:25:30] [info]  [10792] Running Service 'Tomcat10'...
[2022-08-15 03:25:30] [info]  [ 6592] Starting service...
[2022-08-15 03:25:31] [info]  [ 6592] Service started in 1187 milliseconds.
[2022-08-15 03:27:38] [info]  [10792] Service SERVICE_CONTROL_STOP signalled.
[2022-08-15 03:27:38] [info]  [ 6440] Stopping service...
[2022-08-15 03:27:39] [info]  [ 6440] Service stop thread completed.
[2022-08-15 03:27:40] [info]  [10792] Run service finished.
[2022-08-15 03:27:40] [info]  [10792] Apache Commons Daemon procrun finished.
[2022-08-15 03:27:40] [info]  [ 8460] Apache Commons Daemon procrun (1.3.1.0 64-bit) started.
[2022-08-15 03:27:40] [info]  [ 8460] Running Service 'Tomcat10'...
[2022-08-15 03:27:41] [info]  [ 5700] Starting service...
[2022-08-15 03:27:42] [info]  [ 5700] Service started in 1203 milliseconds.
[2022-08-15 03:29:48] [info]  [ 8460] Service SERVICE_CONTROL_STOP signalled.
[2022-08-15 03:29:48] [info]  [ 2528] Stopping service...
[2022-08-15 03:29:49] [info]  [ 2528] Service stop thread completed.
[2022-08-15 03:29:49] [info]  [ 8460] Run service finished.
[2022-08-15 03:29:49] [info]  [ 8460] Apache Commons Daemon procrun finished.
[2022-08-15 03:29:50] [info]  [ 6512] Apache Commons Daemon procrun (1.3.1.0 64-bit) started.
[2022-08-15 03:29:50] [info]  [ 6512] Running Service 'Tomcat10'...
[2022-08-15 03:29:50] [info]  [ 4248] Starting service...
[2022-08-15 03:29:52] [info]  [ 4248] Service started in 1191 milliseconds.
[2022-08-15 03:31:25] [info]  [ 6512] Service SERVICE_CONTROL_STOP signalled.
[2022-08-15 03:31:25] [info]  [ 1884] Stopping service...
[2022-08-15 03:31:26] [info]  [ 1884] Service stop thread completed.
[2022-08-15 03:31:26] [info]  [ 6512] Run service finished.
[2022-08-15 03:31:26] [info]  [ 6512] Apache Commons Daemon procrun finished.
[2022-08-15 03:31:48] [info]  [ 7708] Apache Commons Daemon procrun (1.3.1.0 64-bit) started.
[2022-08-15 03:31:48] [info]  [ 7708] Running Service 'Tomcat10'...
[2022-08-15 03:31:48] [info]  [ 3984] Starting service...
[2022-08-15 03:31:51] [info]  [ 1032] Apache Commons Daemon procrun (1.3.1.0 64-bit) started.
[2022-08-15 03:31:51] [info]  [ 1032] Running Service 'Tomcat10'...
[2022-08-15 03:31:51] [info]  [ 3980] Starting service...
[2022-08-15 03:31:53] [info]  [ 1700] Apache Commons Daemon procrun (1.3.1.0 64-bit) started.
[2022-08-15 03:31:53] [info]  [ 1700] Running Service 'Tomcat10'...
[2022-08-15 03:31:53] [info]  [ 9988] Starting service...
[2022-08-15 03:32:09] [info]  [ 1812] Apache Commons Daemon procrun (1.3.1.0 64-bit) started.
[2022-08-15 03:32:09] [info]  [ 1812] Running Service 'Tomcat10'...
[2022-08-15 03:32:09] [info]  [ 3356] Starting service...
[2022-08-15 03:32:38] [info]  [ 4364] Apache Commons Daemon procrun (1.3.1.0 64-bit) started.
[2022-08-15 03:32:38] [info]  [ 4364] Running Service 'Tomcat10'...
[2022-08-15 03:32:38] [info]  [ 8220] Starting service...
[2022-08-15 03:32:39] [info]  [ 8220] Service started in 1187 milliseconds.
[2022-08-15 04:00:11] [info]  [ 4364] Service SERVICE_CONTROL_STOP signalled.
[2022-08-15 04:00:11] [info]  [ 7776] Stopping service...
[2022-08-15 04:00:12] [info]  [ 7776] Service stop thread completed.
[2022-08-15 04:00:12] [info]  [ 4364] Run service finished.
[2022-08-15 04:00:12] [info]  [ 4364] Apache Commons Daemon procrun finished.
[2022-08-15 04:00:14] [info]  [10440] Apache Commons Daemon procrun (1.3.1.0 64-bit) started.
[2022-08-15 04:00:14] [info]  [10440] Running Service 'Tomcat10'...
[2022-08-15 04:00:14] [info]  [ 5908] Starting service...
[2022-08-15 04:00:15] [info]  [ 5908] Service started in 1203 milliseconds.
[2022-08-15 04:29:23] [info]  [10440] Service SERVICE_CONTROL_STOP signalled.
[2022-08-15 04:29:23] [info]  [ 1504] Stopping service...
[2022-08-15 04:29:24] [info]  [ 1504] Service stop thread completed.
[2022-08-15 04:29:24] [info]  [10440] Run service finished.
[2022-08-15 04:29:24] [info]  [10440] Apache Commons Daemon procrun finished.
[2022-08-15 04:29:25] [info]  [ 1148] Apache Commons Daemon procrun (1.3.1.0 64-bit) started.
[2022-08-15 04:29:25] [info]  [ 1148] Running Service 'Tomcat10'...
[2022-08-15 04:29:25] [info]  [ 2888] Starting service...
[2022-08-15 04:29:26] [info]  [ 2888] Service started in 1202 milliseconds.
[2022-08-15 05:50:49] [info]  [ 1148] Service SERVICE_CONTROL_STOP signalled.
[2022-08-15 05:50:50] [info]  [ 7188] Stopping service...
[2022-08-15 05:50:51] [info]  [ 7188] Service stop thread completed.
[2022-08-15 05:50:51] [info]  [ 1148] Run service finished.
[2022-08-15 05:50:51] [info]  [ 1148] Apache Commons Daemon procrun finished.
[2022-08-15 05:50:52] [info]  [ 2476] Apache Commons Daemon procrun (1.3.1.0 64-bit) started.
[2022-08-15 05:50:52] [info]  [ 2476] Running Service 'Tomcat10'...
[2022-08-15 05:50:52] [info]  [10916] Starting service...
[2022-08-15 05:50:53] [info]  [10916] Service started in 1203 milliseconds.
[2022-08-15 05:51:35] [info]  [ 2476] Service SERVICE_CONTROL_STOP signalled.
[2022-08-15 05:51:35] [info]  [ 4552] Stopping service...
[2022-08-15 05:51:36] [info]  [ 4552] Service stop thread completed.
[2022-08-15 05:51:36] [info]  [ 2476] Run service finished.
[2022-08-15 05:51:36] [info]  [ 2476] Apache Commons Daemon procrun finished.
[2022-08-15 05:51:38] [info]  [10440] Apache Commons Daemon procrun (1.3.1.0 64-bit) started.
[2022-08-15 05:51:38] [info]  [10440] Running Service 'Tomcat10'...
[2022-08-15 05:51:38] [info]  [ 1536] Starting service...
[2022-08-15 05:51:40] [info]  [ 1536] Service started in 1203 milliseconds.
[2022-08-15 14:41:28] [info]  [10440] Service SERVICE_CONTROL_STOP signalled.
[2022-08-15 14:41:28] [info]  [ 7000] Stopping service...
[2022-08-15 14:41:29] [info]  [ 7000] Service stop thread completed.
[2022-08-15 14:41:29] [info]  [10440] Run service finished.
[2022-08-15 14:41:29] [info]  [10440] Apache Commons Daemon procrun finished.
[2022-08-15 14:41:38] [info]  [10104] Apache Commons Daemon procrun (1.3.1.0 64-bit) started.
[2022-08-15 14:41:38] [info]  [10104] Running Service 'Tomcat10'...
[2022-08-15 14:41:38] [info]  [ 6696] Starting service...
[2022-08-15 14:41:39] [info]  [ 6696] Service started in 1218 milliseconds.
[2022-08-15 18:28:57] [info]  [10104] Service SERVICE_CONTROL_STOP signalled.
[2022-08-15 18:28:57] [info]  [ 3536] Stopping service...
[2022-08-15 18:28:58] [info]  [ 3536] Service stop thread completed.
[2022-08-15 18:28:58] [info]  [10104] Run service finished.
[2022-08-15 18:28:58] [info]  [10104] Apache Commons Daemon procrun finished.
[2022-08-15 18:29:00] [info]  [ 5124] Apache Commons Daemon procrun (1.3.1.0 64-bit) started.
[2022-08-15 18:29:00] [info]  [ 5124] Running Service 'Tomcat10'...
[2022-08-15 18:29:00] [info]  [ 4612] Starting service...
[2022-08-15 18:29:01] [info]  [ 4612] Service started in 1203 milliseconds.
[2022-08-25 04:12:02] [info]  [ 5124] Service SERVICE_CONTROL_INTERROGATE signalled.
[2022-08-29 17:55:00] [info]  [ 5124] Service SERVICE_CONTROL_STOP signalled.
[2022-08-29 17:55:00] [info]  [ 8588] Stopping service...
[2022-08-29 17:55:01] [info]  [ 8588] Service stop thread completed.
[2022-08-29 17:55:01] [info]  [ 5124] Run service finished.
[2022-08-29 17:55:01] [info]  [ 5124] Apache Commons Daemon procrun finished.
