[2022-08-10 13:50:57] [info]  [ 6304] Apache Commons Daemon procrun (1.3.1.0 64-bit) started.
[2022-08-10 13:50:57] [info]  [ 6304] Running Service 'Tomcat10'...
[2022-08-10 13:50:57] [info]  [10080] Starting service...
[2022-08-10 13:50:59] [info]  [10080] Service started in 1738 milliseconds.
[2022-08-10 16:06:52] [info]  [ 6304] Service SERVICE_CONTROL_STOP signalled.
[2022-08-10 16:06:52] [info]  [ 1252] Stopping service...
[2022-08-10 16:06:53] [info]  [ 1252] Service stop thread completed.
[2022-08-10 16:06:53] [info]  [ 6304] Run service finished.
[2022-08-10 16:06:53] [info]  [ 6304] Apache Commons Daemon procrun finished.
[2022-08-10 16:06:54] [info]  [11916] Apache Commons Daemon procrun (1.3.1.0 64-bit) started.
[2022-08-10 16:06:54] [info]  [11916] Running Service 'Tomcat10'...
[2022-08-10 16:06:54] [info]  [10992] Starting service...
[2022-08-10 16:06:55] [info]  [10992] Service started in 1176 milliseconds.
[2022-08-10 16:25:02] [info]  [11916] Service SERVICE_CONTROL_STOP signalled.
[2022-08-10 16:25:02] [info]  [ 5136] Stopping service...
[2022-08-10 16:25:03] [info]  [ 5136] Service stop thread completed.
[2022-08-10 16:25:03] [info]  [11916] Run service finished.
[2022-08-10 16:25:03] [info]  [11916] Apache Commons Daemon procrun finished.
[2022-08-10 16:25:04] [info]  [ 9196] Apache Commons Daemon procrun (1.3.1.0 64-bit) started.
[2022-08-10 16:25:04] [info]  [ 9196] Running Service 'Tomcat10'...
[2022-08-10 16:25:04] [info]  [ 6692] Starting service...
[2022-08-10 16:25:05] [info]  [ 6692] Service started in 1175 milliseconds.
[2022-08-10 16:27:20] [info]  [ 9196] Service SERVICE_CONTROL_STOP signalled.
[2022-08-10 16:27:20] [info]  [ 7476] Stopping service...
[2022-08-10 16:27:21] [info]  [ 7476] Service stop thread completed.
[2022-08-10 16:27:21] [info]  [ 9196] Run service finished.
[2022-08-10 16:27:21] [info]  [ 9196] Apache Commons Daemon procrun finished.
[2022-08-10 16:27:23] [info]  [ 1372] Apache Commons Daemon procrun (1.3.1.0 64-bit) started.
[2022-08-10 16:27:23] [info]  [ 1372] Running Service 'Tomcat10'...
[2022-08-10 16:27:23] [info]  [ 8048] Starting service...
[2022-08-10 16:27:24] [info]  [ 8048] Service started in 1194 milliseconds.
[2022-08-10 17:48:18] [info]  [11052] Console SHUTDOWN event signaled.
[2022-08-10 17:48:18] [info]  [11052] Stopping service...
[2022-08-10 17:48:19] [info]  [11052] Service stop thread completed.
[2022-08-10 17:48:19] [info]  [ 1372] Run service finished.
[2022-08-10 17:48:19] [info]  [ 1372] Apache Commons Daemon procrun finished.
