[2022-09-25 17:10:24] [info]  [ 9196] Apache Commons Daemon procrun (1.3.1.0 64-bit) started.
[2022-09-25 17:10:24] [info]  [ 9196] Running Service 'Tomcat10'...
[2022-09-25 17:10:24] [info]  [10584] Starting service...
[2022-09-25 17:10:26] [info]  [10584] Service started in 1878 milliseconds.
[2022-09-25 17:11:08] [info]  [ 9196] Service SERVICE_CONTROL_STOP signalled.
[2022-09-25 17:11:08] [info]  [ 6588] Stopping service...
[2022-09-25 17:11:09] [info]  [ 6588] Service stop thread completed.
[2022-09-25 17:11:09] [info]  [ 9196] Run service finished.
[2022-09-25 17:11:09] [info]  [ 9196] Apache Commons Daemon procrun finished.
[2022-09-25 17:11:10] [info]  [ 9008] Apache Commons Daemon procrun (1.3.1.0 64-bit) started.
[2022-09-25 17:11:10] [info]  [ 9008] Running Service 'Tomcat10'...
[2022-09-25 17:11:10] [info]  [ 3000] Starting service...
[2022-09-25 17:11:11] [info]  [ 3000] Service started in 1185 milliseconds.
[2022-09-25 17:17:39] [info]  [ 9008] Service SERVICE_CONTROL_STOP signalled.
[2022-09-25 17:17:39] [info]  [ 3748] Stopping service...
[2022-09-25 17:17:40] [info]  [ 3748] Service stop thread completed.
[2022-09-25 17:17:40] [info]  [ 9008] Run service finished.
[2022-09-25 17:17:40] [info]  [ 9008] Apache Commons Daemon procrun finished.
[2022-09-25 17:17:41] [info]  [ 9308] Apache Commons Daemon procrun (1.3.1.0 64-bit) started.
[2022-09-25 17:17:41] [info]  [ 9308] Running Service 'Tomcat10'...
[2022-09-25 17:17:41] [info]  [ 3652] Starting service...
[2022-09-25 17:17:42] [info]  [ 3652] Service started in 1196 milliseconds.
[2022-10-03 04:44:10] [info]  [ 9308] Service SERVICE_CONTROL_INTERROGATE signalled.
[2022-10-12 04:26:11] [info]  [ 5344] Console SHUTDOWN event signaled.
[2022-10-12 04:26:11] [info]  [ 5344] Stopping service...
[2022-10-12 04:26:12] [info]  [ 5344] Service stop thread completed.
[2022-10-12 04:26:13] [info]  [ 9308] Run service finished.
[2022-10-12 04:26:13] [info]  [ 9308] Apache Commons Daemon procrun finished.
