[2022-09-04 16:48:32] [info]  [ 8316] Apache Commons Daemon procrun (1.3.1.0 64-bit) started.
[2022-09-04 16:48:32] [info]  [ 8316] Running Service 'Tomcat10'...
[2022-09-04 16:48:32] [info]  [ 7492] Starting service...
[2022-09-04 16:48:48] [info]  [ 7280] Apache Commons Daemon procrun (1.3.1.0 64-bit) started.
[2022-09-04 16:48:48] [info]  [ 7280] Running Service 'Tomcat10'...
[2022-09-04 16:48:48] [info]  [ 4440] Starting service...
[2022-09-04 17:01:51] [info]  [ 1148] Apache Commons Daemon procrun (1.3.1.0 64-bit) started.
[2022-09-04 17:01:52] [info]  [ 1148] Running Service 'Tomcat10'...
[2022-09-04 17:01:52] [info]  [ 2984] Starting service...
[2022-09-04 17:01:53] [info]  [ 2984] Service started in 1728 milliseconds.
[2022-09-04 17:04:16] [info]  [ 1148] Service SERVICE_CONTROL_STOP signalled.
[2022-09-04 17:04:16] [info]  [ 8552] Stopping service...
[2022-09-04 17:04:17] [info]  [ 8552] Service stop thread completed.
[2022-09-04 17:04:17] [info]  [ 1148] Run service finished.
[2022-09-04 17:04:17] [info]  [ 1148] Apache Commons Daemon procrun finished.
[2022-09-04 17:04:18] [info]  [ 3392] Apache Commons Daemon procrun (1.3.1.0 64-bit) started.
[2022-09-04 17:04:18] [info]  [ 3392] Running Service 'Tomcat10'...
[2022-09-04 17:04:18] [info]  [ 7044] Starting service...
[2022-09-04 17:04:19] [info]  [ 7044] Service started in 1198 milliseconds.
[2022-09-04 17:05:08] [info]  [ 3392] Service SERVICE_CONTROL_STOP signalled.
[2022-09-04 17:05:08] [info]  [ 7636] Stopping service...
[2022-09-04 17:05:09] [info]  [ 7636] Service stop thread completed.
[2022-09-04 17:05:09] [info]  [ 3392] Run service finished.
[2022-09-04 17:05:09] [info]  [ 3392] Apache Commons Daemon procrun finished.
[2022-09-04 17:05:10] [info]  [ 6680] Apache Commons Daemon procrun (1.3.1.0 64-bit) started.
[2022-09-04 17:05:10] [info]  [ 6680] Running Service 'Tomcat10'...
[2022-09-04 17:05:10] [info]  [ 7912] Starting service...
[2022-09-04 17:05:11] [info]  [ 7912] Service started in 1198 milliseconds.
[2022-09-04 17:09:44] [info]  [ 6680] Service SERVICE_CONTROL_STOP signalled.
[2022-09-04 17:09:44] [info]  [ 7936] Stopping service...
[2022-09-04 17:09:45] [info]  [ 7936] Service stop thread completed.
[2022-09-04 17:09:45] [info]  [ 6680] Run service finished.
[2022-09-04 17:09:45] [info]  [ 6680] Apache Commons Daemon procrun finished.
[2022-09-04 17:09:46] [info]  [ 7396] Apache Commons Daemon procrun (1.3.1.0 64-bit) started.
[2022-09-04 17:09:46] [info]  [ 7396] Running Service 'Tomcat10'...
[2022-09-04 17:09:46] [info]  [ 7636] Starting service...
[2022-09-04 17:09:48] [info]  [ 7636] Service started in 1176 milliseconds.
[2022-09-04 17:20:11] [info]  [ 4840] Console SHUTDOWN event signaled.
[2022-09-04 17:20:11] [info]  [ 4840] Stopping service...
[2022-09-04 17:20:12] [info]  [ 4840] Service stop thread completed.
[2022-09-04 17:20:12] [info]  [ 7396] Run service finished.
[2022-09-04 17:20:12] [info]  [ 7396] Apache Commons Daemon procrun finished.
[2022-09-04 17:23:19] [info]  [ 2172] Apache Commons Daemon procrun (1.3.1.0 64-bit) started.
[2022-09-04 17:23:20] [info]  [ 2172] Running Service 'Tomcat10'...
[2022-09-04 17:23:20] [info]  [ 2676] Starting service...
[2022-09-04 17:23:22] [info]  [ 2676] Service started in 2405 milliseconds.
[2022-09-04 18:38:59] [info]  [ 1792] Console SHUTDOWN event signaled.
[2022-09-04 18:38:59] [info]  [ 1792] Stopping service...
[2022-09-04 18:39:00] [info]  [ 1792] Service stop thread completed.
[2022-09-04 18:39:01] [info]  [ 2172] Run service finished.
[2022-09-04 18:39:01] [info]  [ 2172] Apache Commons Daemon procrun finished.
[2022-09-04 18:41:57] [info]  [ 7584] Apache Commons Daemon procrun (1.3.1.0 64-bit) started.
[2022-09-04 18:41:57] [info]  [ 7584] Running Service 'Tomcat10'...
[2022-09-04 18:41:57] [info]  [ 6696] Starting service...
[2022-09-04 18:42:01] [info]  [ 6696] Service started in 4191 milliseconds.
[2022-09-04 18:56:03] [info]  [ 4796] Console SHUTDOWN event signaled.
[2022-09-04 18:56:03] [info]  [ 4796] Stopping service...
[2022-09-04 18:56:04] [info]  [ 4796] Service stop thread completed.
[2022-09-04 18:56:04] [info]  [ 7584] Run service finished.
[2022-09-04 18:56:04] [info]  [ 7584] Apache Commons Daemon procrun finished.
[2022-09-04 18:59:33] [info]  [ 6596] Apache Commons Daemon procrun (1.3.1.0 64-bit) started.
[2022-09-04 18:59:34] [info]  [ 6596] Running Service 'Tomcat10'...
[2022-09-04 18:59:34] [info]  [ 6680] Starting service...
[2022-09-04 18:59:36] [info]  [ 6680] Service started in 2343 milliseconds.
[2022-09-04 20:58:04] [info]  [ 7972] Console SHUTDOWN event signaled.
[2022-09-04 20:58:04] [info]  [ 7972] Stopping service...
[2022-09-04 20:58:05] [info]  [ 7972] Service stop thread completed.
[2022-09-04 20:58:05] [info]  [ 6596] Run service finished.
[2022-09-04 20:58:05] [info]  [ 6596] Apache Commons Daemon procrun finished.
