[2022-09-07 09:32:56] [info]  [ 9248] Apache Commons Daemon procrun (1.3.1.0 64-bit) started.
[2022-09-07 09:32:56] [info]  [ 9248] Running Service 'Tomcat10'...
[2022-09-07 09:32:56] [info]  [ 2288] Starting service...
[2022-09-07 09:32:59] [info]  [ 2288] Service started in 2357 milliseconds.
[2022-09-07 09:35:27] [info]  [ 9248] Service SERVICE_CONTROL_STOP signalled.
[2022-09-07 09:35:28] [info]  [ 9304] Stopping service...
[2022-09-07 09:35:29] [info]  [ 9304] Service stop thread completed.
[2022-09-07 09:35:29] [info]  [ 9248] Run service finished.
[2022-09-07 09:35:29] [info]  [ 9248] Apache Commons Daemon procrun finished.
[2022-09-07 09:35:55] [info]  [ 8920] Apache Commons Daemon procrun (1.3.1.0 64-bit) started.
[2022-09-07 09:35:55] [info]  [ 8920] Running Service 'Tomcat10'...
[2022-09-07 09:35:55] [info]  [ 2136] Starting service...
[2022-09-07 09:35:56] [info]  [ 2136] Service started in 1203 milliseconds.
[2022-09-07 09:46:47] [info]  [ 8920] Service SERVICE_CONTROL_STOP signalled.
[2022-09-07 09:46:47] [info]  [  640] Stopping service...
[2022-09-07 09:46:48] [info]  [  640] Service stop thread completed.
[2022-09-07 09:46:48] [info]  [ 8920] Run service finished.
[2022-09-07 09:46:48] [info]  [ 8920] Apache Commons Daemon procrun finished.
[2022-09-07 09:46:49] [info]  [ 3064] Apache Commons Daemon procrun (1.3.1.0 64-bit) started.
[2022-09-07 09:46:49] [info]  [ 3064] Running Service 'Tomcat10'...
[2022-09-07 09:46:49] [info]  [ 7616] Starting service...
[2022-09-07 09:46:51] [info]  [ 7616] Service started in 1187 milliseconds.
[2022-09-07 09:48:18] [info]  [ 3064] Service SERVICE_CONTROL_STOP signalled.
[2022-09-07 09:48:18] [info]  [10216] Stopping service...
[2022-09-07 09:48:19] [info]  [10216] Service stop thread completed.
[2022-09-07 09:48:19] [info]  [ 3064] Run service finished.
[2022-09-07 09:48:19] [info]  [ 3064] Apache Commons Daemon procrun finished.
[2022-09-07 09:48:20] [info]  [  548] Apache Commons Daemon procrun (1.3.1.0 64-bit) started.
[2022-09-07 09:48:20] [info]  [  548] Running Service 'Tomcat10'...
[2022-09-07 09:48:20] [info]  [ 8536] Starting service...
[2022-09-07 09:48:21] [info]  [ 8536] Service started in 1187 milliseconds.
[2022-09-15 19:15:47] [info]  [13272] Console SHUTDOWN event signaled.
[2022-09-15 19:15:47] [info]  [13272] Stopping service...
[2022-09-15 19:15:49] [info]  [13272] Service stop thread completed.
[2022-09-15 19:15:50] [info]  [  548] Run service finished.
[2022-09-15 19:15:50] [info]  [  548] Apache Commons Daemon procrun finished.
