[2022-08-14 23:43:19] [info]  [ 7864] Apache Commons Daemon procrun (1.3.1.0 64-bit) started.
[2022-08-14 23:43:19] [info]  [ 7864] Running Service 'Tomcat10'...
[2022-08-14 23:43:20] [info]  [ 3308] Starting service...
[2022-08-14 23:43:23] [info]  [ 3308] Service started in 2890 milliseconds.
[2022-08-14 23:43:35] [info]  [ 7864] Service SERVICE_CONTROL_STOP signalled.
[2022-08-14 23:43:35] [info]  [  724] Stopping service...
[2022-08-14 23:43:36] [info]  [  724] Service stop thread completed.
[2022-08-14 23:43:36] [info]  [ 7864] Run service finished.
[2022-08-14 23:43:36] [info]  [ 7864] Apache Commons Daemon procrun finished.
[2022-08-14 23:43:37] [info]  [ 6536] Apache Commons Daemon procrun (1.3.1.0 64-bit) started.
[2022-08-14 23:43:37] [info]  [ 6536] Running Service 'Tomcat10'...
[2022-08-14 23:43:37] [info]  [ 6212] Starting service...
[2022-08-14 23:43:38] [info]  [ 6212] Service started in 1192 milliseconds.
[2022-08-14 23:51:48] [info]  [ 6536] Service SERVICE_CONTROL_STOP signalled.
[2022-08-14 23:51:48] [info]  [10428] Stopping service...
[2022-08-14 23:51:49] [info]  [10428] Service stop thread completed.
[2022-08-14 23:51:49] [info]  [ 6536] Run service finished.
[2022-08-14 23:51:50] [info]  [ 6536] Apache Commons Daemon procrun finished.
[2022-08-14 23:52:29] [info]  [ 7988] Apache Commons Daemon procrun (1.3.1.0 64-bit) started.
[2022-08-14 23:52:29] [info]  [ 7988] Running Service 'Tomcat10'...
[2022-08-14 23:52:29] [info]  [ 8380] Starting service...
[2022-08-14 23:52:31] [info]  [ 8380] Service started in 1203 milliseconds.
[2022-08-14 23:53:28] [info]  [ 7988] Service SERVICE_CONTROL_STOP signalled.
[2022-08-14 23:53:28] [info]  [ 5792] Stopping service...
[2022-08-14 23:53:29] [info]  [ 5792] Service stop thread completed.
[2022-08-14 23:53:29] [info]  [ 7988] Run service finished.
[2022-08-14 23:53:29] [info]  [ 7988] Apache Commons Daemon procrun finished.
[2022-08-14 23:53:30] [info]  [11544] Apache Commons Daemon procrun (1.3.1.0 64-bit) started.
[2022-08-14 23:53:30] [info]  [11544] Running Service 'Tomcat10'...
[2022-08-14 23:53:30] [info]  [11332] Starting service...
[2022-08-14 23:53:31] [info]  [11332] Service started in 1187 milliseconds.
[2022-08-14 23:54:25] [info]  [11544] Service SERVICE_CONTROL_STOP signalled.
[2022-08-14 23:54:25] [info]  [11464] Stopping service...
[2022-08-14 23:54:26] [info]  [11464] Service stop thread completed.
[2022-08-14 23:54:26] [info]  [11544] Run service finished.
[2022-08-14 23:54:26] [info]  [11544] Apache Commons Daemon procrun finished.
[2022-08-14 23:54:27] [info]  [ 8972] Apache Commons Daemon procrun (1.3.1.0 64-bit) started.
[2022-08-14 23:54:27] [info]  [ 8972] Running Service 'Tomcat10'...
[2022-08-14 23:54:27] [info]  [10760] Starting service...
[2022-08-14 23:54:29] [info]  [10760] Service started in 1187 milliseconds.
[2022-08-14 23:55:26] [info]  [ 2612] Console SHUTDOWN event signaled.
[2022-08-14 23:55:26] [info]  [ 2612] Stopping service...
[2022-08-14 23:55:27] [info]  [ 2612] Service stop thread completed.
[2022-08-14 23:55:27] [info]  [ 8972] Run service finished.
[2022-08-14 23:55:27] [info]  [ 8972] Apache Commons Daemon procrun finished.
