[2022-08-09 19:57:23] [info]  [10356] Apache Commons Daemon procrun (1.3.1.0 64-bit) started.
[2022-08-09 19:57:23] [info]  [10356] Running Service 'Tomcat10'...
[2022-08-09 19:57:23] [info]  [ 6168] Starting service...
[2022-08-09 19:57:24] [info]  [ 6168] Service started in 1197 milliseconds.
[2022-08-09 19:57:25] [info]  [10356] Run service finished.
[2022-08-09 19:57:26] [info]  [10356] Apache Commons Daemon procrun finished.
[2022-08-09 19:57:41] [info]  [ 6524] Apache Commons Daemon procrun (1.3.1.0 64-bit) started.
[2022-08-09 19:57:41] [info]  [ 6524] Running Service 'Tomcat10'...
[2022-08-09 19:57:41] [info]  [ 5940] Starting service...
[2022-08-09 19:57:42] [info]  [ 5940] Service started in 1182 milliseconds.
[2022-08-09 19:57:44] [info]  [ 6524] Run service finished.
[2022-08-09 19:57:44] [info]  [ 6524] Apache Commons Daemon procrun finished.
[2022-08-09 20:22:40] [info]  [ 4676] Apache Commons Daemon procrun (1.3.1.0 64-bit) started.
[2022-08-09 20:22:40] [info]  [ 4676] Running Service 'Tomcat10'...
[2022-08-09 20:22:40] [info]  [ 7392] Starting service...
[2022-08-09 20:22:41] [info]  [ 7392] Service started in 1201 milliseconds.
[2022-08-09 20:29:04] [info]  [ 4676] Service SERVICE_CONTROL_STOP signalled.
[2022-08-09 20:29:04] [info]  [ 7644] Stopping service...
[2022-08-09 20:29:06] [info]  [ 7644] Service stop thread completed.
[2022-08-09 20:29:06] [info]  [ 4676] Run service finished.
[2022-08-09 20:29:06] [info]  [ 4676] Apache Commons Daemon procrun finished.
[2022-08-09 20:40:20] [info]  [ 1756] Apache Commons Daemon procrun (1.3.1.0 64-bit) started.
[2022-08-09 20:40:20] [info]  [ 1756] Running Service 'Tomcat10'...
[2022-08-09 20:40:20] [info]  [ 2152] Starting service...
[2022-08-09 20:40:21] [info]  [ 2152] Service started in 1197 milliseconds.
[2022-08-09 20:59:12] [info]  [ 1756] Service SERVICE_CONTROL_STOP signalled.
[2022-08-09 20:59:12] [info]  [ 6672] Stopping service...
[2022-08-09 20:59:13] [info]  [ 6672] Service stop thread completed.
[2022-08-09 20:59:13] [info]  [ 1756] Run service finished.
[2022-08-09 20:59:13] [info]  [ 1756] Apache Commons Daemon procrun finished.
[2022-08-09 21:29:07] [info]  [ 1960] Apache Commons Daemon procrun (1.3.1.0 64-bit) started.
[2022-08-09 21:29:07] [info]  [ 1960] Running Service 'Tomcat10'...
[2022-08-09 21:29:07] [info]  [ 4576] Starting service...
[2022-08-09 21:29:09] [info]  [ 4576] Service started in 1365 milliseconds.
[2022-08-09 21:29:11] [info]  [ 1960] Run service finished.
[2022-08-09 21:29:11] [info]  [ 1960] Apache Commons Daemon procrun finished.
[2022-08-09 21:31:13] [info]  [ 6012] Apache Commons Daemon procrun (1.3.1.0 64-bit) started.
[2022-08-09 21:31:13] [info]  [ 6012] Running Service 'Tomcat10'...
[2022-08-09 21:31:13] [info]  [ 1300] Starting service...
[2022-08-09 21:31:15] [info]  [ 1300] Service started in 1185 milliseconds.
[2022-08-10 13:50:55] [info]  [ 6012] Service SERVICE_CONTROL_STOP signalled.
[2022-08-10 13:50:55] [info]  [ 4524] Stopping service...
[2022-08-10 13:50:56] [info]  [ 4524] Service stop thread completed.
[2022-08-10 13:50:56] [info]  [ 6012] Run service finished.
[2022-08-10 13:50:56] [info]  [ 6012] Apache Commons Daemon procrun finished.
