[2022-09-01 14:40:16] [info]  [11660] Apache Commons Daemon procrun (1.3.1.0 64-bit) started.
[2022-09-01 14:40:16] [info]  [11660] Running Service 'Tomcat10'...
[2022-09-01 14:40:16] [info]  [11772] Starting service...
[2022-09-01 14:40:19] [info]  [11772] Service started in 2812 milliseconds.
[2022-09-01 14:44:44] [info]  [11660] Service SERVICE_CONTROL_STOP signalled.
[2022-09-01 14:44:44] [info]  [ 9276] Stopping service...
[2022-09-01 14:44:46] [info]  [ 9276] Service stop thread completed.
[2022-09-01 14:44:46] [info]  [11660] Run service finished.
[2022-09-01 14:44:46] [info]  [11660] Apache Commons Daemon procrun finished.
[2022-09-01 14:44:46] [info]  [11888] Apache Commons Daemon procrun (1.3.1.0 64-bit) started.
[2022-09-01 14:44:46] [info]  [11888] Running Service 'Tomcat10'...
[2022-09-01 14:44:46] [info]  [ 9520] Starting service...
[2022-09-01 14:44:48] [info]  [ 9520] Service started in 1178 milliseconds.
[2022-09-01 18:52:26] [info]  [ 7164] Console SHUTDOWN event signaled.
[2022-09-01 18:52:26] [info]  [ 7164] Stopping service...
[2022-09-01 18:52:27] [info]  [ 7164] Service stop thread completed.
[2022-09-01 18:52:27] [info]  [11888] Run service finished.
[2022-09-01 18:52:27] [info]  [11888] Apache Commons Daemon procrun finished.
[2022-09-01 18:55:36] [info]  [ 7020] Apache Commons Daemon procrun (1.3.1.0 64-bit) started.
[2022-09-01 18:55:37] [info]  [ 7020] Running Service 'Tomcat10'...
[2022-09-01 18:55:37] [info]  [10652] Starting service...
[2022-09-01 18:55:53] [info]  [10652] Service started in 15671 milliseconds.
[2022-09-02 10:38:52] [info]  [  416] Console SHUTDOWN event signaled.
[2022-09-02 10:38:52] [info]  [  416] Stopping service...
[2022-09-02 10:38:53] [info]  [  416] Service stop thread completed.
[2022-09-02 10:38:54] [info]  [ 7020] Run service finished.
[2022-09-02 10:38:54] [info]  [ 7020] Apache Commons Daemon procrun finished.
