[2022-08-13 19:35:07] [info]  [ 9604] Apache Commons Daemon procrun (1.3.1.0 64-bit) started.
[2022-08-13 19:35:07] [info]  [ 9604] Running Service 'Tomcat10'...
[2022-08-13 19:35:07] [info]  [ 9060] Starting service...
[2022-08-13 19:35:10] [info]  [ 9060] Service started in 2031 milliseconds.
[2022-08-13 20:59:52] [info]  [ 9604] Service SERVICE_CONTROL_STOP signalled.
[2022-08-13 20:59:53] [info]  [ 3832] Stopping service...
[2022-08-13 20:59:54] [info]  [ 3832] Service stop thread completed.
[2022-08-13 20:59:54] [info]  [ 9604] Run service finished.
[2022-08-13 20:59:54] [info]  [ 9604] Apache Commons Daemon procrun finished.
[2022-08-13 21:02:10] [info]  [ 8916] Apache Commons Daemon procrun (1.3.1.0 64-bit) started.
[2022-08-13 21:02:10] [info]  [ 8916] Running Service 'Tomcat10'...
[2022-08-13 21:02:10] [info]  [ 4748] Starting service...
[2022-08-13 21:02:12] [info]  [ 4748] Service started in 1203 milliseconds.
[2022-08-13 21:02:21] [info]  [ 8916] Service SERVICE_CONTROL_STOP signalled.
[2022-08-13 21:02:21] [info]  [10608] Stopping service...
[2022-08-13 21:02:22] [info]  [10608] Service stop thread completed.
[2022-08-13 21:02:23] [info]  [ 8916] Run service finished.
[2022-08-13 21:02:23] [info]  [ 8916] Apache Commons Daemon procrun finished.
[2022-08-13 21:08:51] [info]  [10720] Apache Commons Daemon procrun (1.3.1.0 64-bit) started.
[2022-08-13 21:08:51] [info]  [10720] Running Service 'Tomcat10'...
[2022-08-13 21:08:51] [info]  [10896] Starting service...
[2022-08-13 21:08:52] [info]  [10896] Service started in 1203 milliseconds.
[2022-08-14 23:42:43] [info]  [10720] Service SERVICE_CONTROL_STOP signalled.
[2022-08-14 23:42:43] [info]  [ 4284] Stopping service...
[2022-08-14 23:42:44] [info]  [ 4284] Service stop thread completed.
[2022-08-14 23:42:44] [info]  [10720] Run service finished.
[2022-08-14 23:42:44] [info]  [10720] Apache Commons Daemon procrun finished.
