
2022-08-10 13:50:57 Apache Commons Daemon procrun stderr initialized.
10-Aug-2022 13:50:58.527 INFO [main] org.apache.catalina.startup.VersionLoggerListener.log 서버 버전 이름:    Apache Tomcat/10.0.22
10-Aug-2022 13:50:58.534 INFO [main] org.apache.catalina.startup.VersionLoggerListener.log Server 빌드 시각:  Jun 2 2022 16:53:56 UTC
10-Aug-2022 13:50:58.534 INFO [main] org.apache.catalina.startup.VersionLoggerListener.log Server 버전 번호:  10.0.22.0
10-Aug-2022 13:50:58.534 INFO [main] org.apache.catalina.startup.VersionLoggerListener.log 운영체제 이름:     Windows 10
10-Aug-2022 13:50:58.534 INFO [main] org.apache.catalina.startup.VersionLoggerListener.log 운영체제 버전:     10.0
10-Aug-2022 13:50:58.534 INFO [main] org.apache.catalina.startup.VersionLoggerListener.log 아키텍처:          amd64
10-Aug-2022 13:50:58.534 INFO [main] org.apache.catalina.startup.VersionLoggerListener.log 자바 홈:           C:\Program Files\Java\jdk-17.0.4
10-Aug-2022 13:50:58.534 INFO [main] org.apache.catalina.startup.VersionLoggerListener.log JVM 버전:          17.0.4+11-LTS-179
10-Aug-2022 13:50:58.534 INFO [main] org.apache.catalina.startup.VersionLoggerListener.log JVM 벤더:          Oracle Corporation
10-Aug-2022 13:50:58.534 INFO [main] org.apache.catalina.startup.VersionLoggerListener.log CATALINA_BASE:     C:\apache-tomcat-10.0.22
10-Aug-2022 13:50:58.534 INFO [main] org.apache.catalina.startup.VersionLoggerListener.log CATALINA_HOME:     C:\apache-tomcat-10.0.22
10-Aug-2022 13:50:58.596 INFO [main] org.apache.catalina.startup.VersionLoggerListener.log 명령 행 아규먼트:  -Dcatalina.home=C:\apache-tomcat-10.0.22
10-Aug-2022 13:50:58.596 INFO [main] org.apache.catalina.startup.VersionLoggerListener.log 명령 행 아규먼트:  -Dcatalina.base=C:\apache-tomcat-10.0.22
10-Aug-2022 13:50:58.596 INFO [main] org.apache.catalina.startup.VersionLoggerListener.log 명령 행 아규먼트:  -Dignore.endorsed.dirs=C:\apache-tomcat-10.0.22\endorsed
10-Aug-2022 13:50:58.596 INFO [main] org.apache.catalina.startup.VersionLoggerListener.log 명령 행 아규먼트:  -Djava.io.tmpdir=C:\apache-tomcat-10.0.22\temp
10-Aug-2022 13:50:58.596 INFO [main] org.apache.catalina.startup.VersionLoggerListener.log 명령 행 아규먼트:  -Djava.util.logging.manager=org.apache.juli.ClassLoaderLogManager
10-Aug-2022 13:50:58.596 INFO [main] org.apache.catalina.startup.VersionLoggerListener.log 명령 행 아규먼트:  -Djava.util.logging.config.file=C:\apache-tomcat-10.0.22\conf\logging.properties
10-Aug-2022 13:50:58.596 INFO [main] org.apache.catalina.startup.VersionLoggerListener.log 명령 행 아규먼트:  --add-opens=java.base/java.lang=ALL-UNNAMED
10-Aug-2022 13:50:58.596 INFO [main] org.apache.catalina.startup.VersionLoggerListener.log 명령 행 아규먼트:  --add-opens=java.base/java.io=ALL-UNNAMED
10-Aug-2022 13:50:58.596 INFO [main] org.apache.catalina.startup.VersionLoggerListener.log 명령 행 아규먼트:  --add-opens=java.base/java.util=ALL-UNNAMED
10-Aug-2022 13:50:58.596 INFO [main] org.apache.catalina.startup.VersionLoggerListener.log 명령 행 아규먼트:  --add-opens=java.base/java.util.concurrent=ALL-UNNAMED
10-Aug-2022 13:50:58.596 INFO [main] org.apache.catalina.startup.VersionLoggerListener.log 명령 행 아규먼트:  --add-opens=java.rmi/sun.rmi.transport=ALL-UNNAMED
10-Aug-2022 13:50:58.596 INFO [main] org.apache.catalina.startup.VersionLoggerListener.log 명령 행 아규먼트:  exit
10-Aug-2022 13:50:58.596 INFO [main] org.apache.catalina.startup.VersionLoggerListener.log 명령 행 아규먼트:  abort
10-Aug-2022 13:50:58.596 INFO [main] org.apache.catalina.startup.VersionLoggerListener.log 명령 행 아규먼트:  -Xms128m
10-Aug-2022 13:50:58.596 INFO [main] org.apache.catalina.startup.VersionLoggerListener.log 명령 행 아규먼트:  -Xmx256m
10-Aug-2022 13:50:58.596 INFO [main] org.apache.catalina.core.AprLifecycleListener.lifecycleEvent APR 버전 [1.7.0]을(를) 사용한, APR 기반 Apache Tomcat Native 라이브러리 [1.2.33]을(를) 로드했습니다.
10-Aug-2022 13:50:58.596 INFO [main] org.apache.catalina.core.AprLifecycleListener.lifecycleEvent APR 용량정보들: IPv6 [true], sendfile [true], accept filters [false], random [true], UDS [true].
10-Aug-2022 13:50:58.606 INFO [main] org.apache.catalina.core.AprLifecycleListener.initializeSSL OpenSSL이 성공적으로 초기화되었습니다: [OpenSSL 1.1.1o  3 May 2022]
10-Aug-2022 13:50:58.906 INFO [main] org.apache.coyote.AbstractProtocol.init 프로토콜 핸들러 ["http-nio-80"]을(를) 초기화합니다.
10-Aug-2022 13:50:58.966 INFO [main] org.apache.coyote.AbstractProtocol.init 프로토콜 핸들러 ["http-nio-9080"]을(를) 초기화합니다.
10-Aug-2022 13:50:58.966 INFO [main] org.apache.catalina.startup.Catalina.load [739] 밀리초 내에 서버가 초기화되었습니다.
10-Aug-2022 13:50:59.026 INFO [main] org.apache.catalina.core.StandardService.startInternal 서비스 [Catalina]을(를) 시작합니다.
10-Aug-2022 13:50:59.026 INFO [main] org.apache.catalina.core.StandardEngine.startInternal 서버 엔진을 시작합니다: [Apache Tomcat/10.0.22]
10-Aug-2022 13:50:59.692 INFO [main] org.apache.jasper.servlet.TldScanner.scanJars 적어도 하나의 JAR가 TLD들을 찾기 위해 스캔되었으나 아무 것도 찾지 못했습니다. 스캔했으나 TLD가 없는 JAR들의 전체 목록을 보시려면, 로그 레벨을 디버그 레벨로 설정하십시오. 스캔 과정에서 불필요한 JAR들을 건너뛰면, 시스템 시작 시간과 JSP 컴파일 시간을 단축시킬 수 있습니다.
10-Aug-2022 13:50:59.812 INFO [main] org.apache.catalina.startup.HostConfig.deployDirectory 웹 애플리케이션 디렉토리 [C:\apache-tomcat-10.0.22\webapps\BBS]을(를) 배치합니다.
10-Aug-2022 13:50:59.952 INFO [main] org.apache.jasper.servlet.TldScanner.scanJars 적어도 하나의 JAR가 TLD들을 찾기 위해 스캔되었으나 아무 것도 찾지 못했습니다. 스캔했으나 TLD가 없는 JAR들의 전체 목록을 보시려면, 로그 레벨을 디버그 레벨로 설정하십시오. 스캔 과정에서 불필요한 JAR들을 건너뛰면, 시스템 시작 시간과 JSP 컴파일 시간을 단축시킬 수 있습니다.
10-Aug-2022 13:50:59.952 INFO [main] org.apache.catalina.startup.HostConfig.deployDirectory 웹 애플리케이션 디렉토리 [C:\apache-tomcat-10.0.22\webapps\BBS]에 대한 배치가 [140] 밀리초에 완료되었습니다.
10-Aug-2022 13:50:59.952 INFO [main] org.apache.catalina.startup.HostConfig.deployDirectory 웹 애플리케이션 디렉토리 [C:\apache-tomcat-10.0.22\webapps\docs]을(를) 배치합니다.
10-Aug-2022 13:51:00.014 INFO [main] org.apache.catalina.startup.HostConfig.deployDirectory 웹 애플리케이션 디렉토리 [C:\apache-tomcat-10.0.22\webapps\docs]에 대한 배치가 [62] 밀리초에 완료되었습니다.
10-Aug-2022 13:51:00.014 INFO [main] org.apache.catalina.startup.HostConfig.deployDirectory 웹 애플리케이션 디렉토리 [C:\apache-tomcat-10.0.22\webapps\examples]을(를) 배치합니다.
10-Aug-2022 13:51:02.015 INFO [main] org.apache.catalina.startup.HostConfig.deployDirectory 웹 애플리케이션 디렉토리 [C:\apache-tomcat-10.0.22\webapps\examples]에 대한 배치가 [2,001] 밀리초에 완료되었습니다.
10-Aug-2022 13:51:02.015 INFO [main] org.apache.catalina.startup.HostConfig.deployDirectory 웹 애플리케이션 디렉토리 [C:\apache-tomcat-10.0.22\webapps\host-manager]을(를) 배치합니다.
10-Aug-2022 13:51:02.101 INFO [main] org.apache.catalina.startup.HostConfig.deployDirectory 웹 애플리케이션 디렉토리 [C:\apache-tomcat-10.0.22\webapps\host-manager]에 대한 배치가 [86] 밀리초에 완료되었습니다.
10-Aug-2022 13:51:02.101 INFO [main] org.apache.catalina.startup.HostConfig.deployDirectory 웹 애플리케이션 디렉토리 [C:\apache-tomcat-10.0.22\webapps\manager]을(를) 배치합니다.
10-Aug-2022 13:51:02.184 INFO [main] org.apache.catalina.startup.HostConfig.deployDirectory 웹 애플리케이션 디렉토리 [C:\apache-tomcat-10.0.22\webapps\manager]에 대한 배치가 [83] 밀리초에 완료되었습니다.
10-Aug-2022 13:51:02.184 INFO [main] org.apache.catalina.startup.HostConfig.deployDirectory 웹 애플리케이션 디렉토리 [C:\apache-tomcat-10.0.22\webapps\test]을(를) 배치합니다.
10-Aug-2022 13:51:02.214 INFO [main] org.apache.catalina.startup.HostConfig.deployDirectory 웹 애플리케이션 디렉토리 [C:\apache-tomcat-10.0.22\webapps\test]에 대한 배치가 [30] 밀리초에 완료되었습니다.
10-Aug-2022 13:51:02.224 INFO [main] org.apache.coyote.AbstractProtocol.start 프로토콜 핸들러 ["http-nio-80"]을(를) 시작합니다.
10-Aug-2022 13:51:02.371 INFO [main] org.apache.catalina.core.StandardService.startInternal 서비스 [Catalina2]을(를) 시작합니다.
10-Aug-2022 13:51:02.371 INFO [main] org.apache.catalina.core.StandardEngine.startInternal 서버 엔진을 시작합니다: [Apache Tomcat/10.0.22]
10-Aug-2022 13:51:02.547 SEVERE [main] org.apache.catalina.core.NamingContextListener.lifecycleEvent Naming Context 생성 실패: [javax.naming.OperationNotSupportedException: 컨텍스트가 읽기 전용입니다.]
10-Aug-2022 13:51:02.567 INFO [main] org.apache.jasper.servlet.TldScanner.scanJars 적어도 하나의 JAR가 TLD들을 찾기 위해 스캔되었으나 아무 것도 찾지 못했습니다. 스캔했으나 TLD가 없는 JAR들의 전체 목록을 보시려면, 로그 레벨을 디버그 레벨로 설정하십시오. 스캔 과정에서 불필요한 JAR들을 건너뛰면, 시스템 시작 시간과 JSP 컴파일 시간을 단축시킬 수 있습니다.
10-Aug-2022 13:51:02.587 SEVERE [main] org.apache.catalina.core.NamingContextListener.lifecycleEvent Naming Context 생성 실패: [javax.naming.OperationNotSupportedException: 컨텍스트가 읽기 전용입니다.]
10-Aug-2022 13:51:02.587 INFO [main] org.apache.catalina.startup.HostConfig.deployDirectory 웹 애플리케이션 디렉토리 [C:\apache-tomcat-10.0.22\webapps_TimeCheck\BBS]을(를) 배치합니다.
10-Aug-2022 13:51:02.717 SEVERE [main] org.apache.catalina.core.NamingContextListener.lifecycleEvent Naming Context 생성 실패: [javax.naming.OperationNotSupportedException: 컨텍스트가 읽기 전용입니다.]
10-Aug-2022 13:51:02.737 INFO [main] org.apache.jasper.servlet.TldScanner.scanJars 적어도 하나의 JAR가 TLD들을 찾기 위해 스캔되었으나 아무 것도 찾지 못했습니다. 스캔했으나 TLD가 없는 JAR들의 전체 목록을 보시려면, 로그 레벨을 디버그 레벨로 설정하십시오. 스캔 과정에서 불필요한 JAR들을 건너뛰면, 시스템 시작 시간과 JSP 컴파일 시간을 단축시킬 수 있습니다.
10-Aug-2022 13:51:02.737 INFO [main] org.apache.catalina.startup.HostConfig.deployDirectory 웹 애플리케이션 디렉토리 [C:\apache-tomcat-10.0.22\webapps_TimeCheck\BBS]에 대한 배치가 [150] 밀리초에 완료되었습니다.
10-Aug-2022 13:51:02.737 INFO [main] org.apache.catalina.startup.HostConfig.deployDirectory 웹 애플리케이션 디렉토리 [C:\apache-tomcat-10.0.22\webapps_TimeCheck\docs]을(를) 배치합니다.
10-Aug-2022 13:51:02.767 SEVERE [main] org.apache.catalina.core.NamingContextListener.lifecycleEvent Naming Context 생성 실패: [javax.naming.OperationNotSupportedException: 컨텍스트가 읽기 전용입니다.]
10-Aug-2022 13:51:02.777 INFO [main] org.apache.catalina.startup.HostConfig.deployDirectory 웹 애플리케이션 디렉토리 [C:\apache-tomcat-10.0.22\webapps_TimeCheck\docs]에 대한 배치가 [40] 밀리초에 완료되었습니다.
10-Aug-2022 13:51:02.777 INFO [main] org.apache.catalina.startup.HostConfig.deployDirectory 웹 애플리케이션 디렉토리 [C:\apache-tomcat-10.0.22\webapps_TimeCheck\examples]을(를) 배치합니다.
10-Aug-2022 13:51:03.478 SEVERE [main] org.apache.catalina.core.NamingContextListener.lifecycleEvent Naming Context 생성 실패: [javax.naming.OperationNotSupportedException: 컨텍스트가 읽기 전용입니다.]
10-Aug-2022 13:51:03.599 INFO [main] org.apache.catalina.startup.HostConfig.deployDirectory 웹 애플리케이션 디렉토리 [C:\apache-tomcat-10.0.22\webapps_TimeCheck\examples]에 대한 배치가 [822] 밀리초에 완료되었습니다.
10-Aug-2022 13:51:03.599 INFO [main] org.apache.catalina.startup.HostConfig.deployDirectory 웹 애플리케이션 디렉토리 [C:\apache-tomcat-10.0.22\webapps_TimeCheck\host-manager]을(를) 배치합니다.
10-Aug-2022 13:51:03.639 SEVERE [main] org.apache.catalina.core.NamingContextListener.lifecycleEvent Naming Context 생성 실패: [javax.naming.OperationNotSupportedException: 컨텍스트가 읽기 전용입니다.]
10-Aug-2022 13:51:03.649 INFO [main] org.apache.catalina.startup.HostConfig.deployDirectory 웹 애플리케이션 디렉토리 [C:\apache-tomcat-10.0.22\webapps_TimeCheck\host-manager]에 대한 배치가 [50] 밀리초에 완료되었습니다.
10-Aug-2022 13:51:03.649 INFO [main] org.apache.catalina.startup.HostConfig.deployDirectory 웹 애플리케이션 디렉토리 [C:\apache-tomcat-10.0.22\webapps_TimeCheck\manager]을(를) 배치합니다.
10-Aug-2022 13:51:03.689 SEVERE [main] org.apache.catalina.core.NamingContextListener.lifecycleEvent Naming Context 생성 실패: [javax.naming.OperationNotSupportedException: 컨텍스트가 읽기 전용입니다.]
10-Aug-2022 13:51:03.709 INFO [main] org.apache.catalina.startup.HostConfig.deployDirectory 웹 애플리케이션 디렉토리 [C:\apache-tomcat-10.0.22\webapps_TimeCheck\manager]에 대한 배치가 [60] 밀리초에 완료되었습니다.
10-Aug-2022 13:51:03.709 INFO [main] org.apache.catalina.startup.HostConfig.deployDirectory 웹 애플리케이션 디렉토리 [C:\apache-tomcat-10.0.22\webapps_TimeCheck\test]을(를) 배치합니다.
10-Aug-2022 13:51:03.739 SEVERE [main] org.apache.catalina.core.NamingContextListener.lifecycleEvent Naming Context 생성 실패: [javax.naming.OperationNotSupportedException: 컨텍스트가 읽기 전용입니다.]
10-Aug-2022 13:51:03.739 INFO [main] org.apache.catalina.startup.HostConfig.deployDirectory 웹 애플리케이션 디렉토리 [C:\apache-tomcat-10.0.22\webapps_TimeCheck\test]에 대한 배치가 [30] 밀리초에 완료되었습니다.
10-Aug-2022 13:51:03.739 INFO [main] org.apache.coyote.AbstractProtocol.start 프로토콜 핸들러 ["http-nio-9080"]을(를) 시작합니다.
10-Aug-2022 13:51:03.749 INFO [main] org.apache.catalina.startup.Catalina.start 서버가 [4774] 밀리초 내에 시작되었습니다.
10-Aug-2022 14:36:57.336 INFO [http-nio-9080-exec-10] org.apache.coyote.http11.Http11Processor.service HTTP 요청 헤더를 파싱하는 중 오류 발생
 비고: HTTP 요청 파싱 오류들이 더 발생하는 경우 DEBUG 레벨 로그로 기록될 것입니다.
	java.lang.IllegalArgumentException: 메소드 이름에 유효하지 않은 문자가 발견되었습니다. HTTP 메소드 이름은 유효한 토큰이어야 합니다.
		at org.apache.coyote.http11.Http11InputBuffer.parseRequestLine(Http11InputBuffer.java:419)
		at org.apache.coyote.http11.Http11Processor.service(Http11Processor.java:271)
		at org.apache.coyote.AbstractProcessorLight.process(AbstractProcessorLight.java:65)
		at org.apache.coyote.AbstractProtocol$ConnectionHandler.process(AbstractProtocol.java:867)
		at org.apache.tomcat.util.net.NioEndpoint$SocketProcessor.doRun(NioEndpoint.java:1760)
		at org.apache.tomcat.util.net.SocketProcessorBase.run(SocketProcessorBase.java:49)
		at org.apache.tomcat.util.threads.ThreadPoolExecutor.runWorker(ThreadPoolExecutor.java:1191)
		at org.apache.tomcat.util.threads.ThreadPoolExecutor$Worker.run(ThreadPoolExecutor.java:659)
		at org.apache.tomcat.util.threads.TaskThread$WrappingRunnable.run(TaskThread.java:61)
		at java.base/java.lang.Thread.run(Thread.java:833)
10-Aug-2022 16:06:38.718 INFO [Catalina-utility-2] org.apache.catalina.loader.WebappClassLoaderBase.modified 하나 이상의 JAR들이 웹 애플리케이션 []에 추가됐습니다.
10-Aug-2022 16:06:38.718 INFO [Catalina-utility-2] org.apache.catalina.core.StandardContext.reload 이름이 []인 컨텍스트를 다시 로드하는 작업이 시작되었습니다.
10-Aug-2022 16:06:38.934 INFO [Catalina-utility-2] org.apache.jasper.servlet.TldScanner.scanJars 적어도 하나의 JAR가 TLD들을 찾기 위해 스캔되었으나 아무 것도 찾지 못했습니다. 스캔했으나 TLD가 없는 JAR들의 전체 목록을 보시려면, 로그 레벨을 디버그 레벨로 설정하십시오. 스캔 과정에서 불필요한 JAR들을 건너뛰면, 시스템 시작 시간과 JSP 컴파일 시간을 단축시킬 수 있습니다.
10-Aug-2022 16:06:38.944 INFO [Catalina-utility-2] org.apache.catalina.core.StandardContext.reload 이름이 []인 컨텍스트를 다시 로드하는 것을 완료했습니다.
10-Aug-2022 16:06:52.249 INFO [Thread-3] org.apache.coyote.AbstractProtocol.pause 프로토콜 핸들러 ["http-nio-80"]을(를) 일시 정지 중
10-Aug-2022 16:06:52.249 INFO [Thread-3] org.apache.catalina.core.StandardService.stopInternal 서비스 [Catalina]을(를) 중지시킵니다.
10-Aug-2022 16:06:52.280 INFO [Thread-3] org.apache.coyote.AbstractProtocol.stop 프로토콜 핸들러 ["http-nio-80"]을(를) 중지시킵니다.
10-Aug-2022 16:06:52.302 INFO [Thread-3] org.apache.coyote.AbstractProtocol.pause 프로토콜 핸들러 ["http-nio-9080"]을(를) 일시 정지 중
10-Aug-2022 16:06:52.302 INFO [Thread-3] org.apache.catalina.core.StandardService.stopInternal 서비스 [Catalina2]을(를) 중지시킵니다.
10-Aug-2022 16:06:52.323 INFO [Thread-3] org.apache.coyote.AbstractProtocol.stop 프로토콜 핸들러 ["http-nio-9080"]을(를) 중지시킵니다.
10-Aug-2022 16:06:52.333 INFO [Thread-3] org.apache.coyote.AbstractProtocol.destroy 프로토콜 핸들러 ["http-nio-80"]을(를) 소멸시킵니다.
10-Aug-2022 16:06:52.333 INFO [Thread-3] org.apache.coyote.AbstractProtocol.destroy 프로토콜 핸들러 ["http-nio-9080"]을(를) 소멸시킵니다.

2022-08-10 16:06:54 Apache Commons Daemon procrun stderr initialized.
10-Aug-2022 16:06:54.895 INFO [main] org.apache.catalina.startup.VersionLoggerListener.log 서버 버전 이름:    Apache Tomcat/10.0.22
10-Aug-2022 16:06:54.902 INFO [main] org.apache.catalina.startup.VersionLoggerListener.log Server 빌드 시각:  Jun 2 2022 16:53:56 UTC
10-Aug-2022 16:06:54.902 INFO [main] org.apache.catalina.startup.VersionLoggerListener.log Server 버전 번호:  10.0.22.0
10-Aug-2022 16:06:54.902 INFO [main] org.apache.catalina.startup.VersionLoggerListener.log 운영체제 이름:     Windows 10
10-Aug-2022 16:06:54.903 INFO [main] org.apache.catalina.startup.VersionLoggerListener.log 운영체제 버전:     10.0
10-Aug-2022 16:06:54.903 INFO [main] org.apache.catalina.startup.VersionLoggerListener.log 아키텍처:          amd64
10-Aug-2022 16:06:54.903 INFO [main] org.apache.catalina.startup.VersionLoggerListener.log 자바 홈:           C:\Program Files\Java\jdk-17.0.4
10-Aug-2022 16:06:54.903 INFO [main] org.apache.catalina.startup.VersionLoggerListener.log JVM 버전:          17.0.4+11-LTS-179
10-Aug-2022 16:06:54.903 INFO [main] org.apache.catalina.startup.VersionLoggerListener.log JVM 벤더:          Oracle Corporation
10-Aug-2022 16:06:54.903 INFO [main] org.apache.catalina.startup.VersionLoggerListener.log CATALINA_BASE:     C:\apache-tomcat-10.0.22
10-Aug-2022 16:06:54.903 INFO [main] org.apache.catalina.startup.VersionLoggerListener.log CATALINA_HOME:     C:\apache-tomcat-10.0.22
10-Aug-2022 16:06:54.917 INFO [main] org.apache.catalina.startup.VersionLoggerListener.log 명령 행 아규먼트:  -Dcatalina.home=C:\apache-tomcat-10.0.22
10-Aug-2022 16:06:54.917 INFO [main] org.apache.catalina.startup.VersionLoggerListener.log 명령 행 아규먼트:  -Dcatalina.base=C:\apache-tomcat-10.0.22
10-Aug-2022 16:06:54.917 INFO [main] org.apache.catalina.startup.VersionLoggerListener.log 명령 행 아규먼트:  -Dignore.endorsed.dirs=C:\apache-tomcat-10.0.22\endorsed
10-Aug-2022 16:06:54.917 INFO [main] org.apache.catalina.startup.VersionLoggerListener.log 명령 행 아규먼트:  -Djava.io.tmpdir=C:\apache-tomcat-10.0.22\temp
10-Aug-2022 16:06:54.917 INFO [main] org.apache.catalina.startup.VersionLoggerListener.log 명령 행 아규먼트:  -Djava.util.logging.manager=org.apache.juli.ClassLoaderLogManager
10-Aug-2022 16:06:54.917 INFO [main] org.apache.catalina.startup.VersionLoggerListener.log 명령 행 아규먼트:  -Djava.util.logging.config.file=C:\apache-tomcat-10.0.22\conf\logging.properties
10-Aug-2022 16:06:54.917 INFO [main] org.apache.catalina.startup.VersionLoggerListener.log 명령 행 아규먼트:  --add-opens=java.base/java.lang=ALL-UNNAMED
10-Aug-2022 16:06:54.917 INFO [main] org.apache.catalina.startup.VersionLoggerListener.log 명령 행 아규먼트:  --add-opens=java.base/java.io=ALL-UNNAMED
10-Aug-2022 16:06:54.917 INFO [main] org.apache.catalina.startup.VersionLoggerListener.log 명령 행 아규먼트:  --add-opens=java.base/java.util=ALL-UNNAMED
10-Aug-2022 16:06:54.917 INFO [main] org.apache.catalina.startup.VersionLoggerListener.log 명령 행 아규먼트:  --add-opens=java.base/java.util.concurrent=ALL-UNNAMED
10-Aug-2022 16:06:54.917 INFO [main] org.apache.catalina.startup.VersionLoggerListener.log 명령 행 아규먼트:  --add-opens=java.rmi/sun.rmi.transport=ALL-UNNAMED
10-Aug-2022 16:06:54.917 INFO [main] org.apache.catalina.startup.VersionLoggerListener.log 명령 행 아규먼트:  exit
10-Aug-2022 16:06:54.917 INFO [main] org.apache.catalina.startup.VersionLoggerListener.log 명령 행 아규먼트:  abort
10-Aug-2022 16:06:54.917 INFO [main] org.apache.catalina.startup.VersionLoggerListener.log 명령 행 아규먼트:  -Xms128m
10-Aug-2022 16:06:54.917 INFO [main] org.apache.catalina.startup.VersionLoggerListener.log 명령 행 아규먼트:  -Xmx256m
10-Aug-2022 16:06:54.917 INFO [main] org.apache.catalina.core.AprLifecycleListener.lifecycleEvent APR 버전 [1.7.0]을(를) 사용한, APR 기반 Apache Tomcat Native 라이브러리 [1.2.33]을(를) 로드했습니다.
10-Aug-2022 16:06:54.917 INFO [main] org.apache.catalina.core.AprLifecycleListener.lifecycleEvent APR 용량정보들: IPv6 [true], sendfile [true], accept filters [false], random [true], UDS [true].
10-Aug-2022 16:06:54.927 INFO [main] org.apache.catalina.core.AprLifecycleListener.initializeSSL OpenSSL이 성공적으로 초기화되었습니다: [OpenSSL 1.1.1o  3 May 2022]
10-Aug-2022 16:06:55.270 INFO [main] org.apache.coyote.AbstractProtocol.init 프로토콜 핸들러 ["http-nio-80"]을(를) 초기화합니다.
10-Aug-2022 16:06:55.300 INFO [main] org.apache.coyote.AbstractProtocol.init 프로토콜 핸들러 ["http-nio-9080"]을(를) 초기화합니다.
10-Aug-2022 16:06:55.300 INFO [main] org.apache.catalina.startup.Catalina.load [731] 밀리초 내에 서버가 초기화되었습니다.
10-Aug-2022 16:06:55.350 INFO [main] org.apache.catalina.core.StandardService.startInternal 서비스 [Catalina]을(를) 시작합니다.
10-Aug-2022 16:06:55.350 INFO [main] org.apache.catalina.core.StandardEngine.startInternal 서버 엔진을 시작합니다: [Apache Tomcat/10.0.22]
10-Aug-2022 16:06:55.842 INFO [main] org.apache.jasper.servlet.TldScanner.scanJars 적어도 하나의 JAR가 TLD들을 찾기 위해 스캔되었으나 아무 것도 찾지 못했습니다. 스캔했으나 TLD가 없는 JAR들의 전체 목록을 보시려면, 로그 레벨을 디버그 레벨로 설정하십시오. 스캔 과정에서 불필요한 JAR들을 건너뛰면, 시스템 시작 시간과 JSP 컴파일 시간을 단축시킬 수 있습니다.
10-Aug-2022 16:06:55.972 INFO [main] org.apache.catalina.startup.HostConfig.deployDirectory 웹 애플리케이션 디렉토리 [C:\apache-tomcat-10.0.22\webapps\BBS]을(를) 배치합니다.
10-Aug-2022 16:06:56.155 INFO [main] org.apache.jasper.servlet.TldScanner.scanJars 적어도 하나의 JAR가 TLD들을 찾기 위해 스캔되었으나 아무 것도 찾지 못했습니다. 스캔했으나 TLD가 없는 JAR들의 전체 목록을 보시려면, 로그 레벨을 디버그 레벨로 설정하십시오. 스캔 과정에서 불필요한 JAR들을 건너뛰면, 시스템 시작 시간과 JSP 컴파일 시간을 단축시킬 수 있습니다.
10-Aug-2022 16:06:56.155 INFO [main] org.apache.catalina.startup.HostConfig.deployDirectory 웹 애플리케이션 디렉토리 [C:\apache-tomcat-10.0.22\webapps\BBS]에 대한 배치가 [183] 밀리초에 완료되었습니다.
10-Aug-2022 16:06:56.165 INFO [main] org.apache.catalina.startup.HostConfig.deployDirectory 웹 애플리케이션 디렉토리 [C:\apache-tomcat-10.0.22\webapps\docs]을(를) 배치합니다.
10-Aug-2022 16:06:56.195 INFO [main] org.apache.catalina.startup.HostConfig.deployDirectory 웹 애플리케이션 디렉토리 [C:\apache-tomcat-10.0.22\webapps\docs]에 대한 배치가 [40] 밀리초에 완료되었습니다.
10-Aug-2022 16:06:56.195 INFO [main] org.apache.catalina.startup.HostConfig.deployDirectory 웹 애플리케이션 디렉토리 [C:\apache-tomcat-10.0.22\webapps\examples]을(를) 배치합니다.
10-Aug-2022 16:06:56.714 INFO [main] org.apache.catalina.startup.HostConfig.deployDirectory 웹 애플리케이션 디렉토리 [C:\apache-tomcat-10.0.22\webapps\examples]에 대한 배치가 [519] 밀리초에 완료되었습니다.
10-Aug-2022 16:06:56.714 INFO [main] org.apache.catalina.startup.HostConfig.deployDirectory 웹 애플리케이션 디렉토리 [C:\apache-tomcat-10.0.22\webapps\host-manager]을(를) 배치합니다.
10-Aug-2022 16:06:56.770 INFO [main] org.apache.catalina.startup.HostConfig.deployDirectory 웹 애플리케이션 디렉토리 [C:\apache-tomcat-10.0.22\webapps\host-manager]에 대한 배치가 [56] 밀리초에 완료되었습니다.
10-Aug-2022 16:06:56.770 INFO [main] org.apache.catalina.startup.HostConfig.deployDirectory 웹 애플리케이션 디렉토리 [C:\apache-tomcat-10.0.22\webapps\manager]을(를) 배치합니다.
10-Aug-2022 16:06:56.830 INFO [main] org.apache.catalina.startup.HostConfig.deployDirectory 웹 애플리케이션 디렉토리 [C:\apache-tomcat-10.0.22\webapps\manager]에 대한 배치가 [60] 밀리초에 완료되었습니다.
10-Aug-2022 16:06:56.830 INFO [main] org.apache.catalina.startup.HostConfig.deployDirectory 웹 애플리케이션 디렉토리 [C:\apache-tomcat-10.0.22\webapps\test]을(를) 배치합니다.
10-Aug-2022 16:06:56.864 INFO [main] org.apache.catalina.startup.HostConfig.deployDirectory 웹 애플리케이션 디렉토리 [C:\apache-tomcat-10.0.22\webapps\test]에 대한 배치가 [34] 밀리초에 완료되었습니다.
10-Aug-2022 16:06:56.875 INFO [main] org.apache.coyote.AbstractProtocol.start 프로토콜 핸들러 ["http-nio-80"]을(를) 시작합니다.
10-Aug-2022 16:06:56.925 INFO [main] org.apache.catalina.core.StandardService.startInternal 서비스 [Catalina2]을(를) 시작합니다.
10-Aug-2022 16:06:56.935 INFO [main] org.apache.catalina.core.StandardEngine.startInternal 서버 엔진을 시작합니다: [Apache Tomcat/10.0.22]
10-Aug-2022 16:06:57.144 SEVERE [main] org.apache.catalina.core.NamingContextListener.lifecycleEvent Naming Context 생성 실패: [javax.naming.OperationNotSupportedException: 컨텍스트가 읽기 전용입니다.]
10-Aug-2022 16:06:57.164 INFO [main] org.apache.jasper.servlet.TldScanner.scanJars 적어도 하나의 JAR가 TLD들을 찾기 위해 스캔되었으나 아무 것도 찾지 못했습니다. 스캔했으나 TLD가 없는 JAR들의 전체 목록을 보시려면, 로그 레벨을 디버그 레벨로 설정하십시오. 스캔 과정에서 불필요한 JAR들을 건너뛰면, 시스템 시작 시간과 JSP 컴파일 시간을 단축시킬 수 있습니다.
10-Aug-2022 16:06:57.208 SEVERE [main] org.apache.catalina.core.NamingContextListener.lifecycleEvent Naming Context 생성 실패: [javax.naming.OperationNotSupportedException: 컨텍스트가 읽기 전용입니다.]
10-Aug-2022 16:06:57.231 INFO [main] org.apache.catalina.startup.HostConfig.deployDirectory 웹 애플리케이션 디렉토리 [C:\apache-tomcat-10.0.22\webapps_TimeCheck\BBS]을(를) 배치합니다.
10-Aug-2022 16:06:57.444 SEVERE [main] org.apache.catalina.core.NamingContextListener.lifecycleEvent Naming Context 생성 실패: [javax.naming.OperationNotSupportedException: 컨텍스트가 읽기 전용입니다.]
10-Aug-2022 16:06:57.471 INFO [main] org.apache.jasper.servlet.TldScanner.scanJars 적어도 하나의 JAR가 TLD들을 찾기 위해 스캔되었으나 아무 것도 찾지 못했습니다. 스캔했으나 TLD가 없는 JAR들의 전체 목록을 보시려면, 로그 레벨을 디버그 레벨로 설정하십시오. 스캔 과정에서 불필요한 JAR들을 건너뛰면, 시스템 시작 시간과 JSP 컴파일 시간을 단축시킬 수 있습니다.
10-Aug-2022 16:06:57.474 INFO [main] org.apache.catalina.startup.HostConfig.deployDirectory 웹 애플리케이션 디렉토리 [C:\apache-tomcat-10.0.22\webapps_TimeCheck\BBS]에 대한 배치가 [243] 밀리초에 완료되었습니다.
10-Aug-2022 16:06:57.475 INFO [main] org.apache.catalina.startup.HostConfig.deployDirectory 웹 애플리케이션 디렉토리 [C:\apache-tomcat-10.0.22\webapps_TimeCheck\docs]을(를) 배치합니다.
10-Aug-2022 16:06:57.498 SEVERE [main] org.apache.catalina.core.NamingContextListener.lifecycleEvent Naming Context 생성 실패: [javax.naming.OperationNotSupportedException: 컨텍스트가 읽기 전용입니다.]
10-Aug-2022 16:06:57.515 INFO [main] org.apache.catalina.startup.HostConfig.deployDirectory 웹 애플리케이션 디렉토리 [C:\apache-tomcat-10.0.22\webapps_TimeCheck\docs]에 대한 배치가 [40] 밀리초에 완료되었습니다.
10-Aug-2022 16:06:57.516 INFO [main] org.apache.catalina.startup.HostConfig.deployDirectory 웹 애플리케이션 디렉토리 [C:\apache-tomcat-10.0.22\webapps_TimeCheck\examples]을(를) 배치합니다.
10-Aug-2022 16:06:57.828 SEVERE [main] org.apache.catalina.core.NamingContextListener.lifecycleEvent Naming Context 생성 실패: [javax.naming.OperationNotSupportedException: 컨텍스트가 읽기 전용입니다.]
10-Aug-2022 16:06:58.012 INFO [main] org.apache.catalina.startup.HostConfig.deployDirectory 웹 애플리케이션 디렉토리 [C:\apache-tomcat-10.0.22\webapps_TimeCheck\examples]에 대한 배치가 [497] 밀리초에 완료되었습니다.
10-Aug-2022 16:06:58.013 INFO [main] org.apache.catalina.startup.HostConfig.deployDirectory 웹 애플리케이션 디렉토리 [C:\apache-tomcat-10.0.22\webapps_TimeCheck\host-manager]을(를) 배치합니다.
10-Aug-2022 16:06:58.063 SEVERE [main] org.apache.catalina.core.NamingContextListener.lifecycleEvent Naming Context 생성 실패: [javax.naming.OperationNotSupportedException: 컨텍스트가 읽기 전용입니다.]
10-Aug-2022 16:06:58.095 INFO [main] org.apache.catalina.startup.HostConfig.deployDirectory 웹 애플리케이션 디렉토리 [C:\apache-tomcat-10.0.22\webapps_TimeCheck\host-manager]에 대한 배치가 [77] 밀리초에 완료되었습니다.
10-Aug-2022 16:06:58.097 INFO [main] org.apache.catalina.startup.HostConfig.deployDirectory 웹 애플리케이션 디렉토리 [C:\apache-tomcat-10.0.22\webapps_TimeCheck\manager]을(를) 배치합니다.
10-Aug-2022 16:06:58.215 SEVERE [main] org.apache.catalina.core.NamingContextListener.lifecycleEvent Naming Context 생성 실패: [javax.naming.OperationNotSupportedException: 컨텍스트가 읽기 전용입니다.]
10-Aug-2022 16:06:58.289 INFO [main] org.apache.catalina.startup.HostConfig.deployDirectory 웹 애플리케이션 디렉토리 [C:\apache-tomcat-10.0.22\webapps_TimeCheck\manager]에 대한 배치가 [191] 밀리초에 완료되었습니다.
10-Aug-2022 16:06:58.289 INFO [main] org.apache.catalina.startup.HostConfig.deployDirectory 웹 애플리케이션 디렉토리 [C:\apache-tomcat-10.0.22\webapps_TimeCheck\test]을(를) 배치합니다.
10-Aug-2022 16:06:58.351 SEVERE [main] org.apache.catalina.core.NamingContextListener.lifecycleEvent Naming Context 생성 실패: [javax.naming.OperationNotSupportedException: 컨텍스트가 읽기 전용입니다.]
10-Aug-2022 16:06:58.366 INFO [main] org.apache.catalina.startup.HostConfig.deployDirectory 웹 애플리케이션 디렉토리 [C:\apache-tomcat-10.0.22\webapps_TimeCheck\test]에 대한 배치가 [77] 밀리초에 완료되었습니다.
10-Aug-2022 16:06:58.369 INFO [main] org.apache.coyote.AbstractProtocol.start 프로토콜 핸들러 ["http-nio-9080"]을(를) 시작합니다.
10-Aug-2022 16:06:58.382 INFO [main] org.apache.catalina.startup.Catalina.start 서버가 [3077] 밀리초 내에 시작되었습니다.
10-Aug-2022 16:23:49.263 INFO [Catalina-utility-2] org.apache.catalina.loader.WebappClassLoaderBase.modified 웹 애플리케이션 []에서 하나 이상의 JAR 파일(들)이 변경되었습니다.
10-Aug-2022 16:23:49.263 INFO [Catalina-utility-2] org.apache.catalina.core.StandardContext.reload 이름이 []인 컨텍스트를 다시 로드하는 작업이 시작되었습니다.
10-Aug-2022 16:23:49.403 INFO [Catalina-utility-2] org.apache.jasper.servlet.TldScanner.scanJars 적어도 하나의 JAR가 TLD들을 찾기 위해 스캔되었으나 아무 것도 찾지 못했습니다. 스캔했으나 TLD가 없는 JAR들의 전체 목록을 보시려면, 로그 레벨을 디버그 레벨로 설정하십시오. 스캔 과정에서 불필요한 JAR들을 건너뛰면, 시스템 시작 시간과 JSP 컴파일 시간을 단축시킬 수 있습니다.
10-Aug-2022 16:23:49.403 INFO [Catalina-utility-2] org.apache.catalina.core.StandardContext.reload 이름이 []인 컨텍스트를 다시 로드하는 것을 완료했습니다.
10-Aug-2022 16:25:02.177 INFO [Thread-3] org.apache.coyote.AbstractProtocol.pause 프로토콜 핸들러 ["http-nio-80"]을(를) 일시 정지 중
10-Aug-2022 16:25:02.187 INFO [Thread-3] org.apache.catalina.core.StandardService.stopInternal 서비스 [Catalina]을(를) 중지시킵니다.
10-Aug-2022 16:25:02.214 INFO [Thread-3] org.apache.coyote.AbstractProtocol.stop 프로토콜 핸들러 ["http-nio-80"]을(를) 중지시킵니다.
10-Aug-2022 16:25:02.224 INFO [Thread-3] org.apache.coyote.AbstractProtocol.pause 프로토콜 핸들러 ["http-nio-9080"]을(를) 일시 정지 중
10-Aug-2022 16:25:02.224 INFO [Thread-3] org.apache.catalina.core.StandardService.stopInternal 서비스 [Catalina2]을(를) 중지시킵니다.
10-Aug-2022 16:25:02.242 INFO [Thread-3] org.apache.coyote.AbstractProtocol.stop 프로토콜 핸들러 ["http-nio-9080"]을(를) 중지시킵니다.
10-Aug-2022 16:25:02.252 INFO [Thread-3] org.apache.coyote.AbstractProtocol.destroy 프로토콜 핸들러 ["http-nio-80"]을(를) 소멸시킵니다.
10-Aug-2022 16:25:02.252 INFO [Thread-3] org.apache.coyote.AbstractProtocol.destroy 프로토콜 핸들러 ["http-nio-9080"]을(를) 소멸시킵니다.

2022-08-10 16:25:04 Apache Commons Daemon procrun stderr initialized.
10-Aug-2022 16:25:04.832 INFO [main] org.apache.catalina.startup.VersionLoggerListener.log 서버 버전 이름:    Apache Tomcat/10.0.22
10-Aug-2022 16:25:04.842 INFO [main] org.apache.catalina.startup.VersionLoggerListener.log Server 빌드 시각:  Jun 2 2022 16:53:56 UTC
10-Aug-2022 16:25:04.842 INFO [main] org.apache.catalina.startup.VersionLoggerListener.log Server 버전 번호:  10.0.22.0
10-Aug-2022 16:25:04.842 INFO [main] org.apache.catalina.startup.VersionLoggerListener.log 운영체제 이름:     Windows 10
10-Aug-2022 16:25:04.842 INFO [main] org.apache.catalina.startup.VersionLoggerListener.log 운영체제 버전:     10.0
10-Aug-2022 16:25:04.842 INFO [main] org.apache.catalina.startup.VersionLoggerListener.log 아키텍처:          amd64
10-Aug-2022 16:25:04.842 INFO [main] org.apache.catalina.startup.VersionLoggerListener.log 자바 홈:           C:\Program Files\Java\jdk-17.0.4
10-Aug-2022 16:25:04.842 INFO [main] org.apache.catalina.startup.VersionLoggerListener.log JVM 버전:          17.0.4+11-LTS-179
10-Aug-2022 16:25:04.842 INFO [main] org.apache.catalina.startup.VersionLoggerListener.log JVM 벤더:          Oracle Corporation
10-Aug-2022 16:25:04.842 INFO [main] org.apache.catalina.startup.VersionLoggerListener.log CATALINA_BASE:     C:\apache-tomcat-10.0.22
10-Aug-2022 16:25:04.842 INFO [main] org.apache.catalina.startup.VersionLoggerListener.log CATALINA_HOME:     C:\apache-tomcat-10.0.22
10-Aug-2022 16:25:04.858 INFO [main] org.apache.catalina.startup.VersionLoggerListener.log 명령 행 아규먼트:  -Dcatalina.home=C:\apache-tomcat-10.0.22
10-Aug-2022 16:25:04.858 INFO [main] org.apache.catalina.startup.VersionLoggerListener.log 명령 행 아규먼트:  -Dcatalina.base=C:\apache-tomcat-10.0.22
10-Aug-2022 16:25:04.858 INFO [main] org.apache.catalina.startup.VersionLoggerListener.log 명령 행 아규먼트:  -Dignore.endorsed.dirs=C:\apache-tomcat-10.0.22\endorsed
10-Aug-2022 16:25:04.858 INFO [main] org.apache.catalina.startup.VersionLoggerListener.log 명령 행 아규먼트:  -Djava.io.tmpdir=C:\apache-tomcat-10.0.22\temp
10-Aug-2022 16:25:04.858 INFO [main] org.apache.catalina.startup.VersionLoggerListener.log 명령 행 아규먼트:  -Djava.util.logging.manager=org.apache.juli.ClassLoaderLogManager
10-Aug-2022 16:25:04.858 INFO [main] org.apache.catalina.startup.VersionLoggerListener.log 명령 행 아규먼트:  -Djava.util.logging.config.file=C:\apache-tomcat-10.0.22\conf\logging.properties
10-Aug-2022 16:25:04.858 INFO [main] org.apache.catalina.startup.VersionLoggerListener.log 명령 행 아규먼트:  --add-opens=java.base/java.lang=ALL-UNNAMED
10-Aug-2022 16:25:04.858 INFO [main] org.apache.catalina.startup.VersionLoggerListener.log 명령 행 아규먼트:  --add-opens=java.base/java.io=ALL-UNNAMED
10-Aug-2022 16:25:04.858 INFO [main] org.apache.catalina.startup.VersionLoggerListener.log 명령 행 아규먼트:  --add-opens=java.base/java.util=ALL-UNNAMED
10-Aug-2022 16:25:04.858 INFO [main] org.apache.catalina.startup.VersionLoggerListener.log 명령 행 아규먼트:  --add-opens=java.base/java.util.concurrent=ALL-UNNAMED
10-Aug-2022 16:25:04.858 INFO [main] org.apache.catalina.startup.VersionLoggerListener.log 명령 행 아규먼트:  --add-opens=java.rmi/sun.rmi.transport=ALL-UNNAMED
10-Aug-2022 16:25:04.858 INFO [main] org.apache.catalina.startup.VersionLoggerListener.log 명령 행 아규먼트:  exit
10-Aug-2022 16:25:04.858 INFO [main] org.apache.catalina.startup.VersionLoggerListener.log 명령 행 아규먼트:  abort
10-Aug-2022 16:25:04.858 INFO [main] org.apache.catalina.startup.VersionLoggerListener.log 명령 행 아규먼트:  -Xms128m
10-Aug-2022 16:25:04.858 INFO [main] org.apache.catalina.startup.VersionLoggerListener.log 명령 행 아규먼트:  -Xmx256m
10-Aug-2022 16:25:04.868 INFO [main] org.apache.catalina.core.AprLifecycleListener.lifecycleEvent APR 버전 [1.7.0]을(를) 사용한, APR 기반 Apache Tomcat Native 라이브러리 [1.2.33]을(를) 로드했습니다.
10-Aug-2022 16:25:04.868 INFO [main] org.apache.catalina.core.AprLifecycleListener.lifecycleEvent APR 용량정보들: IPv6 [true], sendfile [true], accept filters [false], random [true], UDS [true].
10-Aug-2022 16:25:04.868 INFO [main] org.apache.catalina.core.AprLifecycleListener.initializeSSL OpenSSL이 성공적으로 초기화되었습니다: [OpenSSL 1.1.1o  3 May 2022]
10-Aug-2022 16:25:05.178 INFO [main] org.apache.coyote.AbstractProtocol.init 프로토콜 핸들러 ["http-nio-80"]을(를) 초기화합니다.
10-Aug-2022 16:25:05.218 INFO [main] org.apache.coyote.AbstractProtocol.init 프로토콜 핸들러 ["http-nio-9080"]을(를) 초기화합니다.
10-Aug-2022 16:25:05.218 INFO [main] org.apache.catalina.startup.Catalina.load [693] 밀리초 내에 서버가 초기화되었습니다.
10-Aug-2022 16:25:05.268 INFO [main] org.apache.catalina.core.StandardService.startInternal 서비스 [Catalina]을(를) 시작합니다.
10-Aug-2022 16:25:05.268 INFO [main] org.apache.catalina.core.StandardEngine.startInternal 서버 엔진을 시작합니다: [Apache Tomcat/10.0.22]
10-Aug-2022 16:25:05.737 INFO [main] org.apache.jasper.servlet.TldScanner.scanJars 적어도 하나의 JAR가 TLD들을 찾기 위해 스캔되었으나 아무 것도 찾지 못했습니다. 스캔했으나 TLD가 없는 JAR들의 전체 목록을 보시려면, 로그 레벨을 디버그 레벨로 설정하십시오. 스캔 과정에서 불필요한 JAR들을 건너뛰면, 시스템 시작 시간과 JSP 컴파일 시간을 단축시킬 수 있습니다.
10-Aug-2022 16:25:05.867 INFO [main] org.apache.catalina.startup.HostConfig.deployDirectory 웹 애플리케이션 디렉토리 [C:\apache-tomcat-10.0.22\webapps\BBS]을(를) 배치합니다.
10-Aug-2022 16:25:06.047 INFO [main] org.apache.jasper.servlet.TldScanner.scanJars 적어도 하나의 JAR가 TLD들을 찾기 위해 스캔되었으나 아무 것도 찾지 못했습니다. 스캔했으나 TLD가 없는 JAR들의 전체 목록을 보시려면, 로그 레벨을 디버그 레벨로 설정하십시오. 스캔 과정에서 불필요한 JAR들을 건너뛰면, 시스템 시작 시간과 JSP 컴파일 시간을 단축시킬 수 있습니다.
10-Aug-2022 16:25:06.057 INFO [main] org.apache.catalina.startup.HostConfig.deployDirectory 웹 애플리케이션 디렉토리 [C:\apache-tomcat-10.0.22\webapps\BBS]에 대한 배치가 [190] 밀리초에 완료되었습니다.
10-Aug-2022 16:25:06.057 INFO [main] org.apache.catalina.startup.HostConfig.deployDirectory 웹 애플리케이션 디렉토리 [C:\apache-tomcat-10.0.22\webapps\docs]을(를) 배치합니다.
10-Aug-2022 16:25:06.087 INFO [main] org.apache.catalina.startup.HostConfig.deployDirectory 웹 애플리케이션 디렉토리 [C:\apache-tomcat-10.0.22\webapps\docs]에 대한 배치가 [30] 밀리초에 완료되었습니다.
10-Aug-2022 16:25:06.087 INFO [main] org.apache.catalina.startup.HostConfig.deployDirectory 웹 애플리케이션 디렉토리 [C:\apache-tomcat-10.0.22\webapps\examples]을(를) 배치합니다.
10-Aug-2022 16:25:06.587 INFO [main] org.apache.catalina.startup.HostConfig.deployDirectory 웹 애플리케이션 디렉토리 [C:\apache-tomcat-10.0.22\webapps\examples]에 대한 배치가 [500] 밀리초에 완료되었습니다.
10-Aug-2022 16:25:06.587 INFO [main] org.apache.catalina.startup.HostConfig.deployDirectory 웹 애플리케이션 디렉토리 [C:\apache-tomcat-10.0.22\webapps\host-manager]을(를) 배치합니다.
10-Aug-2022 16:25:06.647 INFO [main] org.apache.catalina.startup.HostConfig.deployDirectory 웹 애플리케이션 디렉토리 [C:\apache-tomcat-10.0.22\webapps\host-manager]에 대한 배치가 [60] 밀리초에 완료되었습니다.
10-Aug-2022 16:25:06.647 INFO [main] org.apache.catalina.startup.HostConfig.deployDirectory 웹 애플리케이션 디렉토리 [C:\apache-tomcat-10.0.22\webapps\manager]을(를) 배치합니다.
10-Aug-2022 16:25:06.697 INFO [main] org.apache.catalina.startup.HostConfig.deployDirectory 웹 애플리케이션 디렉토리 [C:\apache-tomcat-10.0.22\webapps\manager]에 대한 배치가 [50] 밀리초에 완료되었습니다.
10-Aug-2022 16:25:06.697 INFO [main] org.apache.catalina.startup.HostConfig.deployDirectory 웹 애플리케이션 디렉토리 [C:\apache-tomcat-10.0.22\webapps\test]을(를) 배치합니다.
10-Aug-2022 16:25:06.727 INFO [main] org.apache.catalina.startup.HostConfig.deployDirectory 웹 애플리케이션 디렉토리 [C:\apache-tomcat-10.0.22\webapps\test]에 대한 배치가 [30] 밀리초에 완료되었습니다.
10-Aug-2022 16:25:06.731 INFO [main] org.apache.coyote.AbstractProtocol.start 프로토콜 핸들러 ["http-nio-80"]을(를) 시작합니다.
10-Aug-2022 16:25:06.791 INFO [main] org.apache.catalina.core.StandardService.startInternal 서비스 [Catalina2]을(를) 시작합니다.
10-Aug-2022 16:25:06.791 INFO [main] org.apache.catalina.core.StandardEngine.startInternal 서버 엔진을 시작합니다: [Apache Tomcat/10.0.22]
10-Aug-2022 16:25:07.015 SEVERE [main] org.apache.catalina.core.NamingContextListener.lifecycleEvent Naming Context 생성 실패: [javax.naming.OperationNotSupportedException: 컨텍스트가 읽기 전용입니다.]
10-Aug-2022 16:25:07.035 INFO [main] org.apache.jasper.servlet.TldScanner.scanJars 적어도 하나의 JAR가 TLD들을 찾기 위해 스캔되었으나 아무 것도 찾지 못했습니다. 스캔했으나 TLD가 없는 JAR들의 전체 목록을 보시려면, 로그 레벨을 디버그 레벨로 설정하십시오. 스캔 과정에서 불필요한 JAR들을 건너뛰면, 시스템 시작 시간과 JSP 컴파일 시간을 단축시킬 수 있습니다.
10-Aug-2022 16:25:07.055 SEVERE [main] org.apache.catalina.core.NamingContextListener.lifecycleEvent Naming Context 생성 실패: [javax.naming.OperationNotSupportedException: 컨텍스트가 읽기 전용입니다.]
10-Aug-2022 16:25:07.065 INFO [main] org.apache.catalina.startup.HostConfig.deployDirectory 웹 애플리케이션 디렉토리 [C:\apache-tomcat-10.0.22\webapps_TimeCheck\BBS]을(를) 배치합니다.
10-Aug-2022 16:25:07.185 SEVERE [main] org.apache.catalina.core.NamingContextListener.lifecycleEvent Naming Context 생성 실패: [javax.naming.OperationNotSupportedException: 컨텍스트가 읽기 전용입니다.]
10-Aug-2022 16:25:07.205 INFO [main] org.apache.jasper.servlet.TldScanner.scanJars 적어도 하나의 JAR가 TLD들을 찾기 위해 스캔되었으나 아무 것도 찾지 못했습니다. 스캔했으나 TLD가 없는 JAR들의 전체 목록을 보시려면, 로그 레벨을 디버그 레벨로 설정하십시오. 스캔 과정에서 불필요한 JAR들을 건너뛰면, 시스템 시작 시간과 JSP 컴파일 시간을 단축시킬 수 있습니다.
10-Aug-2022 16:25:07.205 INFO [main] org.apache.catalina.startup.HostConfig.deployDirectory 웹 애플리케이션 디렉토리 [C:\apache-tomcat-10.0.22\webapps_TimeCheck\BBS]에 대한 배치가 [140] 밀리초에 완료되었습니다.
10-Aug-2022 16:25:07.205 INFO [main] org.apache.catalina.startup.HostConfig.deployDirectory 웹 애플리케이션 디렉토리 [C:\apache-tomcat-10.0.22\webapps_TimeCheck\docs]을(를) 배치합니다.
10-Aug-2022 16:25:07.225 SEVERE [main] org.apache.catalina.core.NamingContextListener.lifecycleEvent Naming Context 생성 실패: [javax.naming.OperationNotSupportedException: 컨텍스트가 읽기 전용입니다.]
10-Aug-2022 16:25:07.235 INFO [main] org.apache.catalina.startup.HostConfig.deployDirectory 웹 애플리케이션 디렉토리 [C:\apache-tomcat-10.0.22\webapps_TimeCheck\docs]에 대한 배치가 [30] 밀리초에 완료되었습니다.
10-Aug-2022 16:25:07.235 INFO [main] org.apache.catalina.startup.HostConfig.deployDirectory 웹 애플리케이션 디렉토리 [C:\apache-tomcat-10.0.22\webapps_TimeCheck\examples]을(를) 배치합니다.
10-Aug-2022 16:25:07.525 SEVERE [main] org.apache.catalina.core.NamingContextListener.lifecycleEvent Naming Context 생성 실패: [javax.naming.OperationNotSupportedException: 컨텍스트가 읽기 전용입니다.]
10-Aug-2022 16:25:07.625 INFO [main] org.apache.catalina.startup.HostConfig.deployDirectory 웹 애플리케이션 디렉토리 [C:\apache-tomcat-10.0.22\webapps_TimeCheck\examples]에 대한 배치가 [390] 밀리초에 완료되었습니다.
10-Aug-2022 16:25:07.625 INFO [main] org.apache.catalina.startup.HostConfig.deployDirectory 웹 애플리케이션 디렉토리 [C:\apache-tomcat-10.0.22\webapps_TimeCheck\host-manager]을(를) 배치합니다.
10-Aug-2022 16:25:07.645 SEVERE [main] org.apache.catalina.core.NamingContextListener.lifecycleEvent Naming Context 생성 실패: [javax.naming.OperationNotSupportedException: 컨텍스트가 읽기 전용입니다.]
10-Aug-2022 16:25:07.665 INFO [main] org.apache.catalina.startup.HostConfig.deployDirectory 웹 애플리케이션 디렉토리 [C:\apache-tomcat-10.0.22\webapps_TimeCheck\host-manager]에 대한 배치가 [40] 밀리초에 완료되었습니다.
10-Aug-2022 16:25:07.665 INFO [main] org.apache.catalina.startup.HostConfig.deployDirectory 웹 애플리케이션 디렉토리 [C:\apache-tomcat-10.0.22\webapps_TimeCheck\manager]을(를) 배치합니다.
10-Aug-2022 16:25:07.685 SEVERE [main] org.apache.catalina.core.NamingContextListener.lifecycleEvent Naming Context 생성 실패: [javax.naming.OperationNotSupportedException: 컨텍스트가 읽기 전용입니다.]
10-Aug-2022 16:25:07.705 INFO [main] org.apache.catalina.startup.HostConfig.deployDirectory 웹 애플리케이션 디렉토리 [C:\apache-tomcat-10.0.22\webapps_TimeCheck\manager]에 대한 배치가 [40] 밀리초에 완료되었습니다.
10-Aug-2022 16:25:07.705 INFO [main] org.apache.catalina.startup.HostConfig.deployDirectory 웹 애플리케이션 디렉토리 [C:\apache-tomcat-10.0.22\webapps_TimeCheck\test]을(를) 배치합니다.
10-Aug-2022 16:25:07.725 SEVERE [main] org.apache.catalina.core.NamingContextListener.lifecycleEvent Naming Context 생성 실패: [javax.naming.OperationNotSupportedException: 컨텍스트가 읽기 전용입니다.]
10-Aug-2022 16:25:07.735 INFO [main] org.apache.catalina.startup.HostConfig.deployDirectory 웹 애플리케이션 디렉토리 [C:\apache-tomcat-10.0.22\webapps_TimeCheck\test]에 대한 배치가 [30] 밀리초에 완료되었습니다.
10-Aug-2022 16:25:07.735 INFO [main] org.apache.coyote.AbstractProtocol.start 프로토콜 핸들러 ["http-nio-9080"]을(를) 시작합니다.
10-Aug-2022 16:25:07.735 INFO [main] org.apache.catalina.startup.Catalina.start 서버가 [2522] 밀리초 내에 시작되었습니다.
10-Aug-2022 16:27:20.634 INFO [Thread-3] org.apache.coyote.AbstractProtocol.pause 프로토콜 핸들러 ["http-nio-80"]을(를) 일시 정지 중
10-Aug-2022 16:27:20.644 INFO [Thread-3] org.apache.catalina.core.StandardService.stopInternal 서비스 [Catalina]을(를) 중지시킵니다.
10-Aug-2022 16:27:20.666 INFO [Thread-3] org.apache.coyote.AbstractProtocol.stop 프로토콜 핸들러 ["http-nio-80"]을(를) 중지시킵니다.
10-Aug-2022 16:27:20.676 INFO [Thread-3] org.apache.coyote.AbstractProtocol.pause 프로토콜 핸들러 ["http-nio-9080"]을(를) 일시 정지 중
10-Aug-2022 16:27:20.676 INFO [Thread-3] org.apache.catalina.core.StandardService.stopInternal 서비스 [Catalina2]을(를) 중지시킵니다.
10-Aug-2022 16:27:20.697 INFO [Thread-3] org.apache.coyote.AbstractProtocol.stop 프로토콜 핸들러 ["http-nio-9080"]을(를) 중지시킵니다.
10-Aug-2022 16:27:20.707 INFO [Thread-3] org.apache.coyote.AbstractProtocol.destroy 프로토콜 핸들러 ["http-nio-80"]을(를) 소멸시킵니다.
10-Aug-2022 16:27:20.707 INFO [Thread-3] org.apache.coyote.AbstractProtocol.destroy 프로토콜 핸들러 ["http-nio-9080"]을(를) 소멸시킵니다.

2022-08-10 16:27:23 Apache Commons Daemon procrun stderr initialized.
10-Aug-2022 16:27:24.088 INFO [main] org.apache.catalina.startup.VersionLoggerListener.log 서버 버전 이름:    Apache Tomcat/10.0.22
10-Aug-2022 16:27:24.088 INFO [main] org.apache.catalina.startup.VersionLoggerListener.log Server 빌드 시각:  Jun 2 2022 16:53:56 UTC
10-Aug-2022 16:27:24.088 INFO [main] org.apache.catalina.startup.VersionLoggerListener.log Server 버전 번호:  10.0.22.0
10-Aug-2022 16:27:24.088 INFO [main] org.apache.catalina.startup.VersionLoggerListener.log 운영체제 이름:     Windows 10
10-Aug-2022 16:27:24.088 INFO [main] org.apache.catalina.startup.VersionLoggerListener.log 운영체제 버전:     10.0
10-Aug-2022 16:27:24.088 INFO [main] org.apache.catalina.startup.VersionLoggerListener.log 아키텍처:          amd64
10-Aug-2022 16:27:24.088 INFO [main] org.apache.catalina.startup.VersionLoggerListener.log 자바 홈:           C:\Program Files\Java\jdk-17.0.4
10-Aug-2022 16:27:24.098 INFO [main] org.apache.catalina.startup.VersionLoggerListener.log JVM 버전:          17.0.4+11-LTS-179
10-Aug-2022 16:27:24.098 INFO [main] org.apache.catalina.startup.VersionLoggerListener.log JVM 벤더:          Oracle Corporation
10-Aug-2022 16:27:24.098 INFO [main] org.apache.catalina.startup.VersionLoggerListener.log CATALINA_BASE:     C:\apache-tomcat-10.0.22
10-Aug-2022 16:27:24.098 INFO [main] org.apache.catalina.startup.VersionLoggerListener.log CATALINA_HOME:     C:\apache-tomcat-10.0.22
10-Aug-2022 16:27:24.109 INFO [main] org.apache.catalina.startup.VersionLoggerListener.log 명령 행 아규먼트:  -Dcatalina.home=C:\apache-tomcat-10.0.22
10-Aug-2022 16:27:24.109 INFO [main] org.apache.catalina.startup.VersionLoggerListener.log 명령 행 아규먼트:  -Dcatalina.base=C:\apache-tomcat-10.0.22
10-Aug-2022 16:27:24.109 INFO [main] org.apache.catalina.startup.VersionLoggerListener.log 명령 행 아규먼트:  -Dignore.endorsed.dirs=C:\apache-tomcat-10.0.22\endorsed
10-Aug-2022 16:27:24.109 INFO [main] org.apache.catalina.startup.VersionLoggerListener.log 명령 행 아규먼트:  -Djava.io.tmpdir=C:\apache-tomcat-10.0.22\temp
10-Aug-2022 16:27:24.109 INFO [main] org.apache.catalina.startup.VersionLoggerListener.log 명령 행 아규먼트:  -Djava.util.logging.manager=org.apache.juli.ClassLoaderLogManager
10-Aug-2022 16:27:24.109 INFO [main] org.apache.catalina.startup.VersionLoggerListener.log 명령 행 아규먼트:  -Djava.util.logging.config.file=C:\apache-tomcat-10.0.22\conf\logging.properties
10-Aug-2022 16:27:24.109 INFO [main] org.apache.catalina.startup.VersionLoggerListener.log 명령 행 아규먼트:  --add-opens=java.base/java.lang=ALL-UNNAMED
10-Aug-2022 16:27:24.109 INFO [main] org.apache.catalina.startup.VersionLoggerListener.log 명령 행 아규먼트:  --add-opens=java.base/java.io=ALL-UNNAMED
10-Aug-2022 16:27:24.109 INFO [main] org.apache.catalina.startup.VersionLoggerListener.log 명령 행 아규먼트:  --add-opens=java.base/java.util=ALL-UNNAMED
10-Aug-2022 16:27:24.109 INFO [main] org.apache.catalina.startup.VersionLoggerListener.log 명령 행 아규먼트:  --add-opens=java.base/java.util.concurrent=ALL-UNNAMED
10-Aug-2022 16:27:24.109 INFO [main] org.apache.catalina.startup.VersionLoggerListener.log 명령 행 아규먼트:  --add-opens=java.rmi/sun.rmi.transport=ALL-UNNAMED
10-Aug-2022 16:27:24.109 INFO [main] org.apache.catalina.startup.VersionLoggerListener.log 명령 행 아규먼트:  exit
10-Aug-2022 16:27:24.109 INFO [main] org.apache.catalina.startup.VersionLoggerListener.log 명령 행 아규먼트:  abort
10-Aug-2022 16:27:24.109 INFO [main] org.apache.catalina.startup.VersionLoggerListener.log 명령 행 아규먼트:  -Xms128m
10-Aug-2022 16:27:24.109 INFO [main] org.apache.catalina.startup.VersionLoggerListener.log 명령 행 아규먼트:  -Xmx256m
10-Aug-2022 16:27:24.119 INFO [main] org.apache.catalina.core.AprLifecycleListener.lifecycleEvent APR 버전 [1.7.0]을(를) 사용한, APR 기반 Apache Tomcat Native 라이브러리 [1.2.33]을(를) 로드했습니다.
10-Aug-2022 16:27:24.119 INFO [main] org.apache.catalina.core.AprLifecycleListener.lifecycleEvent APR 용량정보들: IPv6 [true], sendfile [true], accept filters [false], random [true], UDS [true].
10-Aug-2022 16:27:24.119 INFO [main] org.apache.catalina.core.AprLifecycleListener.initializeSSL OpenSSL이 성공적으로 초기화되었습니다: [OpenSSL 1.1.1o  3 May 2022]
10-Aug-2022 16:27:24.433 INFO [main] org.apache.coyote.AbstractProtocol.init 프로토콜 핸들러 ["http-nio-80"]을(를) 초기화합니다.
10-Aug-2022 16:27:24.463 INFO [main] org.apache.coyote.AbstractProtocol.init 프로토콜 핸들러 ["http-nio-9080"]을(를) 초기화합니다.
10-Aug-2022 16:27:24.463 INFO [main] org.apache.catalina.startup.Catalina.load [688] 밀리초 내에 서버가 초기화되었습니다.
10-Aug-2022 16:27:24.513 INFO [main] org.apache.catalina.core.StandardService.startInternal 서비스 [Catalina]을(를) 시작합니다.
10-Aug-2022 16:27:24.513 INFO [main] org.apache.catalina.core.StandardEngine.startInternal 서버 엔진을 시작합니다: [Apache Tomcat/10.0.22]
10-Aug-2022 16:27:25.093 INFO [main] org.apache.jasper.servlet.TldScanner.scanJars 적어도 하나의 JAR가 TLD들을 찾기 위해 스캔되었으나 아무 것도 찾지 못했습니다. 스캔했으나 TLD가 없는 JAR들의 전체 목록을 보시려면, 로그 레벨을 디버그 레벨로 설정하십시오. 스캔 과정에서 불필요한 JAR들을 건너뛰면, 시스템 시작 시간과 JSP 컴파일 시간을 단축시킬 수 있습니다.
10-Aug-2022 16:27:25.213 INFO [main] org.apache.catalina.startup.HostConfig.deployDirectory 웹 애플리케이션 디렉토리 [C:\apache-tomcat-10.0.22\webapps\BBS]을(를) 배치합니다.
10-Aug-2022 16:27:25.443 INFO [main] org.apache.jasper.servlet.TldScanner.scanJars 적어도 하나의 JAR가 TLD들을 찾기 위해 스캔되었으나 아무 것도 찾지 못했습니다. 스캔했으나 TLD가 없는 JAR들의 전체 목록을 보시려면, 로그 레벨을 디버그 레벨로 설정하십시오. 스캔 과정에서 불필요한 JAR들을 건너뛰면, 시스템 시작 시간과 JSP 컴파일 시간을 단축시킬 수 있습니다.
10-Aug-2022 16:27:25.453 INFO [main] org.apache.catalina.startup.HostConfig.deployDirectory 웹 애플리케이션 디렉토리 [C:\apache-tomcat-10.0.22\webapps\BBS]에 대한 배치가 [240] 밀리초에 완료되었습니다.
10-Aug-2022 16:27:25.453 INFO [main] org.apache.catalina.startup.HostConfig.deployDirectory 웹 애플리케이션 디렉토리 [C:\apache-tomcat-10.0.22\webapps\docs]을(를) 배치합니다.
10-Aug-2022 16:27:25.483 INFO [main] org.apache.catalina.startup.HostConfig.deployDirectory 웹 애플리케이션 디렉토리 [C:\apache-tomcat-10.0.22\webapps\docs]에 대한 배치가 [30] 밀리초에 완료되었습니다.
10-Aug-2022 16:27:25.483 INFO [main] org.apache.catalina.startup.HostConfig.deployDirectory 웹 애플리케이션 디렉토리 [C:\apache-tomcat-10.0.22\webapps\examples]을(를) 배치합니다.
10-Aug-2022 16:27:25.973 INFO [main] org.apache.catalina.startup.HostConfig.deployDirectory 웹 애플리케이션 디렉토리 [C:\apache-tomcat-10.0.22\webapps\examples]에 대한 배치가 [490] 밀리초에 완료되었습니다.
10-Aug-2022 16:27:25.973 INFO [main] org.apache.catalina.startup.HostConfig.deployDirectory 웹 애플리케이션 디렉토리 [C:\apache-tomcat-10.0.22\webapps\host-manager]을(를) 배치합니다.
10-Aug-2022 16:27:26.023 INFO [main] org.apache.catalina.startup.HostConfig.deployDirectory 웹 애플리케이션 디렉토리 [C:\apache-tomcat-10.0.22\webapps\host-manager]에 대한 배치가 [50] 밀리초에 완료되었습니다.
10-Aug-2022 16:27:26.023 INFO [main] org.apache.catalina.startup.HostConfig.deployDirectory 웹 애플리케이션 디렉토리 [C:\apache-tomcat-10.0.22\webapps\manager]을(를) 배치합니다.
10-Aug-2022 16:27:26.073 INFO [main] org.apache.catalina.startup.HostConfig.deployDirectory 웹 애플리케이션 디렉토리 [C:\apache-tomcat-10.0.22\webapps\manager]에 대한 배치가 [50] 밀리초에 완료되었습니다.
10-Aug-2022 16:27:26.073 INFO [main] org.apache.catalina.startup.HostConfig.deployDirectory 웹 애플리케이션 디렉토리 [C:\apache-tomcat-10.0.22\webapps\test]을(를) 배치합니다.
10-Aug-2022 16:27:26.103 INFO [main] org.apache.catalina.startup.HostConfig.deployDirectory 웹 애플리케이션 디렉토리 [C:\apache-tomcat-10.0.22\webapps\test]에 대한 배치가 [30] 밀리초에 완료되었습니다.
10-Aug-2022 16:27:26.109 INFO [main] org.apache.coyote.AbstractProtocol.start 프로토콜 핸들러 ["http-nio-80"]을(를) 시작합니다.
10-Aug-2022 16:27:26.159 INFO [main] org.apache.catalina.core.StandardService.startInternal 서비스 [Catalina2]을(를) 시작합니다.
10-Aug-2022 16:27:26.159 INFO [main] org.apache.catalina.core.StandardEngine.startInternal 서버 엔진을 시작합니다: [Apache Tomcat/10.0.22]
10-Aug-2022 16:27:26.292 SEVERE [main] org.apache.catalina.core.NamingContextListener.lifecycleEvent Naming Context 생성 실패: [javax.naming.OperationNotSupportedException: 컨텍스트가 읽기 전용입니다.]
10-Aug-2022 16:27:26.322 INFO [main] org.apache.jasper.servlet.TldScanner.scanJars 적어도 하나의 JAR가 TLD들을 찾기 위해 스캔되었으나 아무 것도 찾지 못했습니다. 스캔했으나 TLD가 없는 JAR들의 전체 목록을 보시려면, 로그 레벨을 디버그 레벨로 설정하십시오. 스캔 과정에서 불필요한 JAR들을 건너뛰면, 시스템 시작 시간과 JSP 컴파일 시간을 단축시킬 수 있습니다.
10-Aug-2022 16:27:26.332 SEVERE [main] org.apache.catalina.core.NamingContextListener.lifecycleEvent Naming Context 생성 실패: [javax.naming.OperationNotSupportedException: 컨텍스트가 읽기 전용입니다.]
10-Aug-2022 16:27:26.342 INFO [main] org.apache.catalina.startup.HostConfig.deployDirectory 웹 애플리케이션 디렉토리 [C:\apache-tomcat-10.0.22\webapps_TimeCheck\BBS]을(를) 배치합니다.
10-Aug-2022 16:27:26.462 SEVERE [main] org.apache.catalina.core.NamingContextListener.lifecycleEvent Naming Context 생성 실패: [javax.naming.OperationNotSupportedException: 컨텍스트가 읽기 전용입니다.]
10-Aug-2022 16:27:26.482 INFO [main] org.apache.jasper.servlet.TldScanner.scanJars 적어도 하나의 JAR가 TLD들을 찾기 위해 스캔되었으나 아무 것도 찾지 못했습니다. 스캔했으나 TLD가 없는 JAR들의 전체 목록을 보시려면, 로그 레벨을 디버그 레벨로 설정하십시오. 스캔 과정에서 불필요한 JAR들을 건너뛰면, 시스템 시작 시간과 JSP 컴파일 시간을 단축시킬 수 있습니다.
10-Aug-2022 16:27:26.492 INFO [main] org.apache.catalina.startup.HostConfig.deployDirectory 웹 애플리케이션 디렉토리 [C:\apache-tomcat-10.0.22\webapps_TimeCheck\BBS]에 대한 배치가 [150] 밀리초에 완료되었습니다.
10-Aug-2022 16:27:26.492 INFO [main] org.apache.catalina.startup.HostConfig.deployDirectory 웹 애플리케이션 디렉토리 [C:\apache-tomcat-10.0.22\webapps_TimeCheck\docs]을(를) 배치합니다.
10-Aug-2022 16:27:26.512 SEVERE [main] org.apache.catalina.core.NamingContextListener.lifecycleEvent Naming Context 생성 실패: [javax.naming.OperationNotSupportedException: 컨텍스트가 읽기 전용입니다.]
10-Aug-2022 16:27:26.522 INFO [main] org.apache.catalina.startup.HostConfig.deployDirectory 웹 애플리케이션 디렉토리 [C:\apache-tomcat-10.0.22\webapps_TimeCheck\docs]에 대한 배치가 [30] 밀리초에 완료되었습니다.
10-Aug-2022 16:27:26.522 INFO [main] org.apache.catalina.startup.HostConfig.deployDirectory 웹 애플리케이션 디렉토리 [C:\apache-tomcat-10.0.22\webapps_TimeCheck\examples]을(를) 배치합니다.
10-Aug-2022 16:27:26.792 SEVERE [main] org.apache.catalina.core.NamingContextListener.lifecycleEvent Naming Context 생성 실패: [javax.naming.OperationNotSupportedException: 컨텍스트가 읽기 전용입니다.]
10-Aug-2022 16:27:26.911 INFO [main] org.apache.catalina.startup.HostConfig.deployDirectory 웹 애플리케이션 디렉토리 [C:\apache-tomcat-10.0.22\webapps_TimeCheck\examples]에 대한 배치가 [389] 밀리초에 완료되었습니다.
10-Aug-2022 16:27:26.911 INFO [main] org.apache.catalina.startup.HostConfig.deployDirectory 웹 애플리케이션 디렉토리 [C:\apache-tomcat-10.0.22\webapps_TimeCheck\host-manager]을(를) 배치합니다.
10-Aug-2022 16:27:26.931 SEVERE [main] org.apache.catalina.core.NamingContextListener.lifecycleEvent Naming Context 생성 실패: [javax.naming.OperationNotSupportedException: 컨텍스트가 읽기 전용입니다.]
10-Aug-2022 16:27:26.941 INFO [main] org.apache.catalina.startup.HostConfig.deployDirectory 웹 애플리케이션 디렉토리 [C:\apache-tomcat-10.0.22\webapps_TimeCheck\host-manager]에 대한 배치가 [30] 밀리초에 완료되었습니다.
10-Aug-2022 16:27:26.941 INFO [main] org.apache.catalina.startup.HostConfig.deployDirectory 웹 애플리케이션 디렉토리 [C:\apache-tomcat-10.0.22\webapps_TimeCheck\manager]을(를) 배치합니다.
10-Aug-2022 16:27:26.971 SEVERE [main] org.apache.catalina.core.NamingContextListener.lifecycleEvent Naming Context 생성 실패: [javax.naming.OperationNotSupportedException: 컨텍스트가 읽기 전용입니다.]
10-Aug-2022 16:27:26.981 INFO [main] org.apache.catalina.startup.HostConfig.deployDirectory 웹 애플리케이션 디렉토리 [C:\apache-tomcat-10.0.22\webapps_TimeCheck\manager]에 대한 배치가 [40] 밀리초에 완료되었습니다.
10-Aug-2022 16:27:26.981 INFO [main] org.apache.catalina.startup.HostConfig.deployDirectory 웹 애플리케이션 디렉토리 [C:\apache-tomcat-10.0.22\webapps_TimeCheck\test]을(를) 배치합니다.
10-Aug-2022 16:27:27.001 SEVERE [main] org.apache.catalina.core.NamingContextListener.lifecycleEvent Naming Context 생성 실패: [javax.naming.OperationNotSupportedException: 컨텍스트가 읽기 전용입니다.]
10-Aug-2022 16:27:27.011 INFO [main] org.apache.catalina.startup.HostConfig.deployDirectory 웹 애플리케이션 디렉토리 [C:\apache-tomcat-10.0.22\webapps_TimeCheck\test]에 대한 배치가 [30] 밀리초에 완료되었습니다.
10-Aug-2022 16:27:27.011 INFO [main] org.apache.coyote.AbstractProtocol.start 프로토콜 핸들러 ["http-nio-9080"]을(를) 시작합니다.
10-Aug-2022 16:27:27.011 INFO [main] org.apache.catalina.startup.Catalina.start 서버가 [2549] 밀리초 내에 시작되었습니다.
10-Aug-2022 17:48:18.451 INFO [Thread-3] org.apache.coyote.AbstractProtocol.pause 프로토콜 핸들러 ["http-nio-80"]을(를) 일시 정지 중
10-Aug-2022 17:48:18.467 INFO [Thread-3] org.apache.catalina.core.StandardService.stopInternal 서비스 [Catalina]을(를) 중지시킵니다.
10-Aug-2022 17:48:18.494 INFO [Thread-3] org.apache.coyote.AbstractProtocol.stop 프로토콜 핸들러 ["http-nio-80"]을(를) 중지시킵니다.
10-Aug-2022 17:48:18.509 INFO [Thread-3] org.apache.coyote.AbstractProtocol.pause 프로토콜 핸들러 ["http-nio-9080"]을(를) 일시 정지 중
10-Aug-2022 17:48:18.509 INFO [Thread-3] org.apache.catalina.core.StandardService.stopInternal 서비스 [Catalina2]을(를) 중지시킵니다.
10-Aug-2022 17:48:18.526 INFO [Thread-3] org.apache.coyote.AbstractProtocol.stop 프로토콜 핸들러 ["http-nio-9080"]을(를) 중지시킵니다.
10-Aug-2022 17:48:18.542 INFO [Thread-3] org.apache.coyote.AbstractProtocol.destroy 프로토콜 핸들러 ["http-nio-80"]을(를) 소멸시킵니다.
10-Aug-2022 17:48:18.542 INFO [Thread-3] org.apache.coyote.AbstractProtocol.destroy 프로토콜 핸들러 ["http-nio-9080"]을(를) 소멸시킵니다.
