
2023-01-25 20:45:24 Apache Commons Daemon procrun stderr initialized.
25-Jan-2023 20:45:26.378 INFO [main] org.apache.catalina.startup.VersionLoggerListener.log 서버 버전 이름:    Apache Tomcat/10.0.22
25-Jan-2023 20:45:26.398 INFO [main] org.apache.catalina.startup.VersionLoggerListener.log Server 빌드 시각:  Jun 2 2022 16:53:56 UTC
25-Jan-2023 20:45:26.398 INFO [main] org.apache.catalina.startup.VersionLoggerListener.log Server 버전 번호:  10.0.22.0
25-Jan-2023 20:45:26.398 INFO [main] org.apache.catalina.startup.VersionLoggerListener.log 운영체제 이름:     Windows 10
25-Jan-2023 20:45:26.456 INFO [main] org.apache.catalina.startup.VersionLoggerListener.log 운영체제 버전:     10.0
25-Jan-2023 20:45:26.456 INFO [main] org.apache.catalina.startup.VersionLoggerListener.log 아키텍처:          amd64
25-Jan-2023 20:45:26.456 INFO [main] org.apache.catalina.startup.VersionLoggerListener.log 자바 홈:           C:\jdk-18.0.2.1
25-Jan-2023 20:45:26.456 INFO [main] org.apache.catalina.startup.VersionLoggerListener.log JVM 버전:          18.0.2.1+1-1
25-Jan-2023 20:45:26.456 INFO [main] org.apache.catalina.startup.VersionLoggerListener.log JVM 벤더:          Oracle Corporation
25-Jan-2023 20:45:26.456 INFO [main] org.apache.catalina.startup.VersionLoggerListener.log CATALINA_BASE:     C:\apache-tomcat-10.0.22
25-Jan-2023 20:45:26.456 INFO [main] org.apache.catalina.startup.VersionLoggerListener.log CATALINA_HOME:     C:\apache-tomcat-10.0.22
25-Jan-2023 20:45:26.472 INFO [main] org.apache.catalina.startup.VersionLoggerListener.log 명령 행 아규먼트:  -Dcatalina.home=C:\apache-tomcat-10.0.22
25-Jan-2023 20:45:26.472 INFO [main] org.apache.catalina.startup.VersionLoggerListener.log 명령 행 아규먼트:  -Dcatalina.base=C:\apache-tomcat-10.0.22
25-Jan-2023 20:45:26.472 INFO [main] org.apache.catalina.startup.VersionLoggerListener.log 명령 행 아규먼트:  -Dignore.endorsed.dirs=C:\apache-tomcat-10.0.22\endorsed
25-Jan-2023 20:45:26.472 INFO [main] org.apache.catalina.startup.VersionLoggerListener.log 명령 행 아규먼트:  -Djava.io.tmpdir=C:\apache-tomcat-10.0.22\temp
25-Jan-2023 20:45:26.472 INFO [main] org.apache.catalina.startup.VersionLoggerListener.log 명령 행 아규먼트:  -Djava.util.logging.manager=org.apache.juli.ClassLoaderLogManager
25-Jan-2023 20:45:26.472 INFO [main] org.apache.catalina.startup.VersionLoggerListener.log 명령 행 아규먼트:  -Djava.util.logging.config.file=C:\apache-tomcat-10.0.22\conf\logging.properties
25-Jan-2023 20:45:26.472 INFO [main] org.apache.catalina.startup.VersionLoggerListener.log 명령 행 아규먼트:  --add-opens=java.base/java.lang=ALL-UNNAMED
25-Jan-2023 20:45:26.472 INFO [main] org.apache.catalina.startup.VersionLoggerListener.log 명령 행 아규먼트:  --add-opens=java.base/java.io=ALL-UNNAMED
25-Jan-2023 20:45:26.472 INFO [main] org.apache.catalina.startup.VersionLoggerListener.log 명령 행 아규먼트:  --add-opens=java.base/java.util=ALL-UNNAMED
25-Jan-2023 20:45:26.472 INFO [main] org.apache.catalina.startup.VersionLoggerListener.log 명령 행 아규먼트:  --add-opens=java.base/java.util.concurrent=ALL-UNNAMED
25-Jan-2023 20:45:26.472 INFO [main] org.apache.catalina.startup.VersionLoggerListener.log 명령 행 아규먼트:  --add-opens=java.rmi/sun.rmi.transport=ALL-UNNAMED
25-Jan-2023 20:45:26.472 INFO [main] org.apache.catalina.startup.VersionLoggerListener.log 명령 행 아규먼트:  exit
25-Jan-2023 20:45:26.472 INFO [main] org.apache.catalina.startup.VersionLoggerListener.log 명령 행 아규먼트:  abort
25-Jan-2023 20:45:26.472 INFO [main] org.apache.catalina.startup.VersionLoggerListener.log 명령 행 아규먼트:  -Xms128m
25-Jan-2023 20:45:26.472 INFO [main] org.apache.catalina.startup.VersionLoggerListener.log 명령 행 아규먼트:  -Xmx256m
25-Jan-2023 20:45:26.472 INFO [main] org.apache.catalina.core.AprLifecycleListener.lifecycleEvent APR 버전 [1.7.0]을(를) 사용한, APR 기반 Apache Tomcat Native 라이브러리 [1.2.33]을(를) 로드했습니다.
25-Jan-2023 20:45:26.472 INFO [main] org.apache.catalina.core.AprLifecycleListener.lifecycleEvent APR 용량정보들: IPv6 [true], sendfile [true], accept filters [false], random [true], UDS [true].
25-Jan-2023 20:45:26.472 INFO [main] org.apache.catalina.core.AprLifecycleListener.initializeSSL OpenSSL이 성공적으로 초기화되었습니다: [OpenSSL 1.1.1o  3 May 2022]
25-Jan-2023 20:45:26.893 INFO [main] org.apache.coyote.AbstractProtocol.init 프로토콜 핸들러 ["http-nio-3210"]을(를) 초기화합니다.
25-Jan-2023 20:45:26.909 SEVERE [main] org.apache.catalina.util.LifecycleBase.handleSubClassException 구성요소 [Connector[HTTP/1.1-3210]]을(를) 초기화하지 못했습니다.
	org.apache.catalina.LifecycleException: 프로토콜 핸들러 초기화가 실패했습니다.
		at org.apache.catalina.connector.Connector.initInternal(Connector.java:1055)
		at org.apache.catalina.util.LifecycleBase.init(LifecycleBase.java:136)
		at org.apache.catalina.core.StandardService.initInternal(StandardService.java:556)
		at org.apache.catalina.util.LifecycleBase.init(LifecycleBase.java:136)
		at org.apache.catalina.core.StandardServer.initInternal(StandardServer.java:1045)
		at org.apache.catalina.util.LifecycleBase.init(LifecycleBase.java:136)
		at org.apache.catalina.startup.Catalina.load(Catalina.java:747)
		at org.apache.catalina.startup.Catalina.load(Catalina.java:769)
		at java.base/jdk.internal.reflect.DirectMethodHandleAccessor.invoke(DirectMethodHandleAccessor.java:104)
		at java.base/java.lang.reflect.Method.invoke(Method.java:577)
		at org.apache.catalina.startup.Bootstrap.load(Bootstrap.java:305)
		at org.apache.catalina.startup.Bootstrap.main(Bootstrap.java:475)
	Caused by: java.net.BindException: Address already in use: bind
		at java.base/sun.nio.ch.Net.bind0(Native Method)
		at java.base/sun.nio.ch.Net.bind(Net.java:555)
		at java.base/sun.nio.ch.ServerSocketChannelImpl.netBind(ServerSocketChannelImpl.java:337)
		at java.base/sun.nio.ch.ServerSocketChannelImpl.bind(ServerSocketChannelImpl.java:294)
		at org.apache.tomcat.util.net.NioEndpoint.initServerSocket(NioEndpoint.java:245)
		at org.apache.tomcat.util.net.NioEndpoint.bind(NioEndpoint.java:200)
		at org.apache.tomcat.util.net.AbstractEndpoint.bindWithCleanup(AbstractEndpoint.java:1192)
		at org.apache.tomcat.util.net.AbstractEndpoint.init(AbstractEndpoint.java:1205)
		at org.apache.coyote.AbstractProtocol.init(AbstractProtocol.java:580)
		at org.apache.coyote.http11.AbstractHttp11Protocol.init(AbstractHttp11Protocol.java:82)
		at org.apache.catalina.connector.Connector.initInternal(Connector.java:1052)
		... 11 more
25-Jan-2023 20:45:26.919 INFO [main] org.apache.catalina.startup.Catalina.load [1016] 밀리초 내에 서버가 초기화되었습니다.
25-Jan-2023 20:45:26.966 INFO [main] org.apache.catalina.core.StandardService.startInternal 서비스 [Catalina]을(를) 시작합니다.
25-Jan-2023 20:45:26.966 INFO [main] org.apache.catalina.core.StandardEngine.startInternal 서버 엔진을 시작합니다: [Apache Tomcat/10.0.22]
25-Jan-2023 20:45:27.638 INFO [main] org.apache.jasper.servlet.TldScanner.scanJars 적어도 하나의 JAR가 TLD들을 찾기 위해 스캔되었으나 아무 것도 찾지 못했습니다. 스캔했으나 TLD가 없는 JAR들의 전체 목록을 보시려면, 로그 레벨을 디버그 레벨로 설정하십시오. 스캔 과정에서 불필요한 JAR들을 건너뛰면, 시스템 시작 시간과 JSP 컴파일 시간을 단축시킬 수 있습니다.
25-Jan-2023 20:45:27.764 INFO [main] org.apache.jasper.servlet.TldScanner.scanJars 적어도 하나의 JAR가 TLD들을 찾기 위해 스캔되었으나 아무 것도 찾지 못했습니다. 스캔했으나 TLD가 없는 JAR들의 전체 목록을 보시려면, 로그 레벨을 디버그 레벨로 설정하십시오. 스캔 과정에서 불필요한 JAR들을 건너뛰면, 시스템 시작 시간과 JSP 컴파일 시간을 단축시킬 수 있습니다.
25-Jan-2023 20:45:27.780 INFO [main] org.apache.catalina.startup.HostConfig.deployDirectory 웹 애플리케이션 디렉토리 [C:\apache-tomcat-10.0.22\webapps\BBS]을(를) 배치합니다.
25-Jan-2023 20:45:28.139 INFO [main] org.apache.jasper.servlet.TldScanner.scanJars 적어도 하나의 JAR가 TLD들을 찾기 위해 스캔되었으나 아무 것도 찾지 못했습니다. 스캔했으나 TLD가 없는 JAR들의 전체 목록을 보시려면, 로그 레벨을 디버그 레벨로 설정하십시오. 스캔 과정에서 불필요한 JAR들을 건너뛰면, 시스템 시작 시간과 JSP 컴파일 시간을 단축시킬 수 있습니다.
25-Jan-2023 20:45:28.139 INFO [main] org.apache.catalina.startup.HostConfig.deployDirectory 웹 애플리케이션 디렉토리 [C:\apache-tomcat-10.0.22\webapps\BBS]에 대한 배치가 [359] 밀리초에 완료되었습니다.
25-Jan-2023 20:45:28.139 INFO [main] org.apache.catalina.startup.HostConfig.deployDirectory 웹 애플리케이션 디렉토리 [C:\apache-tomcat-10.0.22\webapps\docs]을(를) 배치합니다.
25-Jan-2023 20:45:28.202 INFO [main] org.apache.jasper.servlet.TldScanner.scanJars 적어도 하나의 JAR가 TLD들을 찾기 위해 스캔되었으나 아무 것도 찾지 못했습니다. 스캔했으나 TLD가 없는 JAR들의 전체 목록을 보시려면, 로그 레벨을 디버그 레벨로 설정하십시오. 스캔 과정에서 불필요한 JAR들을 건너뛰면, 시스템 시작 시간과 JSP 컴파일 시간을 단축시킬 수 있습니다.
25-Jan-2023 20:45:28.202 INFO [main] org.apache.catalina.startup.HostConfig.deployDirectory 웹 애플리케이션 디렉토리 [C:\apache-tomcat-10.0.22\webapps\docs]에 대한 배치가 [63] 밀리초에 완료되었습니다.
25-Jan-2023 20:45:28.202 INFO [main] org.apache.catalina.startup.HostConfig.deployDirectory 웹 애플리케이션 디렉토리 [C:\apache-tomcat-10.0.22\webapps\examples]을(를) 배치합니다.
25-Jan-2023 20:45:28.878 INFO [main] org.apache.jasper.servlet.TldScanner.scanJars 적어도 하나의 JAR가 TLD들을 찾기 위해 스캔되었으나 아무 것도 찾지 못했습니다. 스캔했으나 TLD가 없는 JAR들의 전체 목록을 보시려면, 로그 레벨을 디버그 레벨로 설정하십시오. 스캔 과정에서 불필요한 JAR들을 건너뛰면, 시스템 시작 시간과 JSP 컴파일 시간을 단축시킬 수 있습니다.
25-Jan-2023 20:45:28.965 INFO [main] org.apache.catalina.startup.HostConfig.deployDirectory 웹 애플리케이션 디렉토리 [C:\apache-tomcat-10.0.22\webapps\examples]에 대한 배치가 [763] 밀리초에 완료되었습니다.
25-Jan-2023 20:45:28.965 INFO [main] org.apache.catalina.startup.HostConfig.deployDirectory 웹 애플리케이션 디렉토리 [C:\apache-tomcat-10.0.22\webapps\host-manager]을(를) 배치합니다.
25-Jan-2023 20:45:29.059 INFO [main] org.apache.jasper.servlet.TldScanner.scanJars 적어도 하나의 JAR가 TLD들을 찾기 위해 스캔되었으나 아무 것도 찾지 못했습니다. 스캔했으나 TLD가 없는 JAR들의 전체 목록을 보시려면, 로그 레벨을 디버그 레벨로 설정하십시오. 스캔 과정에서 불필요한 JAR들을 건너뛰면, 시스템 시작 시간과 JSP 컴파일 시간을 단축시킬 수 있습니다.
25-Jan-2023 20:45:29.075 INFO [main] org.apache.catalina.startup.HostConfig.deployDirectory 웹 애플리케이션 디렉토리 [C:\apache-tomcat-10.0.22\webapps\host-manager]에 대한 배치가 [110] 밀리초에 완료되었습니다.
25-Jan-2023 20:45:29.075 INFO [main] org.apache.catalina.startup.HostConfig.deployDirectory 웹 애플리케이션 디렉토리 [C:\apache-tomcat-10.0.22\webapps\manager]을(를) 배치합니다.
25-Jan-2023 20:45:29.151 INFO [main] org.apache.jasper.servlet.TldScanner.scanJars 적어도 하나의 JAR가 TLD들을 찾기 위해 스캔되었으나 아무 것도 찾지 못했습니다. 스캔했으나 TLD가 없는 JAR들의 전체 목록을 보시려면, 로그 레벨을 디버그 레벨로 설정하십시오. 스캔 과정에서 불필요한 JAR들을 건너뛰면, 시스템 시작 시간과 JSP 컴파일 시간을 단축시킬 수 있습니다.
25-Jan-2023 20:45:29.167 INFO [main] org.apache.catalina.startup.HostConfig.deployDirectory 웹 애플리케이션 디렉토리 [C:\apache-tomcat-10.0.22\webapps\manager]에 대한 배치가 [92] 밀리초에 완료되었습니다.
25-Jan-2023 20:45:29.167 INFO [main] org.apache.catalina.startup.HostConfig.deployDirectory 웹 애플리케이션 디렉토리 [C:\apache-tomcat-10.0.22\webapps\test]을(를) 배치합니다.
25-Jan-2023 20:45:29.198 INFO [main] org.apache.jasper.servlet.TldScanner.scanJars 적어도 하나의 JAR가 TLD들을 찾기 위해 스캔되었으나 아무 것도 찾지 못했습니다. 스캔했으나 TLD가 없는 JAR들의 전체 목록을 보시려면, 로그 레벨을 디버그 레벨로 설정하십시오. 스캔 과정에서 불필요한 JAR들을 건너뛰면, 시스템 시작 시간과 JSP 컴파일 시간을 단축시킬 수 있습니다.
25-Jan-2023 20:45:29.198 INFO [main] org.apache.catalina.startup.HostConfig.deployDirectory 웹 애플리케이션 디렉토리 [C:\apache-tomcat-10.0.22\webapps\test]에 대한 배치가 [31] 밀리초에 완료되었습니다.
25-Jan-2023 20:45:29.198 INFO [main] org.apache.catalina.startup.Catalina.start 서버가 [2289] 밀리초 내에 시작되었습니다.
25-Jan-2023 20:45:29.214 SEVERE [main] org.apache.catalina.core.StandardServer.await 주소 [localhost]와(과) 포트 [8005]에, 서버 셧다운 소켓을 생성하지 못했습니다. (base 포트 [8005], offset [0])
	java.net.BindException: Address already in use: bind
		at java.base/sun.nio.ch.Net.bind0(Native Method)
		at java.base/sun.nio.ch.Net.bind(Net.java:555)
		at java.base/sun.nio.ch.Net.bind(Net.java:544)
		at java.base/sun.nio.ch.NioSocketImpl.bind(NioSocketImpl.java:640)
		at java.base/java.net.ServerSocket.bind(ServerSocket.java:392)
		at java.base/java.net.ServerSocket.<init>(ServerSocket.java:274)
		at org.apache.catalina.core.StandardServer.await(StandardServer.java:580)
		at org.apache.catalina.startup.Catalina.await(Catalina.java:887)
		at org.apache.catalina.startup.Catalina.start(Catalina.java:833)
		at java.base/jdk.internal.reflect.DirectMethodHandleAccessor.invoke(DirectMethodHandleAccessor.java:104)
		at java.base/java.lang.reflect.Method.invoke(Method.java:577)
		at org.apache.catalina.startup.Bootstrap.start(Bootstrap.java:345)
		at org.apache.catalina.startup.Bootstrap.main(Bootstrap.java:476)
25-Jan-2023 20:45:29.221 INFO [main] org.apache.coyote.AbstractProtocol.pause 프로토콜 핸들러 ["http-nio-3210"]을(를) 일시 정지 중
25-Jan-2023 20:45:29.221 INFO [main] org.apache.catalina.core.StandardService.stopInternal 서비스 [Catalina]을(를) 중지시킵니다.
25-Jan-2023 20:45:29.284 INFO [main] org.apache.coyote.AbstractProtocol.stop 프로토콜 핸들러 ["http-nio-3210"]을(를) 중지시킵니다.
25-Jan-2023 20:45:29.284 INFO [main] org.apache.coyote.AbstractProtocol.destroy 프로토콜 핸들러 ["http-nio-3210"]을(를) 소멸시킵니다.

2023-01-25 20:50:31 Apache Commons Daemon procrun stderr initialized.
25-Jan-2023 20:50:32.409 INFO [main] org.apache.catalina.startup.VersionLoggerListener.log 서버 버전 이름:    Apache Tomcat/10.0.22
25-Jan-2023 20:50:32.415 INFO [main] org.apache.catalina.startup.VersionLoggerListener.log Server 빌드 시각:  Jun 2 2022 16:53:56 UTC
25-Jan-2023 20:50:32.415 INFO [main] org.apache.catalina.startup.VersionLoggerListener.log Server 버전 번호:  10.0.22.0
25-Jan-2023 20:50:32.415 INFO [main] org.apache.catalina.startup.VersionLoggerListener.log 운영체제 이름:     Windows 10
25-Jan-2023 20:50:32.415 INFO [main] org.apache.catalina.startup.VersionLoggerListener.log 운영체제 버전:     10.0
25-Jan-2023 20:50:32.415 INFO [main] org.apache.catalina.startup.VersionLoggerListener.log 아키텍처:          amd64
25-Jan-2023 20:50:32.415 INFO [main] org.apache.catalina.startup.VersionLoggerListener.log 자바 홈:           C:\jdk-18.0.2.1
25-Jan-2023 20:50:32.415 INFO [main] org.apache.catalina.startup.VersionLoggerListener.log JVM 버전:          18.0.2.1+1-1
25-Jan-2023 20:50:32.415 INFO [main] org.apache.catalina.startup.VersionLoggerListener.log JVM 벤더:          Oracle Corporation
25-Jan-2023 20:50:32.415 INFO [main] org.apache.catalina.startup.VersionLoggerListener.log CATALINA_BASE:     C:\apache-tomcat-10.0.22
25-Jan-2023 20:50:32.415 INFO [main] org.apache.catalina.startup.VersionLoggerListener.log CATALINA_HOME:     C:\apache-tomcat-10.0.22
25-Jan-2023 20:50:32.431 INFO [main] org.apache.catalina.startup.VersionLoggerListener.log 명령 행 아규먼트:  -Dcatalina.home=C:\apache-tomcat-10.0.22
25-Jan-2023 20:50:32.431 INFO [main] org.apache.catalina.startup.VersionLoggerListener.log 명령 행 아규먼트:  -Dcatalina.base=C:\apache-tomcat-10.0.22
25-Jan-2023 20:50:32.431 INFO [main] org.apache.catalina.startup.VersionLoggerListener.log 명령 행 아규먼트:  -Dignore.endorsed.dirs=C:\apache-tomcat-10.0.22\endorsed
25-Jan-2023 20:50:32.431 INFO [main] org.apache.catalina.startup.VersionLoggerListener.log 명령 행 아규먼트:  -Djava.io.tmpdir=C:\apache-tomcat-10.0.22\temp
25-Jan-2023 20:50:32.431 INFO [main] org.apache.catalina.startup.VersionLoggerListener.log 명령 행 아규먼트:  -Djava.util.logging.manager=org.apache.juli.ClassLoaderLogManager
25-Jan-2023 20:50:32.431 INFO [main] org.apache.catalina.startup.VersionLoggerListener.log 명령 행 아규먼트:  -Djava.util.logging.config.file=C:\apache-tomcat-10.0.22\conf\logging.properties
25-Jan-2023 20:50:32.431 INFO [main] org.apache.catalina.startup.VersionLoggerListener.log 명령 행 아규먼트:  --add-opens=java.base/java.lang=ALL-UNNAMED
25-Jan-2023 20:50:32.431 INFO [main] org.apache.catalina.startup.VersionLoggerListener.log 명령 행 아규먼트:  --add-opens=java.base/java.io=ALL-UNNAMED
25-Jan-2023 20:50:32.431 INFO [main] org.apache.catalina.startup.VersionLoggerListener.log 명령 행 아규먼트:  --add-opens=java.base/java.util=ALL-UNNAMED
25-Jan-2023 20:50:32.431 INFO [main] org.apache.catalina.startup.VersionLoggerListener.log 명령 행 아규먼트:  --add-opens=java.base/java.util.concurrent=ALL-UNNAMED
25-Jan-2023 20:50:32.431 INFO [main] org.apache.catalina.startup.VersionLoggerListener.log 명령 행 아규먼트:  --add-opens=java.rmi/sun.rmi.transport=ALL-UNNAMED
25-Jan-2023 20:50:32.431 INFO [main] org.apache.catalina.startup.VersionLoggerListener.log 명령 행 아규먼트:  exit
25-Jan-2023 20:50:32.431 INFO [main] org.apache.catalina.startup.VersionLoggerListener.log 명령 행 아규먼트:  abort
25-Jan-2023 20:50:32.431 INFO [main] org.apache.catalina.startup.VersionLoggerListener.log 명령 행 아규먼트:  -Xms128m
25-Jan-2023 20:50:32.431 INFO [main] org.apache.catalina.startup.VersionLoggerListener.log 명령 행 아규먼트:  -Xmx256m
25-Jan-2023 20:50:32.431 INFO [main] org.apache.catalina.core.AprLifecycleListener.lifecycleEvent APR 버전 [1.7.0]을(를) 사용한, APR 기반 Apache Tomcat Native 라이브러리 [1.2.33]을(를) 로드했습니다.
25-Jan-2023 20:50:32.431 INFO [main] org.apache.catalina.core.AprLifecycleListener.lifecycleEvent APR 용량정보들: IPv6 [true], sendfile [true], accept filters [false], random [true], UDS [true].
25-Jan-2023 20:50:32.431 INFO [main] org.apache.catalina.core.AprLifecycleListener.initializeSSL OpenSSL이 성공적으로 초기화되었습니다: [OpenSSL 1.1.1o  3 May 2022]
25-Jan-2023 20:50:32.753 INFO [main] org.apache.coyote.AbstractProtocol.init 프로토콜 핸들러 ["http-nio-3210"]을(를) 초기화합니다.
25-Jan-2023 20:50:32.784 INFO [main] org.apache.catalina.startup.Catalina.load [698] 밀리초 내에 서버가 초기화되었습니다.
25-Jan-2023 20:50:32.846 INFO [main] org.apache.catalina.core.StandardService.startInternal 서비스 [Catalina]을(를) 시작합니다.
25-Jan-2023 20:50:32.846 INFO [main] org.apache.catalina.core.StandardEngine.startInternal 서버 엔진을 시작합니다: [Apache Tomcat/10.0.22]
25-Jan-2023 20:50:33.612 INFO [main] org.apache.jasper.servlet.TldScanner.scanJars 적어도 하나의 JAR가 TLD들을 찾기 위해 스캔되었으나 아무 것도 찾지 못했습니다. 스캔했으나 TLD가 없는 JAR들의 전체 목록을 보시려면, 로그 레벨을 디버그 레벨로 설정하십시오. 스캔 과정에서 불필요한 JAR들을 건너뛰면, 시스템 시작 시간과 JSP 컴파일 시간을 단축시킬 수 있습니다.
25-Jan-2023 20:50:33.737 INFO [main] org.apache.jasper.servlet.TldScanner.scanJars 적어도 하나의 JAR가 TLD들을 찾기 위해 스캔되었으나 아무 것도 찾지 못했습니다. 스캔했으나 TLD가 없는 JAR들의 전체 목록을 보시려면, 로그 레벨을 디버그 레벨로 설정하십시오. 스캔 과정에서 불필요한 JAR들을 건너뛰면, 시스템 시작 시간과 JSP 컴파일 시간을 단축시킬 수 있습니다.
25-Jan-2023 20:50:33.737 INFO [main] org.apache.catalina.startup.HostConfig.deployDirectory 웹 애플리케이션 디렉토리 [C:\apache-tomcat-10.0.22\webapps\BBS]을(를) 배치합니다.
25-Jan-2023 20:50:34.096 INFO [main] org.apache.jasper.servlet.TldScanner.scanJars 적어도 하나의 JAR가 TLD들을 찾기 위해 스캔되었으나 아무 것도 찾지 못했습니다. 스캔했으나 TLD가 없는 JAR들의 전체 목록을 보시려면, 로그 레벨을 디버그 레벨로 설정하십시오. 스캔 과정에서 불필요한 JAR들을 건너뛰면, 시스템 시작 시간과 JSP 컴파일 시간을 단축시킬 수 있습니다.
25-Jan-2023 20:50:34.096 INFO [main] org.apache.catalina.startup.HostConfig.deployDirectory 웹 애플리케이션 디렉토리 [C:\apache-tomcat-10.0.22\webapps\BBS]에 대한 배치가 [359] 밀리초에 완료되었습니다.
25-Jan-2023 20:50:34.096 INFO [main] org.apache.catalina.startup.HostConfig.deployDirectory 웹 애플리케이션 디렉토리 [C:\apache-tomcat-10.0.22\webapps\docs]을(를) 배치합니다.
25-Jan-2023 20:50:34.159 INFO [main] org.apache.jasper.servlet.TldScanner.scanJars 적어도 하나의 JAR가 TLD들을 찾기 위해 스캔되었으나 아무 것도 찾지 못했습니다. 스캔했으나 TLD가 없는 JAR들의 전체 목록을 보시려면, 로그 레벨을 디버그 레벨로 설정하십시오. 스캔 과정에서 불필요한 JAR들을 건너뛰면, 시스템 시작 시간과 JSP 컴파일 시간을 단축시킬 수 있습니다.
25-Jan-2023 20:50:34.159 INFO [main] org.apache.catalina.startup.HostConfig.deployDirectory 웹 애플리케이션 디렉토리 [C:\apache-tomcat-10.0.22\webapps\docs]에 대한 배치가 [63] 밀리초에 완료되었습니다.
25-Jan-2023 20:50:34.159 INFO [main] org.apache.catalina.startup.HostConfig.deployDirectory 웹 애플리케이션 디렉토리 [C:\apache-tomcat-10.0.22\webapps\examples]을(를) 배치합니다.
25-Jan-2023 20:50:34.753 INFO [main] org.apache.jasper.servlet.TldScanner.scanJars 적어도 하나의 JAR가 TLD들을 찾기 위해 스캔되었으나 아무 것도 찾지 못했습니다. 스캔했으나 TLD가 없는 JAR들의 전체 목록을 보시려면, 로그 레벨을 디버그 레벨로 설정하십시오. 스캔 과정에서 불필요한 JAR들을 건너뛰면, 시스템 시작 시간과 JSP 컴파일 시간을 단축시킬 수 있습니다.
25-Jan-2023 20:50:34.815 INFO [main] org.apache.catalina.startup.HostConfig.deployDirectory 웹 애플리케이션 디렉토리 [C:\apache-tomcat-10.0.22\webapps\examples]에 대한 배치가 [656] 밀리초에 완료되었습니다.
25-Jan-2023 20:50:34.815 INFO [main] org.apache.catalina.startup.HostConfig.deployDirectory 웹 애플리케이션 디렉토리 [C:\apache-tomcat-10.0.22\webapps\host-manager]을(를) 배치합니다.
25-Jan-2023 20:50:34.878 INFO [main] org.apache.jasper.servlet.TldScanner.scanJars 적어도 하나의 JAR가 TLD들을 찾기 위해 스캔되었으나 아무 것도 찾지 못했습니다. 스캔했으나 TLD가 없는 JAR들의 전체 목록을 보시려면, 로그 레벨을 디버그 레벨로 설정하십시오. 스캔 과정에서 불필요한 JAR들을 건너뛰면, 시스템 시작 시간과 JSP 컴파일 시간을 단축시킬 수 있습니다.
25-Jan-2023 20:50:34.893 INFO [main] org.apache.catalina.startup.HostConfig.deployDirectory 웹 애플리케이션 디렉토리 [C:\apache-tomcat-10.0.22\webapps\host-manager]에 대한 배치가 [78] 밀리초에 완료되었습니다.
25-Jan-2023 20:50:34.893 INFO [main] org.apache.catalina.startup.HostConfig.deployDirectory 웹 애플리케이션 디렉토리 [C:\apache-tomcat-10.0.22\webapps\manager]을(를) 배치합니다.
25-Jan-2023 20:50:34.956 INFO [main] org.apache.jasper.servlet.TldScanner.scanJars 적어도 하나의 JAR가 TLD들을 찾기 위해 스캔되었으나 아무 것도 찾지 못했습니다. 스캔했으나 TLD가 없는 JAR들의 전체 목록을 보시려면, 로그 레벨을 디버그 레벨로 설정하십시오. 스캔 과정에서 불필요한 JAR들을 건너뛰면, 시스템 시작 시간과 JSP 컴파일 시간을 단축시킬 수 있습니다.
25-Jan-2023 20:50:34.956 INFO [main] org.apache.catalina.startup.HostConfig.deployDirectory 웹 애플리케이션 디렉토리 [C:\apache-tomcat-10.0.22\webapps\manager]에 대한 배치가 [63] 밀리초에 완료되었습니다.
25-Jan-2023 20:50:34.956 INFO [main] org.apache.catalina.startup.HostConfig.deployDirectory 웹 애플리케이션 디렉토리 [C:\apache-tomcat-10.0.22\webapps\test]을(를) 배치합니다.
25-Jan-2023 20:50:35.003 INFO [main] org.apache.jasper.servlet.TldScanner.scanJars 적어도 하나의 JAR가 TLD들을 찾기 위해 스캔되었으나 아무 것도 찾지 못했습니다. 스캔했으나 TLD가 없는 JAR들의 전체 목록을 보시려면, 로그 레벨을 디버그 레벨로 설정하십시오. 스캔 과정에서 불필요한 JAR들을 건너뛰면, 시스템 시작 시간과 JSP 컴파일 시간을 단축시킬 수 있습니다.
25-Jan-2023 20:50:35.003 INFO [main] org.apache.catalina.startup.HostConfig.deployDirectory 웹 애플리케이션 디렉토리 [C:\apache-tomcat-10.0.22\webapps\test]에 대한 배치가 [47] 밀리초에 완료되었습니다.
25-Jan-2023 20:50:35.003 INFO [main] org.apache.coyote.AbstractProtocol.start 프로토콜 핸들러 ["http-nio-3210"]을(를) 시작합니다.
25-Jan-2023 20:50:35.050 INFO [main] org.apache.catalina.startup.Catalina.start 서버가 [2275] 밀리초 내에 시작되었습니다.
26-Jan-2023 09:23:01.611 INFO [http-nio-3210-exec-10] org.apache.coyote.http11.Http11Processor.service HTTP 요청 헤더를 파싱하는 중 오류 발생
 비고: HTTP 요청 파싱 오류들이 더 발생하는 경우 DEBUG 레벨 로그로 기록될 것입니다.
	java.lang.IllegalArgumentException: 메소드 이름에 유효하지 않은 문자가 발견되었습니다. HTTP 메소드 이름은 유효한 토큰이어야 합니다.
		at org.apache.coyote.http11.Http11InputBuffer.parseRequestLine(Http11InputBuffer.java:419)
		at org.apache.coyote.http11.Http11Processor.service(Http11Processor.java:271)
		at org.apache.coyote.AbstractProcessorLight.process(AbstractProcessorLight.java:65)
		at org.apache.coyote.AbstractProtocol$ConnectionHandler.process(AbstractProtocol.java:867)
		at org.apache.tomcat.util.net.NioEndpoint$SocketProcessor.doRun(NioEndpoint.java:1760)
		at org.apache.tomcat.util.net.SocketProcessorBase.run(SocketProcessorBase.java:49)
		at org.apache.tomcat.util.threads.ThreadPoolExecutor.runWorker(ThreadPoolExecutor.java:1191)
		at org.apache.tomcat.util.threads.ThreadPoolExecutor$Worker.run(ThreadPoolExecutor.java:659)
		at org.apache.tomcat.util.threads.TaskThread$WrappingRunnable.run(TaskThread.java:61)
		at java.base/java.lang.Thread.run(Thread.java:833)
06-Feb-2023 08:33:31.428 INFO [http-nio-3210-exec-5] org.apache.coyote.http11.Http11Processor.service HTTP 요청 헤더를 파싱하는 중 오류 발생
 비고: HTTP 요청 파싱 오류들이 더 발생하는 경우 DEBUG 레벨 로그로 기록될 것입니다.
	java.lang.IllegalArgumentException: 메소드 이름에 유효하지 않은 문자가 발견되었습니다. HTTP 메소드 이름은 유효한 토큰이어야 합니다.
		at org.apache.coyote.http11.Http11InputBuffer.parseRequestLine(Http11InputBuffer.java:419)
		at org.apache.coyote.http11.Http11Processor.service(Http11Processor.java:271)
		at org.apache.coyote.AbstractProcessorLight.process(AbstractProcessorLight.java:65)
		at org.apache.coyote.AbstractProtocol$ConnectionHandler.process(AbstractProtocol.java:867)
		at org.apache.tomcat.util.net.NioEndpoint$SocketProcessor.doRun(NioEndpoint.java:1760)
		at org.apache.tomcat.util.net.SocketProcessorBase.run(SocketProcessorBase.java:49)
		at org.apache.tomcat.util.threads.ThreadPoolExecutor.runWorker(ThreadPoolExecutor.java:1191)
		at org.apache.tomcat.util.threads.ThreadPoolExecutor$Worker.run(ThreadPoolExecutor.java:659)
		at org.apache.tomcat.util.threads.TaskThread$WrappingRunnable.run(TaskThread.java:61)
		at java.base/java.lang.Thread.run(Thread.java:833)
16-Feb-2023 19:17:56.418 INFO [Thread-3] org.apache.coyote.AbstractProtocol.pause 프로토콜 핸들러 ["http-nio-3210"]을(를) 일시 정지 중
16-Feb-2023 19:17:56.739 INFO [Thread-3] org.apache.catalina.core.StandardService.stopInternal 서비스 [Catalina]을(를) 중지시킵니다.
16-Feb-2023 19:17:57.957 WARNING [Thread-3] org.apache.catalina.loader.WebappClassLoaderBase.clearReferencesJdbc 웹 애플리케이션 [ROOT]이(가) JDBC 드라이버 [org.mariadb.jdbc.Driver]을(를) 등록했지만, 웹 애플리케이션이 중지될 때, 해당 JDBC 드라이버의 등록을 제거하지 못했습니다. 메모리 누수를 방지하기 위하여, 등록을 강제로 제거했습니다.
16-Feb-2023 19:17:58.410 INFO [Thread-3] org.apache.coyote.AbstractProtocol.stop 프로토콜 핸들러 ["http-nio-3210"]을(를) 중지시킵니다.
16-Feb-2023 19:17:58.588 INFO [Thread-3] org.apache.coyote.AbstractProtocol.destroy 프로토콜 핸들러 ["http-nio-3210"]을(를) 소멸시킵니다.
