
2022-09-07 09:32:56 Apache Commons Daemon procrun stderr initialized.
07-Sep-2022 09:33:00.101 INFO [main] org.apache.catalina.startup.VersionLoggerListener.log 서버 버전 이름:    Apache Tomcat/10.0.22
07-Sep-2022 09:33:00.110 INFO [main] org.apache.catalina.startup.VersionLoggerListener.log Server 빌드 시각:  Jun 2 2022 16:53:56 UTC
07-Sep-2022 09:33:00.110 INFO [main] org.apache.catalina.startup.VersionLoggerListener.log Server 버전 번호:  10.0.22.0
07-Sep-2022 09:33:00.111 INFO [main] org.apache.catalina.startup.VersionLoggerListener.log 운영체제 이름:     Windows 10
07-Sep-2022 09:33:00.111 INFO [main] org.apache.catalina.startup.VersionLoggerListener.log 운영체제 버전:     10.0
07-Sep-2022 09:33:00.111 INFO [main] org.apache.catalina.startup.VersionLoggerListener.log 아키텍처:          amd64
07-Sep-2022 09:33:00.111 INFO [main] org.apache.catalina.startup.VersionLoggerListener.log 자바 홈:           C:\jdk-18.0.2.1
07-Sep-2022 09:33:00.111 INFO [main] org.apache.catalina.startup.VersionLoggerListener.log JVM 버전:          18.0.2.1+1-1
07-Sep-2022 09:33:00.111 INFO [main] org.apache.catalina.startup.VersionLoggerListener.log JVM 벤더:          Oracle Corporation
07-Sep-2022 09:33:00.111 INFO [main] org.apache.catalina.startup.VersionLoggerListener.log CATALINA_BASE:     C:\apache-tomcat-10.0.22
07-Sep-2022 09:33:00.111 INFO [main] org.apache.catalina.startup.VersionLoggerListener.log CATALINA_HOME:     C:\apache-tomcat-10.0.22
07-Sep-2022 09:33:00.206 INFO [main] org.apache.catalina.startup.VersionLoggerListener.log 명령 행 아규먼트:  -Dcatalina.home=C:\apache-tomcat-10.0.22
07-Sep-2022 09:33:00.206 INFO [main] org.apache.catalina.startup.VersionLoggerListener.log 명령 행 아규먼트:  -Dcatalina.base=C:\apache-tomcat-10.0.22
07-Sep-2022 09:33:00.206 INFO [main] org.apache.catalina.startup.VersionLoggerListener.log 명령 행 아규먼트:  -Dignore.endorsed.dirs=C:\apache-tomcat-10.0.22\endorsed
07-Sep-2022 09:33:00.206 INFO [main] org.apache.catalina.startup.VersionLoggerListener.log 명령 행 아규먼트:  -Djava.io.tmpdir=C:\apache-tomcat-10.0.22\temp
07-Sep-2022 09:33:00.206 INFO [main] org.apache.catalina.startup.VersionLoggerListener.log 명령 행 아규먼트:  -Djava.util.logging.manager=org.apache.juli.ClassLoaderLogManager
07-Sep-2022 09:33:00.206 INFO [main] org.apache.catalina.startup.VersionLoggerListener.log 명령 행 아규먼트:  -Djava.util.logging.config.file=C:\apache-tomcat-10.0.22\conf\logging.properties
07-Sep-2022 09:33:00.206 INFO [main] org.apache.catalina.startup.VersionLoggerListener.log 명령 행 아규먼트:  --add-opens=java.base/java.lang=ALL-UNNAMED
07-Sep-2022 09:33:00.206 INFO [main] org.apache.catalina.startup.VersionLoggerListener.log 명령 행 아규먼트:  --add-opens=java.base/java.io=ALL-UNNAMED
07-Sep-2022 09:33:00.206 INFO [main] org.apache.catalina.startup.VersionLoggerListener.log 명령 행 아규먼트:  --add-opens=java.base/java.util=ALL-UNNAMED
07-Sep-2022 09:33:00.206 INFO [main] org.apache.catalina.startup.VersionLoggerListener.log 명령 행 아규먼트:  --add-opens=java.base/java.util.concurrent=ALL-UNNAMED
07-Sep-2022 09:33:00.206 INFO [main] org.apache.catalina.startup.VersionLoggerListener.log 명령 행 아규먼트:  --add-opens=java.rmi/sun.rmi.transport=ALL-UNNAMED
07-Sep-2022 09:33:00.206 INFO [main] org.apache.catalina.startup.VersionLoggerListener.log 명령 행 아규먼트:  exit
07-Sep-2022 09:33:00.206 INFO [main] org.apache.catalina.startup.VersionLoggerListener.log 명령 행 아규먼트:  abort
07-Sep-2022 09:33:00.206 INFO [main] org.apache.catalina.startup.VersionLoggerListener.log 명령 행 아규먼트:  -Xms128m
07-Sep-2022 09:33:00.206 INFO [main] org.apache.catalina.startup.VersionLoggerListener.log 명령 행 아규먼트:  -Xmx256m
07-Sep-2022 09:33:00.568 INFO [main] org.apache.catalina.core.AprLifecycleListener.lifecycleEvent APR 버전 [1.7.0]을(를) 사용한, APR 기반 Apache Tomcat Native 라이브러리 [1.2.33]을(를) 로드했습니다.
07-Sep-2022 09:33:00.568 INFO [main] org.apache.catalina.core.AprLifecycleListener.lifecycleEvent APR 용량정보들: IPv6 [true], sendfile [true], accept filters [false], random [true], UDS [true].
07-Sep-2022 09:33:00.568 INFO [main] org.apache.catalina.core.AprLifecycleListener.initializeSSL OpenSSL이 성공적으로 초기화되었습니다: [OpenSSL 1.1.1o  3 May 2022]
07-Sep-2022 09:33:00.881 INFO [main] org.apache.coyote.AbstractProtocol.init 프로토콜 핸들러 ["http-nio-3210"]을(를) 초기화합니다.
07-Sep-2022 09:33:00.912 INFO [main] org.apache.catalina.startup.Catalina.load [1136] 밀리초 내에 서버가 초기화되었습니다.
07-Sep-2022 09:33:00.959 INFO [main] org.apache.catalina.core.StandardService.startInternal 서비스 [Catalina]을(를) 시작합니다.
07-Sep-2022 09:33:00.959 INFO [main] org.apache.catalina.core.StandardEngine.startInternal 서버 엔진을 시작합니다: [Apache Tomcat/10.0.22]
07-Sep-2022 09:33:01.987 INFO [main] org.apache.jasper.servlet.TldScanner.scanJars 적어도 하나의 JAR가 TLD들을 찾기 위해 스캔되었으나 아무 것도 찾지 못했습니다. 스캔했으나 TLD가 없는 JAR들의 전체 목록을 보시려면, 로그 레벨을 디버그 레벨로 설정하십시오. 스캔 과정에서 불필요한 JAR들을 건너뛰면, 시스템 시작 시간과 JSP 컴파일 시간을 단축시킬 수 있습니다.
07-Sep-2022 09:33:02.128 INFO [main] org.apache.jasper.servlet.TldScanner.scanJars 적어도 하나의 JAR가 TLD들을 찾기 위해 스캔되었으나 아무 것도 찾지 못했습니다. 스캔했으나 TLD가 없는 JAR들의 전체 목록을 보시려면, 로그 레벨을 디버그 레벨로 설정하십시오. 스캔 과정에서 불필요한 JAR들을 건너뛰면, 시스템 시작 시간과 JSP 컴파일 시간을 단축시킬 수 있습니다.
07-Sep-2022 09:33:02.128 INFO [main] org.apache.catalina.startup.HostConfig.deployDirectory 웹 애플리케이션 디렉토리 [C:\apache-tomcat-10.0.22\webapps\BBS]을(를) 배치합니다.
07-Sep-2022 09:33:02.441 INFO [main] org.apache.jasper.servlet.TldScanner.scanJars 적어도 하나의 JAR가 TLD들을 찾기 위해 스캔되었으나 아무 것도 찾지 못했습니다. 스캔했으나 TLD가 없는 JAR들의 전체 목록을 보시려면, 로그 레벨을 디버그 레벨로 설정하십시오. 스캔 과정에서 불필요한 JAR들을 건너뛰면, 시스템 시작 시간과 JSP 컴파일 시간을 단축시킬 수 있습니다.
07-Sep-2022 09:33:02.441 INFO [main] org.apache.catalina.startup.HostConfig.deployDirectory 웹 애플리케이션 디렉토리 [C:\apache-tomcat-10.0.22\webapps\BBS]에 대한 배치가 [313] 밀리초에 완료되었습니다.
07-Sep-2022 09:33:02.456 INFO [main] org.apache.catalina.startup.HostConfig.deployDirectory 웹 애플리케이션 디렉토리 [C:\apache-tomcat-10.0.22\webapps\docs]을(를) 배치합니다.
07-Sep-2022 09:33:02.503 INFO [main] org.apache.jasper.servlet.TldScanner.scanJars 적어도 하나의 JAR가 TLD들을 찾기 위해 스캔되었으나 아무 것도 찾지 못했습니다. 스캔했으나 TLD가 없는 JAR들의 전체 목록을 보시려면, 로그 레벨을 디버그 레벨로 설정하십시오. 스캔 과정에서 불필요한 JAR들을 건너뛰면, 시스템 시작 시간과 JSP 컴파일 시간을 단축시킬 수 있습니다.
07-Sep-2022 09:33:02.503 INFO [main] org.apache.catalina.startup.HostConfig.deployDirectory 웹 애플리케이션 디렉토리 [C:\apache-tomcat-10.0.22\webapps\docs]에 대한 배치가 [47] 밀리초에 완료되었습니다.
07-Sep-2022 09:33:02.503 INFO [main] org.apache.catalina.startup.HostConfig.deployDirectory 웹 애플리케이션 디렉토리 [C:\apache-tomcat-10.0.22\webapps\examples]을(를) 배치합니다.
07-Sep-2022 09:33:03.894 INFO [main] org.apache.jasper.servlet.TldScanner.scanJars 적어도 하나의 JAR가 TLD들을 찾기 위해 스캔되었으나 아무 것도 찾지 못했습니다. 스캔했으나 TLD가 없는 JAR들의 전체 목록을 보시려면, 로그 레벨을 디버그 레벨로 설정하십시오. 스캔 과정에서 불필요한 JAR들을 건너뛰면, 시스템 시작 시간과 JSP 컴파일 시간을 단축시킬 수 있습니다.
07-Sep-2022 09:33:03.972 INFO [main] org.apache.catalina.startup.HostConfig.deployDirectory 웹 애플리케이션 디렉토리 [C:\apache-tomcat-10.0.22\webapps\examples]에 대한 배치가 [1,469] 밀리초에 완료되었습니다.
07-Sep-2022 09:33:03.972 INFO [main] org.apache.catalina.startup.HostConfig.deployDirectory 웹 애플리케이션 디렉토리 [C:\apache-tomcat-10.0.22\webapps\host-manager]을(를) 배치합니다.
07-Sep-2022 09:33:04.066 INFO [main] org.apache.jasper.servlet.TldScanner.scanJars 적어도 하나의 JAR가 TLD들을 찾기 위해 스캔되었으나 아무 것도 찾지 못했습니다. 스캔했으나 TLD가 없는 JAR들의 전체 목록을 보시려면, 로그 레벨을 디버그 레벨로 설정하십시오. 스캔 과정에서 불필요한 JAR들을 건너뛰면, 시스템 시작 시간과 JSP 컴파일 시간을 단축시킬 수 있습니다.
07-Sep-2022 09:33:04.066 INFO [main] org.apache.catalina.startup.HostConfig.deployDirectory 웹 애플리케이션 디렉토리 [C:\apache-tomcat-10.0.22\webapps\host-manager]에 대한 배치가 [94] 밀리초에 완료되었습니다.
07-Sep-2022 09:33:04.066 INFO [main] org.apache.catalina.startup.HostConfig.deployDirectory 웹 애플리케이션 디렉토리 [C:\apache-tomcat-10.0.22\webapps\manager]을(를) 배치합니다.
07-Sep-2022 09:33:04.159 INFO [main] org.apache.jasper.servlet.TldScanner.scanJars 적어도 하나의 JAR가 TLD들을 찾기 위해 스캔되었으나 아무 것도 찾지 못했습니다. 스캔했으나 TLD가 없는 JAR들의 전체 목록을 보시려면, 로그 레벨을 디버그 레벨로 설정하십시오. 스캔 과정에서 불필요한 JAR들을 건너뛰면, 시스템 시작 시간과 JSP 컴파일 시간을 단축시킬 수 있습니다.
07-Sep-2022 09:33:04.159 INFO [main] org.apache.catalina.startup.HostConfig.deployDirectory 웹 애플리케이션 디렉토리 [C:\apache-tomcat-10.0.22\webapps\manager]에 대한 배치가 [93] 밀리초에 완료되었습니다.
07-Sep-2022 09:33:04.159 INFO [main] org.apache.catalina.startup.HostConfig.deployDirectory 웹 애플리케이션 디렉토리 [C:\apache-tomcat-10.0.22\webapps\test]을(를) 배치합니다.
07-Sep-2022 09:33:04.191 INFO [main] org.apache.jasper.servlet.TldScanner.scanJars 적어도 하나의 JAR가 TLD들을 찾기 위해 스캔되었으나 아무 것도 찾지 못했습니다. 스캔했으나 TLD가 없는 JAR들의 전체 목록을 보시려면, 로그 레벨을 디버그 레벨로 설정하십시오. 스캔 과정에서 불필요한 JAR들을 건너뛰면, 시스템 시작 시간과 JSP 컴파일 시간을 단축시킬 수 있습니다.
07-Sep-2022 09:33:04.206 INFO [main] org.apache.catalina.startup.HostConfig.deployDirectory 웹 애플리케이션 디렉토리 [C:\apache-tomcat-10.0.22\webapps\test]에 대한 배치가 [47] 밀리초에 완료되었습니다.
07-Sep-2022 09:33:04.209 INFO [main] org.apache.coyote.AbstractProtocol.start 프로토콜 핸들러 ["http-nio-3210"]을(를) 시작합니다.
07-Sep-2022 09:33:04.256 INFO [main] org.apache.catalina.startup.Catalina.start 서버가 [3338] 밀리초 내에 시작되었습니다.
07-Sep-2022 09:35:28.163 INFO [Thread-3] org.apache.coyote.AbstractProtocol.pause 프로토콜 핸들러 ["http-nio-3210"]을(를) 일시 정지 중
07-Sep-2022 09:35:28.181 INFO [Thread-3] org.apache.catalina.core.StandardService.stopInternal 서비스 [Catalina]을(를) 중지시킵니다.
07-Sep-2022 09:35:28.194 WARNING [Thread-3] org.apache.catalina.loader.WebappClassLoaderBase.clearReferencesJdbc 웹 애플리케이션 [ROOT]이(가) JDBC 드라이버 [org.mariadb.jdbc.Driver]을(를) 등록했지만, 웹 애플리케이션이 중지될 때, 해당 JDBC 드라이버의 등록을 제거하지 못했습니다. 메모리 누수를 방지하기 위하여, 등록을 강제로 제거했습니다.
07-Sep-2022 09:35:28.224 INFO [Thread-3] org.apache.coyote.AbstractProtocol.stop 프로토콜 핸들러 ["http-nio-3210"]을(를) 중지시킵니다.
07-Sep-2022 09:35:28.241 INFO [Thread-3] org.apache.coyote.AbstractProtocol.destroy 프로토콜 핸들러 ["http-nio-3210"]을(를) 소멸시킵니다.

2022-09-07 09:35:55 Apache Commons Daemon procrun stderr initialized.
07-Sep-2022 09:35:56.054 INFO [main] org.apache.catalina.startup.VersionLoggerListener.log 서버 버전 이름:    Apache Tomcat/10.0.22
07-Sep-2022 09:35:56.072 INFO [main] org.apache.catalina.startup.VersionLoggerListener.log Server 빌드 시각:  Jun 2 2022 16:53:56 UTC
07-Sep-2022 09:35:56.072 INFO [main] org.apache.catalina.startup.VersionLoggerListener.log Server 버전 번호:  10.0.22.0
07-Sep-2022 09:35:56.072 INFO [main] org.apache.catalina.startup.VersionLoggerListener.log 운영체제 이름:     Windows 10
07-Sep-2022 09:35:56.072 INFO [main] org.apache.catalina.startup.VersionLoggerListener.log 운영체제 버전:     10.0
07-Sep-2022 09:35:56.072 INFO [main] org.apache.catalina.startup.VersionLoggerListener.log 아키텍처:          amd64
07-Sep-2022 09:35:56.072 INFO [main] org.apache.catalina.startup.VersionLoggerListener.log 자바 홈:           C:\jdk-18.0.2.1
07-Sep-2022 09:35:56.072 INFO [main] org.apache.catalina.startup.VersionLoggerListener.log JVM 버전:          18.0.2.1+1-1
07-Sep-2022 09:35:56.072 INFO [main] org.apache.catalina.startup.VersionLoggerListener.log JVM 벤더:          Oracle Corporation
07-Sep-2022 09:35:56.072 INFO [main] org.apache.catalina.startup.VersionLoggerListener.log CATALINA_BASE:     C:\apache-tomcat-10.0.22
07-Sep-2022 09:35:56.072 INFO [main] org.apache.catalina.startup.VersionLoggerListener.log CATALINA_HOME:     C:\apache-tomcat-10.0.22
07-Sep-2022 09:35:56.084 INFO [main] org.apache.catalina.startup.VersionLoggerListener.log 명령 행 아규먼트:  -Dcatalina.home=C:\apache-tomcat-10.0.22
07-Sep-2022 09:35:56.084 INFO [main] org.apache.catalina.startup.VersionLoggerListener.log 명령 행 아규먼트:  -Dcatalina.base=C:\apache-tomcat-10.0.22
07-Sep-2022 09:35:56.084 INFO [main] org.apache.catalina.startup.VersionLoggerListener.log 명령 행 아규먼트:  -Dignore.endorsed.dirs=C:\apache-tomcat-10.0.22\endorsed
07-Sep-2022 09:35:56.084 INFO [main] org.apache.catalina.startup.VersionLoggerListener.log 명령 행 아규먼트:  -Djava.io.tmpdir=C:\apache-tomcat-10.0.22\temp
07-Sep-2022 09:35:56.084 INFO [main] org.apache.catalina.startup.VersionLoggerListener.log 명령 행 아규먼트:  -Djava.util.logging.manager=org.apache.juli.ClassLoaderLogManager
07-Sep-2022 09:35:56.084 INFO [main] org.apache.catalina.startup.VersionLoggerListener.log 명령 행 아규먼트:  -Djava.util.logging.config.file=C:\apache-tomcat-10.0.22\conf\logging.properties
07-Sep-2022 09:35:56.084 INFO [main] org.apache.catalina.startup.VersionLoggerListener.log 명령 행 아규먼트:  --add-opens=java.base/java.lang=ALL-UNNAMED
07-Sep-2022 09:35:56.084 INFO [main] org.apache.catalina.startup.VersionLoggerListener.log 명령 행 아규먼트:  --add-opens=java.base/java.io=ALL-UNNAMED
07-Sep-2022 09:35:56.084 INFO [main] org.apache.catalina.startup.VersionLoggerListener.log 명령 행 아규먼트:  --add-opens=java.base/java.util=ALL-UNNAMED
07-Sep-2022 09:35:56.084 INFO [main] org.apache.catalina.startup.VersionLoggerListener.log 명령 행 아규먼트:  --add-opens=java.base/java.util.concurrent=ALL-UNNAMED
07-Sep-2022 09:35:56.084 INFO [main] org.apache.catalina.startup.VersionLoggerListener.log 명령 행 아규먼트:  --add-opens=java.rmi/sun.rmi.transport=ALL-UNNAMED
07-Sep-2022 09:35:56.084 INFO [main] org.apache.catalina.startup.VersionLoggerListener.log 명령 행 아규먼트:  exit
07-Sep-2022 09:35:56.084 INFO [main] org.apache.catalina.startup.VersionLoggerListener.log 명령 행 아규먼트:  abort
07-Sep-2022 09:35:56.084 INFO [main] org.apache.catalina.startup.VersionLoggerListener.log 명령 행 아규먼트:  -Xms128m
07-Sep-2022 09:35:56.084 INFO [main] org.apache.catalina.startup.VersionLoggerListener.log 명령 행 아규먼트:  -Xmx256m
07-Sep-2022 09:35:56.084 INFO [main] org.apache.catalina.core.AprLifecycleListener.lifecycleEvent APR 버전 [1.7.0]을(를) 사용한, APR 기반 Apache Tomcat Native 라이브러리 [1.2.33]을(를) 로드했습니다.
07-Sep-2022 09:35:56.084 INFO [main] org.apache.catalina.core.AprLifecycleListener.lifecycleEvent APR 용량정보들: IPv6 [true], sendfile [true], accept filters [false], random [true], UDS [true].
07-Sep-2022 09:35:56.100 INFO [main] org.apache.catalina.core.AprLifecycleListener.initializeSSL OpenSSL이 성공적으로 초기화되었습니다: [OpenSSL 1.1.1o  3 May 2022]
07-Sep-2022 09:35:56.413 INFO [main] org.apache.coyote.AbstractProtocol.init 프로토콜 핸들러 ["http-nio-3210"]을(를) 초기화합니다.
07-Sep-2022 09:35:56.445 INFO [main] org.apache.catalina.startup.Catalina.load [709] 밀리초 내에 서버가 초기화되었습니다.
07-Sep-2022 09:35:56.491 INFO [main] org.apache.catalina.core.StandardService.startInternal 서비스 [Catalina]을(를) 시작합니다.
07-Sep-2022 09:35:56.491 INFO [main] org.apache.catalina.core.StandardEngine.startInternal 서버 엔진을 시작합니다: [Apache Tomcat/10.0.22]
07-Sep-2022 09:35:57.163 INFO [main] org.apache.jasper.servlet.TldScanner.scanJars 적어도 하나의 JAR가 TLD들을 찾기 위해 스캔되었으나 아무 것도 찾지 못했습니다. 스캔했으나 TLD가 없는 JAR들의 전체 목록을 보시려면, 로그 레벨을 디버그 레벨로 설정하십시오. 스캔 과정에서 불필요한 JAR들을 건너뛰면, 시스템 시작 시간과 JSP 컴파일 시간을 단축시킬 수 있습니다.
07-Sep-2022 09:35:57.273 INFO [main] org.apache.jasper.servlet.TldScanner.scanJars 적어도 하나의 JAR가 TLD들을 찾기 위해 스캔되었으나 아무 것도 찾지 못했습니다. 스캔했으나 TLD가 없는 JAR들의 전체 목록을 보시려면, 로그 레벨을 디버그 레벨로 설정하십시오. 스캔 과정에서 불필요한 JAR들을 건너뛰면, 시스템 시작 시간과 JSP 컴파일 시간을 단축시킬 수 있습니다.
07-Sep-2022 09:35:57.288 INFO [main] org.apache.catalina.startup.HostConfig.deployDirectory 웹 애플리케이션 디렉토리 [C:\apache-tomcat-10.0.22\webapps\BBS]을(를) 배치합니다.
07-Sep-2022 09:35:57.601 INFO [main] org.apache.jasper.servlet.TldScanner.scanJars 적어도 하나의 JAR가 TLD들을 찾기 위해 스캔되었으나 아무 것도 찾지 못했습니다. 스캔했으나 TLD가 없는 JAR들의 전체 목록을 보시려면, 로그 레벨을 디버그 레벨로 설정하십시오. 스캔 과정에서 불필요한 JAR들을 건너뛰면, 시스템 시작 시간과 JSP 컴파일 시간을 단축시킬 수 있습니다.
07-Sep-2022 09:35:57.616 INFO [main] org.apache.catalina.startup.HostConfig.deployDirectory 웹 애플리케이션 디렉토리 [C:\apache-tomcat-10.0.22\webapps\BBS]에 대한 배치가 [313] 밀리초에 완료되었습니다.
07-Sep-2022 09:35:57.616 INFO [main] org.apache.catalina.startup.HostConfig.deployDirectory 웹 애플리케이션 디렉토리 [C:\apache-tomcat-10.0.22\webapps\docs]을(를) 배치합니다.
07-Sep-2022 09:35:57.663 INFO [main] org.apache.jasper.servlet.TldScanner.scanJars 적어도 하나의 JAR가 TLD들을 찾기 위해 스캔되었으나 아무 것도 찾지 못했습니다. 스캔했으나 TLD가 없는 JAR들의 전체 목록을 보시려면, 로그 레벨을 디버그 레벨로 설정하십시오. 스캔 과정에서 불필요한 JAR들을 건너뛰면, 시스템 시작 시간과 JSP 컴파일 시간을 단축시킬 수 있습니다.
07-Sep-2022 09:35:57.663 INFO [main] org.apache.catalina.startup.HostConfig.deployDirectory 웹 애플리케이션 디렉토리 [C:\apache-tomcat-10.0.22\webapps\docs]에 대한 배치가 [47] 밀리초에 완료되었습니다.
07-Sep-2022 09:35:57.663 INFO [main] org.apache.catalina.startup.HostConfig.deployDirectory 웹 애플리케이션 디렉토리 [C:\apache-tomcat-10.0.22\webapps\examples]을(를) 배치합니다.
07-Sep-2022 09:35:58.116 INFO [main] org.apache.jasper.servlet.TldScanner.scanJars 적어도 하나의 JAR가 TLD들을 찾기 위해 스캔되었으나 아무 것도 찾지 못했습니다. 스캔했으나 TLD가 없는 JAR들의 전체 목록을 보시려면, 로그 레벨을 디버그 레벨로 설정하십시오. 스캔 과정에서 불필요한 JAR들을 건너뛰면, 시스템 시작 시간과 JSP 컴파일 시간을 단축시킬 수 있습니다.
07-Sep-2022 09:35:58.195 INFO [main] org.apache.catalina.startup.HostConfig.deployDirectory 웹 애플리케이션 디렉토리 [C:\apache-tomcat-10.0.22\webapps\examples]에 대한 배치가 [532] 밀리초에 완료되었습니다.
07-Sep-2022 09:35:58.195 INFO [main] org.apache.catalina.startup.HostConfig.deployDirectory 웹 애플리케이션 디렉토리 [C:\apache-tomcat-10.0.22\webapps\host-manager]을(를) 배치합니다.
07-Sep-2022 09:35:58.257 INFO [main] org.apache.jasper.servlet.TldScanner.scanJars 적어도 하나의 JAR가 TLD들을 찾기 위해 스캔되었으나 아무 것도 찾지 못했습니다. 스캔했으나 TLD가 없는 JAR들의 전체 목록을 보시려면, 로그 레벨을 디버그 레벨로 설정하십시오. 스캔 과정에서 불필요한 JAR들을 건너뛰면, 시스템 시작 시간과 JSP 컴파일 시간을 단축시킬 수 있습니다.
07-Sep-2022 09:35:58.273 INFO [main] org.apache.catalina.startup.HostConfig.deployDirectory 웹 애플리케이션 디렉토리 [C:\apache-tomcat-10.0.22\webapps\host-manager]에 대한 배치가 [78] 밀리초에 완료되었습니다.
07-Sep-2022 09:35:58.273 INFO [main] org.apache.catalina.startup.HostConfig.deployDirectory 웹 애플리케이션 디렉토리 [C:\apache-tomcat-10.0.22\webapps\manager]을(를) 배치합니다.
07-Sep-2022 09:35:58.335 INFO [main] org.apache.jasper.servlet.TldScanner.scanJars 적어도 하나의 JAR가 TLD들을 찾기 위해 스캔되었으나 아무 것도 찾지 못했습니다. 스캔했으나 TLD가 없는 JAR들의 전체 목록을 보시려면, 로그 레벨을 디버그 레벨로 설정하십시오. 스캔 과정에서 불필요한 JAR들을 건너뛰면, 시스템 시작 시간과 JSP 컴파일 시간을 단축시킬 수 있습니다.
07-Sep-2022 09:35:58.335 INFO [main] org.apache.catalina.startup.HostConfig.deployDirectory 웹 애플리케이션 디렉토리 [C:\apache-tomcat-10.0.22\webapps\manager]에 대한 배치가 [62] 밀리초에 완료되었습니다.
07-Sep-2022 09:35:58.335 INFO [main] org.apache.catalina.startup.HostConfig.deployDirectory 웹 애플리케이션 디렉토리 [C:\apache-tomcat-10.0.22\webapps\test]을(를) 배치합니다.
07-Sep-2022 09:35:58.366 INFO [main] org.apache.jasper.servlet.TldScanner.scanJars 적어도 하나의 JAR가 TLD들을 찾기 위해 스캔되었으나 아무 것도 찾지 못했습니다. 스캔했으나 TLD가 없는 JAR들의 전체 목록을 보시려면, 로그 레벨을 디버그 레벨로 설정하십시오. 스캔 과정에서 불필요한 JAR들을 건너뛰면, 시스템 시작 시간과 JSP 컴파일 시간을 단축시킬 수 있습니다.
07-Sep-2022 09:35:58.382 INFO [main] org.apache.catalina.startup.HostConfig.deployDirectory 웹 애플리케이션 디렉토리 [C:\apache-tomcat-10.0.22\webapps\test]에 대한 배치가 [47] 밀리초에 완료되었습니다.
07-Sep-2022 09:35:58.386 INFO [main] org.apache.coyote.AbstractProtocol.start 프로토콜 핸들러 ["http-nio-3210"]을(를) 시작합니다.
07-Sep-2022 09:35:58.445 INFO [main] org.apache.catalina.startup.Catalina.start 서버가 [1991] 밀리초 내에 시작되었습니다.
07-Sep-2022 09:46:47.757 INFO [Thread-3] org.apache.coyote.AbstractProtocol.pause 프로토콜 핸들러 ["http-nio-3210"]을(를) 일시 정지 중
07-Sep-2022 09:46:47.773 INFO [Thread-3] org.apache.catalina.core.StandardService.stopInternal 서비스 [Catalina]을(를) 중지시킵니다.
07-Sep-2022 09:46:47.785 WARNING [Thread-3] org.apache.catalina.loader.WebappClassLoaderBase.clearReferencesJdbc 웹 애플리케이션 [ROOT]이(가) JDBC 드라이버 [org.mariadb.jdbc.Driver]을(를) 등록했지만, 웹 애플리케이션이 중지될 때, 해당 JDBC 드라이버의 등록을 제거하지 못했습니다. 메모리 누수를 방지하기 위하여, 등록을 강제로 제거했습니다.
07-Sep-2022 09:46:47.804 INFO [Thread-3] org.apache.coyote.AbstractProtocol.stop 프로토콜 핸들러 ["http-nio-3210"]을(를) 중지시킵니다.
07-Sep-2022 09:46:47.822 INFO [Thread-3] org.apache.coyote.AbstractProtocol.destroy 프로토콜 핸들러 ["http-nio-3210"]을(를) 소멸시킵니다.

2022-09-07 09:46:49 Apache Commons Daemon procrun stderr initialized.
07-Sep-2022 09:46:50.429 INFO [main] org.apache.catalina.startup.VersionLoggerListener.log 서버 버전 이름:    Apache Tomcat/10.0.22
07-Sep-2022 09:46:50.429 INFO [main] org.apache.catalina.startup.VersionLoggerListener.log Server 빌드 시각:  Jun 2 2022 16:53:56 UTC
07-Sep-2022 09:46:50.429 INFO [main] org.apache.catalina.startup.VersionLoggerListener.log Server 버전 번호:  10.0.22.0
07-Sep-2022 09:46:50.429 INFO [main] org.apache.catalina.startup.VersionLoggerListener.log 운영체제 이름:     Windows 10
07-Sep-2022 09:46:50.445 INFO [main] org.apache.catalina.startup.VersionLoggerListener.log 운영체제 버전:     10.0
07-Sep-2022 09:46:50.445 INFO [main] org.apache.catalina.startup.VersionLoggerListener.log 아키텍처:          amd64
07-Sep-2022 09:46:50.445 INFO [main] org.apache.catalina.startup.VersionLoggerListener.log 자바 홈:           C:\jdk-18.0.2.1
07-Sep-2022 09:46:50.445 INFO [main] org.apache.catalina.startup.VersionLoggerListener.log JVM 버전:          18.0.2.1+1-1
07-Sep-2022 09:46:50.445 INFO [main] org.apache.catalina.startup.VersionLoggerListener.log JVM 벤더:          Oracle Corporation
07-Sep-2022 09:46:50.445 INFO [main] org.apache.catalina.startup.VersionLoggerListener.log CATALINA_BASE:     C:\apache-tomcat-10.0.22
07-Sep-2022 09:46:50.445 INFO [main] org.apache.catalina.startup.VersionLoggerListener.log CATALINA_HOME:     C:\apache-tomcat-10.0.22
07-Sep-2022 09:46:50.458 INFO [main] org.apache.catalina.startup.VersionLoggerListener.log 명령 행 아규먼트:  -Dcatalina.home=C:\apache-tomcat-10.0.22
07-Sep-2022 09:46:50.458 INFO [main] org.apache.catalina.startup.VersionLoggerListener.log 명령 행 아규먼트:  -Dcatalina.base=C:\apache-tomcat-10.0.22
07-Sep-2022 09:46:50.458 INFO [main] org.apache.catalina.startup.VersionLoggerListener.log 명령 행 아규먼트:  -Dignore.endorsed.dirs=C:\apache-tomcat-10.0.22\endorsed
07-Sep-2022 09:46:50.458 INFO [main] org.apache.catalina.startup.VersionLoggerListener.log 명령 행 아규먼트:  -Djava.io.tmpdir=C:\apache-tomcat-10.0.22\temp
07-Sep-2022 09:46:50.458 INFO [main] org.apache.catalina.startup.VersionLoggerListener.log 명령 행 아규먼트:  -Djava.util.logging.manager=org.apache.juli.ClassLoaderLogManager
07-Sep-2022 09:46:50.458 INFO [main] org.apache.catalina.startup.VersionLoggerListener.log 명령 행 아규먼트:  -Djava.util.logging.config.file=C:\apache-tomcat-10.0.22\conf\logging.properties
07-Sep-2022 09:46:50.458 INFO [main] org.apache.catalina.startup.VersionLoggerListener.log 명령 행 아규먼트:  --add-opens=java.base/java.lang=ALL-UNNAMED
07-Sep-2022 09:46:50.458 INFO [main] org.apache.catalina.startup.VersionLoggerListener.log 명령 행 아규먼트:  --add-opens=java.base/java.io=ALL-UNNAMED
07-Sep-2022 09:46:50.458 INFO [main] org.apache.catalina.startup.VersionLoggerListener.log 명령 행 아규먼트:  --add-opens=java.base/java.util=ALL-UNNAMED
07-Sep-2022 09:46:50.458 INFO [main] org.apache.catalina.startup.VersionLoggerListener.log 명령 행 아규먼트:  --add-opens=java.base/java.util.concurrent=ALL-UNNAMED
07-Sep-2022 09:46:50.458 INFO [main] org.apache.catalina.startup.VersionLoggerListener.log 명령 행 아규먼트:  --add-opens=java.rmi/sun.rmi.transport=ALL-UNNAMED
07-Sep-2022 09:46:50.458 INFO [main] org.apache.catalina.startup.VersionLoggerListener.log 명령 행 아규먼트:  exit
07-Sep-2022 09:46:50.458 INFO [main] org.apache.catalina.startup.VersionLoggerListener.log 명령 행 아규먼트:  abort
07-Sep-2022 09:46:50.458 INFO [main] org.apache.catalina.startup.VersionLoggerListener.log 명령 행 아규먼트:  -Xms128m
07-Sep-2022 09:46:50.458 INFO [main] org.apache.catalina.startup.VersionLoggerListener.log 명령 행 아규먼트:  -Xmx256m
07-Sep-2022 09:46:50.458 INFO [main] org.apache.catalina.core.AprLifecycleListener.lifecycleEvent APR 버전 [1.7.0]을(를) 사용한, APR 기반 Apache Tomcat Native 라이브러리 [1.2.33]을(를) 로드했습니다.
07-Sep-2022 09:46:50.458 INFO [main] org.apache.catalina.core.AprLifecycleListener.lifecycleEvent APR 용량정보들: IPv6 [true], sendfile [true], accept filters [false], random [true], UDS [true].
07-Sep-2022 09:46:50.458 INFO [main] org.apache.catalina.core.AprLifecycleListener.initializeSSL OpenSSL이 성공적으로 초기화되었습니다: [OpenSSL 1.1.1o  3 May 2022]
07-Sep-2022 09:46:50.788 INFO [main] org.apache.coyote.AbstractProtocol.init 프로토콜 핸들러 ["http-nio-3210"]을(를) 초기화합니다.
07-Sep-2022 09:46:50.820 INFO [main] org.apache.catalina.startup.Catalina.load [698] 밀리초 내에 서버가 초기화되었습니다.
07-Sep-2022 09:46:50.866 INFO [main] org.apache.catalina.core.StandardService.startInternal 서비스 [Catalina]을(를) 시작합니다.
07-Sep-2022 09:46:50.866 INFO [main] org.apache.catalina.core.StandardEngine.startInternal 서버 엔진을 시작합니다: [Apache Tomcat/10.0.22]
07-Sep-2022 09:46:51.523 INFO [main] org.apache.jasper.servlet.TldScanner.scanJars 적어도 하나의 JAR가 TLD들을 찾기 위해 스캔되었으나 아무 것도 찾지 못했습니다. 스캔했으나 TLD가 없는 JAR들의 전체 목록을 보시려면, 로그 레벨을 디버그 레벨로 설정하십시오. 스캔 과정에서 불필요한 JAR들을 건너뛰면, 시스템 시작 시간과 JSP 컴파일 시간을 단축시킬 수 있습니다.
07-Sep-2022 09:46:51.648 INFO [main] org.apache.jasper.servlet.TldScanner.scanJars 적어도 하나의 JAR가 TLD들을 찾기 위해 스캔되었으나 아무 것도 찾지 못했습니다. 스캔했으나 TLD가 없는 JAR들의 전체 목록을 보시려면, 로그 레벨을 디버그 레벨로 설정하십시오. 스캔 과정에서 불필요한 JAR들을 건너뛰면, 시스템 시작 시간과 JSP 컴파일 시간을 단축시킬 수 있습니다.
07-Sep-2022 09:46:51.663 INFO [main] org.apache.catalina.startup.HostConfig.deployDirectory 웹 애플리케이션 디렉토리 [C:\apache-tomcat-10.0.22\webapps\BBS]을(를) 배치합니다.
07-Sep-2022 09:46:51.976 INFO [main] org.apache.jasper.servlet.TldScanner.scanJars 적어도 하나의 JAR가 TLD들을 찾기 위해 스캔되었으나 아무 것도 찾지 못했습니다. 스캔했으나 TLD가 없는 JAR들의 전체 목록을 보시려면, 로그 레벨을 디버그 레벨로 설정하십시오. 스캔 과정에서 불필요한 JAR들을 건너뛰면, 시스템 시작 시간과 JSP 컴파일 시간을 단축시킬 수 있습니다.
07-Sep-2022 09:46:51.976 INFO [main] org.apache.catalina.startup.HostConfig.deployDirectory 웹 애플리케이션 디렉토리 [C:\apache-tomcat-10.0.22\webapps\BBS]에 대한 배치가 [313] 밀리초에 완료되었습니다.
07-Sep-2022 09:46:51.976 INFO [main] org.apache.catalina.startup.HostConfig.deployDirectory 웹 애플리케이션 디렉토리 [C:\apache-tomcat-10.0.22\webapps\docs]을(를) 배치합니다.
07-Sep-2022 09:46:52.038 INFO [main] org.apache.jasper.servlet.TldScanner.scanJars 적어도 하나의 JAR가 TLD들을 찾기 위해 스캔되었으나 아무 것도 찾지 못했습니다. 스캔했으나 TLD가 없는 JAR들의 전체 목록을 보시려면, 로그 레벨을 디버그 레벨로 설정하십시오. 스캔 과정에서 불필요한 JAR들을 건너뛰면, 시스템 시작 시간과 JSP 컴파일 시간을 단축시킬 수 있습니다.
07-Sep-2022 09:46:52.038 INFO [main] org.apache.catalina.startup.HostConfig.deployDirectory 웹 애플리케이션 디렉토리 [C:\apache-tomcat-10.0.22\webapps\docs]에 대한 배치가 [62] 밀리초에 완료되었습니다.
07-Sep-2022 09:46:52.038 INFO [main] org.apache.catalina.startup.HostConfig.deployDirectory 웹 애플리케이션 디렉토리 [C:\apache-tomcat-10.0.22\webapps\examples]을(를) 배치합니다.
07-Sep-2022 09:46:52.476 INFO [main] org.apache.jasper.servlet.TldScanner.scanJars 적어도 하나의 JAR가 TLD들을 찾기 위해 스캔되었으나 아무 것도 찾지 못했습니다. 스캔했으나 TLD가 없는 JAR들의 전체 목록을 보시려면, 로그 레벨을 디버그 레벨로 설정하십시오. 스캔 과정에서 불필요한 JAR들을 건너뛰면, 시스템 시작 시간과 JSP 컴파일 시간을 단축시킬 수 있습니다.
07-Sep-2022 09:46:52.554 INFO [main] org.apache.catalina.startup.HostConfig.deployDirectory 웹 애플리케이션 디렉토리 [C:\apache-tomcat-10.0.22\webapps\examples]에 대한 배치가 [516] 밀리초에 완료되었습니다.
07-Sep-2022 09:46:52.554 INFO [main] org.apache.catalina.startup.HostConfig.deployDirectory 웹 애플리케이션 디렉토리 [C:\apache-tomcat-10.0.22\webapps\host-manager]을(를) 배치합니다.
07-Sep-2022 09:46:52.616 INFO [main] org.apache.jasper.servlet.TldScanner.scanJars 적어도 하나의 JAR가 TLD들을 찾기 위해 스캔되었으나 아무 것도 찾지 못했습니다. 스캔했으나 TLD가 없는 JAR들의 전체 목록을 보시려면, 로그 레벨을 디버그 레벨로 설정하십시오. 스캔 과정에서 불필요한 JAR들을 건너뛰면, 시스템 시작 시간과 JSP 컴파일 시간을 단축시킬 수 있습니다.
07-Sep-2022 09:46:52.616 INFO [main] org.apache.catalina.startup.HostConfig.deployDirectory 웹 애플리케이션 디렉토리 [C:\apache-tomcat-10.0.22\webapps\host-manager]에 대한 배치가 [62] 밀리초에 완료되었습니다.
07-Sep-2022 09:46:52.616 INFO [main] org.apache.catalina.startup.HostConfig.deployDirectory 웹 애플리케이션 디렉토리 [C:\apache-tomcat-10.0.22\webapps\manager]을(를) 배치합니다.
07-Sep-2022 09:46:52.695 INFO [main] org.apache.jasper.servlet.TldScanner.scanJars 적어도 하나의 JAR가 TLD들을 찾기 위해 스캔되었으나 아무 것도 찾지 못했습니다. 스캔했으나 TLD가 없는 JAR들의 전체 목록을 보시려면, 로그 레벨을 디버그 레벨로 설정하십시오. 스캔 과정에서 불필요한 JAR들을 건너뛰면, 시스템 시작 시간과 JSP 컴파일 시간을 단축시킬 수 있습니다.
07-Sep-2022 09:46:52.695 INFO [main] org.apache.catalina.startup.HostConfig.deployDirectory 웹 애플리케이션 디렉토리 [C:\apache-tomcat-10.0.22\webapps\manager]에 대한 배치가 [79] 밀리초에 완료되었습니다.
07-Sep-2022 09:46:52.695 INFO [main] org.apache.catalina.startup.HostConfig.deployDirectory 웹 애플리케이션 디렉토리 [C:\apache-tomcat-10.0.22\webapps\test]을(를) 배치합니다.
07-Sep-2022 09:46:52.741 INFO [main] org.apache.jasper.servlet.TldScanner.scanJars 적어도 하나의 JAR가 TLD들을 찾기 위해 스캔되었으나 아무 것도 찾지 못했습니다. 스캔했으나 TLD가 없는 JAR들의 전체 목록을 보시려면, 로그 레벨을 디버그 레벨로 설정하십시오. 스캔 과정에서 불필요한 JAR들을 건너뛰면, 시스템 시작 시간과 JSP 컴파일 시간을 단축시킬 수 있습니다.
07-Sep-2022 09:46:52.741 INFO [main] org.apache.catalina.startup.HostConfig.deployDirectory 웹 애플리케이션 디렉토리 [C:\apache-tomcat-10.0.22\webapps\test]에 대한 배치가 [46] 밀리초에 완료되었습니다.
07-Sep-2022 09:46:52.759 INFO [main] org.apache.coyote.AbstractProtocol.start 프로토콜 핸들러 ["http-nio-3210"]을(를) 시작합니다.
07-Sep-2022 09:46:52.806 INFO [main] org.apache.catalina.startup.Catalina.start 서버가 [1983] 밀리초 내에 시작되었습니다.
07-Sep-2022 09:48:18.101 INFO [Thread-3] org.apache.coyote.AbstractProtocol.pause 프로토콜 핸들러 ["http-nio-3210"]을(를) 일시 정지 중
07-Sep-2022 09:48:18.117 INFO [Thread-3] org.apache.catalina.core.StandardService.stopInternal 서비스 [Catalina]을(를) 중지시킵니다.
07-Sep-2022 09:48:18.148 INFO [Thread-3] org.apache.coyote.AbstractProtocol.stop 프로토콜 핸들러 ["http-nio-3210"]을(를) 중지시킵니다.
07-Sep-2022 09:48:18.165 INFO [Thread-3] org.apache.coyote.AbstractProtocol.destroy 프로토콜 핸들러 ["http-nio-3210"]을(를) 소멸시킵니다.

2022-09-07 09:48:20 Apache Commons Daemon procrun stderr initialized.
07-Sep-2022 09:48:20.757 INFO [main] org.apache.catalina.startup.VersionLoggerListener.log 서버 버전 이름:    Apache Tomcat/10.0.22
07-Sep-2022 09:48:20.768 INFO [main] org.apache.catalina.startup.VersionLoggerListener.log Server 빌드 시각:  Jun 2 2022 16:53:56 UTC
07-Sep-2022 09:48:20.768 INFO [main] org.apache.catalina.startup.VersionLoggerListener.log Server 버전 번호:  10.0.22.0
07-Sep-2022 09:48:20.768 INFO [main] org.apache.catalina.startup.VersionLoggerListener.log 운영체제 이름:     Windows 10
07-Sep-2022 09:48:20.769 INFO [main] org.apache.catalina.startup.VersionLoggerListener.log 운영체제 버전:     10.0
07-Sep-2022 09:48:20.769 INFO [main] org.apache.catalina.startup.VersionLoggerListener.log 아키텍처:          amd64
07-Sep-2022 09:48:20.769 INFO [main] org.apache.catalina.startup.VersionLoggerListener.log 자바 홈:           C:\jdk-18.0.2.1
07-Sep-2022 09:48:20.769 INFO [main] org.apache.catalina.startup.VersionLoggerListener.log JVM 버전:          18.0.2.1+1-1
07-Sep-2022 09:48:20.769 INFO [main] org.apache.catalina.startup.VersionLoggerListener.log JVM 벤더:          Oracle Corporation
07-Sep-2022 09:48:20.769 INFO [main] org.apache.catalina.startup.VersionLoggerListener.log CATALINA_BASE:     C:\apache-tomcat-10.0.22
07-Sep-2022 09:48:20.769 INFO [main] org.apache.catalina.startup.VersionLoggerListener.log CATALINA_HOME:     C:\apache-tomcat-10.0.22
07-Sep-2022 09:48:20.781 INFO [main] org.apache.catalina.startup.VersionLoggerListener.log 명령 행 아규먼트:  -Dcatalina.home=C:\apache-tomcat-10.0.22
07-Sep-2022 09:48:20.781 INFO [main] org.apache.catalina.startup.VersionLoggerListener.log 명령 행 아규먼트:  -Dcatalina.base=C:\apache-tomcat-10.0.22
07-Sep-2022 09:48:20.781 INFO [main] org.apache.catalina.startup.VersionLoggerListener.log 명령 행 아규먼트:  -Dignore.endorsed.dirs=C:\apache-tomcat-10.0.22\endorsed
07-Sep-2022 09:48:20.781 INFO [main] org.apache.catalina.startup.VersionLoggerListener.log 명령 행 아규먼트:  -Djava.io.tmpdir=C:\apache-tomcat-10.0.22\temp
07-Sep-2022 09:48:20.781 INFO [main] org.apache.catalina.startup.VersionLoggerListener.log 명령 행 아규먼트:  -Djava.util.logging.manager=org.apache.juli.ClassLoaderLogManager
07-Sep-2022 09:48:20.781 INFO [main] org.apache.catalina.startup.VersionLoggerListener.log 명령 행 아규먼트:  -Djava.util.logging.config.file=C:\apache-tomcat-10.0.22\conf\logging.properties
07-Sep-2022 09:48:20.781 INFO [main] org.apache.catalina.startup.VersionLoggerListener.log 명령 행 아규먼트:  --add-opens=java.base/java.lang=ALL-UNNAMED
07-Sep-2022 09:48:20.781 INFO [main] org.apache.catalina.startup.VersionLoggerListener.log 명령 행 아규먼트:  --add-opens=java.base/java.io=ALL-UNNAMED
07-Sep-2022 09:48:20.781 INFO [main] org.apache.catalina.startup.VersionLoggerListener.log 명령 행 아규먼트:  --add-opens=java.base/java.util=ALL-UNNAMED
07-Sep-2022 09:48:20.781 INFO [main] org.apache.catalina.startup.VersionLoggerListener.log 명령 행 아규먼트:  --add-opens=java.base/java.util.concurrent=ALL-UNNAMED
07-Sep-2022 09:48:20.781 INFO [main] org.apache.catalina.startup.VersionLoggerListener.log 명령 행 아규먼트:  --add-opens=java.rmi/sun.rmi.transport=ALL-UNNAMED
07-Sep-2022 09:48:20.781 INFO [main] org.apache.catalina.startup.VersionLoggerListener.log 명령 행 아규먼트:  exit
07-Sep-2022 09:48:20.781 INFO [main] org.apache.catalina.startup.VersionLoggerListener.log 명령 행 아규먼트:  abort
07-Sep-2022 09:48:20.781 INFO [main] org.apache.catalina.startup.VersionLoggerListener.log 명령 행 아규먼트:  -Xms128m
07-Sep-2022 09:48:20.781 INFO [main] org.apache.catalina.startup.VersionLoggerListener.log 명령 행 아규먼트:  -Xmx256m
07-Sep-2022 09:48:20.788 INFO [main] org.apache.catalina.core.AprLifecycleListener.lifecycleEvent APR 버전 [1.7.0]을(를) 사용한, APR 기반 Apache Tomcat Native 라이브러리 [1.2.33]을(를) 로드했습니다.
07-Sep-2022 09:48:20.788 INFO [main] org.apache.catalina.core.AprLifecycleListener.lifecycleEvent APR 용량정보들: IPv6 [true], sendfile [true], accept filters [false], random [true], UDS [true].
07-Sep-2022 09:48:20.788 INFO [main] org.apache.catalina.core.AprLifecycleListener.initializeSSL OpenSSL이 성공적으로 초기화되었습니다: [OpenSSL 1.1.1o  3 May 2022]
07-Sep-2022 09:48:21.116 INFO [main] org.apache.coyote.AbstractProtocol.init 프로토콜 핸들러 ["http-nio-3210"]을(를) 초기화합니다.
07-Sep-2022 09:48:21.148 INFO [main] org.apache.catalina.startup.Catalina.load [685] 밀리초 내에 서버가 초기화되었습니다.
07-Sep-2022 09:48:21.195 INFO [main] org.apache.catalina.core.StandardService.startInternal 서비스 [Catalina]을(를) 시작합니다.
07-Sep-2022 09:48:21.195 INFO [main] org.apache.catalina.core.StandardEngine.startInternal 서버 엔진을 시작합니다: [Apache Tomcat/10.0.22]
07-Sep-2022 09:48:21.866 INFO [main] org.apache.jasper.servlet.TldScanner.scanJars 적어도 하나의 JAR가 TLD들을 찾기 위해 스캔되었으나 아무 것도 찾지 못했습니다. 스캔했으나 TLD가 없는 JAR들의 전체 목록을 보시려면, 로그 레벨을 디버그 레벨로 설정하십시오. 스캔 과정에서 불필요한 JAR들을 건너뛰면, 시스템 시작 시간과 JSP 컴파일 시간을 단축시킬 수 있습니다.
07-Sep-2022 09:48:22.007 INFO [main] org.apache.jasper.servlet.TldScanner.scanJars 적어도 하나의 JAR가 TLD들을 찾기 위해 스캔되었으나 아무 것도 찾지 못했습니다. 스캔했으나 TLD가 없는 JAR들의 전체 목록을 보시려면, 로그 레벨을 디버그 레벨로 설정하십시오. 스캔 과정에서 불필요한 JAR들을 건너뛰면, 시스템 시작 시간과 JSP 컴파일 시간을 단축시킬 수 있습니다.
07-Sep-2022 09:48:22.007 INFO [main] org.apache.catalina.startup.HostConfig.deployDirectory 웹 애플리케이션 디렉토리 [C:\apache-tomcat-10.0.22\webapps\BBS]을(를) 배치합니다.
07-Sep-2022 09:48:22.335 INFO [main] org.apache.jasper.servlet.TldScanner.scanJars 적어도 하나의 JAR가 TLD들을 찾기 위해 스캔되었으나 아무 것도 찾지 못했습니다. 스캔했으나 TLD가 없는 JAR들의 전체 목록을 보시려면, 로그 레벨을 디버그 레벨로 설정하십시오. 스캔 과정에서 불필요한 JAR들을 건너뛰면, 시스템 시작 시간과 JSP 컴파일 시간을 단축시킬 수 있습니다.
07-Sep-2022 09:48:22.351 INFO [main] org.apache.catalina.startup.HostConfig.deployDirectory 웹 애플리케이션 디렉토리 [C:\apache-tomcat-10.0.22\webapps\BBS]에 대한 배치가 [328] 밀리초에 완료되었습니다.
07-Sep-2022 09:48:22.351 INFO [main] org.apache.catalina.startup.HostConfig.deployDirectory 웹 애플리케이션 디렉토리 [C:\apache-tomcat-10.0.22\webapps\docs]을(를) 배치합니다.
07-Sep-2022 09:48:22.398 INFO [main] org.apache.jasper.servlet.TldScanner.scanJars 적어도 하나의 JAR가 TLD들을 찾기 위해 스캔되었으나 아무 것도 찾지 못했습니다. 스캔했으나 TLD가 없는 JAR들의 전체 목록을 보시려면, 로그 레벨을 디버그 레벨로 설정하십시오. 스캔 과정에서 불필요한 JAR들을 건너뛰면, 시스템 시작 시간과 JSP 컴파일 시간을 단축시킬 수 있습니다.
07-Sep-2022 09:48:22.413 INFO [main] org.apache.catalina.startup.HostConfig.deployDirectory 웹 애플리케이션 디렉토리 [C:\apache-tomcat-10.0.22\webapps\docs]에 대한 배치가 [47] 밀리초에 완료되었습니다.
07-Sep-2022 09:48:22.413 INFO [main] org.apache.catalina.startup.HostConfig.deployDirectory 웹 애플리케이션 디렉토리 [C:\apache-tomcat-10.0.22\webapps\examples]을(를) 배치합니다.
07-Sep-2022 09:48:22.804 INFO [main] org.apache.jasper.servlet.TldScanner.scanJars 적어도 하나의 JAR가 TLD들을 찾기 위해 스캔되었으나 아무 것도 찾지 못했습니다. 스캔했으나 TLD가 없는 JAR들의 전체 목록을 보시려면, 로그 레벨을 디버그 레벨로 설정하십시오. 스캔 과정에서 불필요한 JAR들을 건너뛰면, 시스템 시작 시간과 JSP 컴파일 시간을 단축시킬 수 있습니다.
07-Sep-2022 09:48:22.882 INFO [main] org.apache.catalina.startup.HostConfig.deployDirectory 웹 애플리케이션 디렉토리 [C:\apache-tomcat-10.0.22\webapps\examples]에 대한 배치가 [469] 밀리초에 완료되었습니다.
07-Sep-2022 09:48:22.882 INFO [main] org.apache.catalina.startup.HostConfig.deployDirectory 웹 애플리케이션 디렉토리 [C:\apache-tomcat-10.0.22\webapps\host-manager]을(를) 배치합니다.
07-Sep-2022 09:48:22.945 INFO [main] org.apache.jasper.servlet.TldScanner.scanJars 적어도 하나의 JAR가 TLD들을 찾기 위해 스캔되었으나 아무 것도 찾지 못했습니다. 스캔했으나 TLD가 없는 JAR들의 전체 목록을 보시려면, 로그 레벨을 디버그 레벨로 설정하십시오. 스캔 과정에서 불필요한 JAR들을 건너뛰면, 시스템 시작 시간과 JSP 컴파일 시간을 단축시킬 수 있습니다.
07-Sep-2022 09:48:22.945 INFO [main] org.apache.catalina.startup.HostConfig.deployDirectory 웹 애플리케이션 디렉토리 [C:\apache-tomcat-10.0.22\webapps\host-manager]에 대한 배치가 [63] 밀리초에 완료되었습니다.
07-Sep-2022 09:48:22.945 INFO [main] org.apache.catalina.startup.HostConfig.deployDirectory 웹 애플리케이션 디렉토리 [C:\apache-tomcat-10.0.22\webapps\manager]을(를) 배치합니다.
07-Sep-2022 09:48:23.007 INFO [main] org.apache.jasper.servlet.TldScanner.scanJars 적어도 하나의 JAR가 TLD들을 찾기 위해 스캔되었으나 아무 것도 찾지 못했습니다. 스캔했으나 TLD가 없는 JAR들의 전체 목록을 보시려면, 로그 레벨을 디버그 레벨로 설정하십시오. 스캔 과정에서 불필요한 JAR들을 건너뛰면, 시스템 시작 시간과 JSP 컴파일 시간을 단축시킬 수 있습니다.
07-Sep-2022 09:48:23.023 INFO [main] org.apache.catalina.startup.HostConfig.deployDirectory 웹 애플리케이션 디렉토리 [C:\apache-tomcat-10.0.22\webapps\manager]에 대한 배치가 [78] 밀리초에 완료되었습니다.
07-Sep-2022 09:48:23.023 INFO [main] org.apache.catalina.startup.HostConfig.deployDirectory 웹 애플리케이션 디렉토리 [C:\apache-tomcat-10.0.22\webapps\test]을(를) 배치합니다.
07-Sep-2022 09:48:23.054 INFO [main] org.apache.jasper.servlet.TldScanner.scanJars 적어도 하나의 JAR가 TLD들을 찾기 위해 스캔되었으나 아무 것도 찾지 못했습니다. 스캔했으나 TLD가 없는 JAR들의 전체 목록을 보시려면, 로그 레벨을 디버그 레벨로 설정하십시오. 스캔 과정에서 불필요한 JAR들을 건너뛰면, 시스템 시작 시간과 JSP 컴파일 시간을 단축시킬 수 있습니다.
07-Sep-2022 09:48:23.054 INFO [main] org.apache.catalina.startup.HostConfig.deployDirectory 웹 애플리케이션 디렉토리 [C:\apache-tomcat-10.0.22\webapps\test]에 대한 배치가 [31] 밀리초에 완료되었습니다.
07-Sep-2022 09:48:23.073 INFO [main] org.apache.coyote.AbstractProtocol.start 프로토콜 핸들러 ["http-nio-3210"]을(를) 시작합니다.
07-Sep-2022 09:48:23.132 INFO [main] org.apache.catalina.startup.Catalina.start 서버가 [1982] 밀리초 내에 시작되었습니다.
12-Sep-2022 02:59:02.931 INFO [http-nio-3210-exec-8] org.apache.coyote.http11.Http11Processor.service HTTP 요청 헤더를 파싱하는 중 오류 발생
 비고: HTTP 요청 파싱 오류들이 더 발생하는 경우 DEBUG 레벨 로그로 기록될 것입니다.
	java.lang.IllegalArgumentException: 메소드 이름에 유효하지 않은 문자가 발견되었습니다. HTTP 메소드 이름은 유효한 토큰이어야 합니다.
		at org.apache.coyote.http11.Http11InputBuffer.parseRequestLine(Http11InputBuffer.java:419)
		at org.apache.coyote.http11.Http11Processor.service(Http11Processor.java:271)
		at org.apache.coyote.AbstractProcessorLight.process(AbstractProcessorLight.java:65)
		at org.apache.coyote.AbstractProtocol$ConnectionHandler.process(AbstractProtocol.java:867)
		at org.apache.tomcat.util.net.NioEndpoint$SocketProcessor.doRun(NioEndpoint.java:1760)
		at org.apache.tomcat.util.net.SocketProcessorBase.run(SocketProcessorBase.java:49)
		at org.apache.tomcat.util.threads.ThreadPoolExecutor.runWorker(ThreadPoolExecutor.java:1191)
		at org.apache.tomcat.util.threads.ThreadPoolExecutor$Worker.run(ThreadPoolExecutor.java:659)
		at org.apache.tomcat.util.threads.TaskThread$WrappingRunnable.run(TaskThread.java:61)
		at java.base/java.lang.Thread.run(Thread.java:833)
15-Sep-2022 19:15:47.767 INFO [Thread-3] org.apache.coyote.AbstractProtocol.pause 프로토콜 핸들러 ["http-nio-3210"]을(를) 일시 정지 중
15-Sep-2022 19:15:47.986 INFO [Thread-3] org.apache.catalina.core.StandardService.stopInternal 서비스 [Catalina]을(를) 중지시킵니다.
15-Sep-2022 19:15:48.704 WARNING [Thread-3] org.apache.catalina.loader.WebappClassLoaderBase.clearReferencesJdbc 웹 애플리케이션 [ROOT]이(가) JDBC 드라이버 [org.mariadb.jdbc.Driver]을(를) 등록했지만, 웹 애플리케이션이 중지될 때, 해당 JDBC 드라이버의 등록을 제거하지 못했습니다. 메모리 누수를 방지하기 위하여, 등록을 강제로 제거했습니다.
15-Sep-2022 19:15:49.263 INFO [Thread-3] org.apache.coyote.AbstractProtocol.stop 프로토콜 핸들러 ["http-nio-3210"]을(를) 중지시킵니다.
15-Sep-2022 19:15:49.457 INFO [Thread-3] org.apache.coyote.AbstractProtocol.destroy 프로토콜 핸들러 ["http-nio-3210"]을(를) 소멸시킵니다.
